{"/Users/eyalazimov/WebstormProjects/SemesterPlanner-Server/__test__/helper/app.js": {"path":"/Users/eyalazimov/WebstormProjects/SemesterPlanner-Server/__test__/helper/app.js","statementMap":{"0":{"start":{"line":2,"column":18},"end":{"line":2,"column":38}},"1":{"start":{"line":3,"column":12},"end":{"line":3,"column":39}},"2":{"start":{"line":4,"column":21},"end":{"line":4,"column":48}},"3":{"start":{"line":5,"column":16},"end":{"line":5,"column":30}},"4":{"start":{"line":6,"column":15},"end":{"line":6,"column":32}},"5":{"start":{"line":10,"column":0},"end":{"line":10,"column":36}}},"fnMap":{},"branchMap":{},"s":{"0":2,"1":2,"2":2,"3":2,"4":2,"5":2},"f":{},"b":{},"_coverageSchema":"1a1c01bbd47fc00a2c39e90264f33305004495a9","hash":"64a23f2848fc69acc4ae5ae71a98e071918bb42c"}
,"/Users/eyalazimov/WebstormProjects/SemesterPlanner-Server/__test__/helper/db-handler.js": {"path":"/Users/eyalazimov/WebstormProjects/SemesterPlanner-Server/__test__/helper/db-handler.js","statementMap":{"0":{"start":{"line":1,"column":17},"end":{"line":1,"column":36}},"1":{"start":{"line":2,"column":30},"end":{"line":2,"column":62}},"2":{"start":{"line":8,"column":0},"end":{"line":18,"column":1}},"3":{"start":{"line":9,"column":4},"end":{"line":9,"column":46}},"4":{"start":{"line":10,"column":16},"end":{"line":10,"column":31}},"5":{"start":{"line":12,"column":25},"end":{"line":15,"column":5}},"6":{"start":{"line":17,"column":4},"end":{"line":17,"column":46}},"7":{"start":{"line":23,"column":0},"end":{"line":27,"column":1}},"8":{"start":{"line":24,"column":4},"end":{"line":24,"column":45}},"9":{"start":{"line":25,"column":4},"end":{"line":25,"column":38}},"10":{"start":{"line":26,"column":4},"end":{"line":26,"column":24}},"11":{"start":{"line":32,"column":0},"end":{"line":39,"column":1}},"12":{"start":{"line":33,"column":24},"end":{"line":33,"column":55}},"13":{"start":{"line":35,"column":4},"end":{"line":38,"column":5}},"14":{"start":{"line":36,"column":27},"end":{"line":36,"column":43}},"15":{"start":{"line":37,"column":8},"end":{"line":37,"column":38}}},"fnMap":{"0":{"name":"(anonymous_0)","decl":{"start":{"line":8,"column":25},"end":{"line":8,"column":26}},"loc":{"start":{"line":8,"column":37},"end":{"line":18,"column":1}},"line":8},"1":{"name":"(anonymous_1)","decl":{"start":{"line":23,"column":31},"end":{"line":23,"column":32}},"loc":{"start":{"line":23,"column":43},"end":{"line":27,"column":1}},"line":23},"2":{"name":"(anonymous_2)","decl":{"start":{"line":32,"column":31},"end":{"line":32,"column":32}},"loc":{"start":{"line":32,"column":43},"end":{"line":39,"column":1}},"line":32}},"branchMap":{},"s":{"0":2,"1":2,"2":2,"3":2,"4":2,"5":2,"6":2,"7":2,"8":2,"9":2,"10":2,"11":2,"12":2,"13":2,"14":12,"15":12},"f":{"0":2,"1":2,"2":2},"b":{},"_coverageSchema":"1a1c01bbd47fc00a2c39e90264f33305004495a9","hash":"6b531453dd03bc5293c607bb130b90134e6ffbca"}
,"/Users/eyalazimov/WebstormProjects/SemesterPlanner-Server/__test__/helper/room_test_data.js": {"path":"/Users/eyalazimov/WebstormProjects/SemesterPlanner-Server/__test__/helper/room_test_data.js","statementMap":{"0":{"start":{"line":1,"column":17},"end":{"line":8,"column":1}},"1":{"start":{"line":11,"column":0},"end":{"line":11,"column":30}}},"fnMap":{},"branchMap":{},"s":{"0":2,"1":2},"f":{},"b":{},"_coverageSchema":"1a1c01bbd47fc00a2c39e90264f33305004495a9","hash":"26c7a412823e9c82469d3e1c71a94e6b42b15226"}
,"/Users/eyalazimov/WebstormProjects/SemesterPlanner-Server/src/server.js": {"path":"/Users/eyalazimov/WebstormProjects/SemesterPlanner-Server/src/server.js","statementMap":{"0":{"start":{"line":1,"column":16},"end":{"line":1,"column":34}},"1":{"start":{"line":2,"column":13},"end":{"line":2,"column":28}},"2":{"start":{"line":3,"column":17},"end":{"line":3,"column":39}},"3":{"start":{"line":4,"column":17},"end":{"line":4,"column":36}},"4":{"start":{"line":7,"column":0},"end":{"line":7,"column":27}},"5":{"start":{"line":9,"column":12},"end":{"line":9,"column":21}},"6":{"start":{"line":10,"column":13},"end":{"line":10,"column":37}},"7":{"start":{"line":13,"column":0},"end":{"line":15,"column":1}},"8":{"start":{"line":14,"column":2},"end":{"line":14,"column":75}},"9":{"start":{"line":14,"column":34},"end":{"line":14,"column":74}},"10":{"start":{"line":17,"column":9},"end":{"line":22,"column":2}},"11":{"start":{"line":23,"column":0},"end":{"line":23,"column":24}},"12":{"start":{"line":26,"column":0},"end":{"line":26,"column":16}},"13":{"start":{"line":27,"column":0},"end":{"line":27,"column":24}},"14":{"start":{"line":28,"column":0},"end":{"line":30,"column":4}},"15":{"start":{"line":33,"column":12},"end":{"line":33,"column":33}},"16":{"start":{"line":34,"column":0},"end":{"line":46,"column":1}},"17":{"start":{"line":35,"column":2},"end":{"line":38,"column":5}},"18":{"start":{"line":39,"column":21},"end":{"line":39,"column":40}},"19":{"start":{"line":40,"column":2},"end":{"line":42,"column":4}},"20":{"start":{"line":41,"column":4},"end":{"line":41,"column":71}},"21":{"start":{"line":45,"column":2},"end":{"line":45,"column":70}},"22":{"start":{"line":49,"column":23},"end":{"line":49,"column":53}},"23":{"start":{"line":50,"column":20},"end":{"line":50,"column":48}},"24":{"start":{"line":51,"column":19},"end":{"line":51,"column":46}},"25":{"start":{"line":52,"column":21},"end":{"line":52,"column":50}},"26":{"start":{"line":53,"column":22},"end":{"line":53,"column":52}},"27":{"start":{"line":54,"column":21},"end":{"line":54,"column":50}},"28":{"start":{"line":56,"column":0},"end":{"line":56,"column":36}},"29":{"start":{"line":57,"column":0},"end":{"line":57,"column":31}},"30":{"start":{"line":58,"column":0},"end":{"line":58,"column":29}},"31":{"start":{"line":59,"column":0},"end":{"line":59,"column":33}},"32":{"start":{"line":60,"column":0},"end":{"line":60,"column":35}},"33":{"start":{"line":61,"column":0},"end":{"line":61,"column":33}},"34":{"start":{"line":64,"column":0},"end":{"line":69,"column":3}},"35":{"start":{"line":65,"column":2},"end":{"line":68,"column":5}},"36":{"start":{"line":66,"column":4},"end":{"line":66,"column":22}},"37":{"start":{"line":67,"column":4},"end":{"line":67,"column":38}},"38":{"start":{"line":72,"column":0},"end":{"line":76,"column":3}},"39":{"start":{"line":73,"column":2},"end":{"line":73,"column":39}},"40":{"start":{"line":75,"column":2},"end":{"line":75,"column":38}},"41":{"start":{"line":75,"column":21},"end":{"line":75,"column":36}},"42":{"start":{"line":78,"column":0},"end":{"line":78,"column":21}}},"fnMap":{"0":{"name":"(anonymous_0)","decl":{"start":{"line":14,"column":28},"end":{"line":14,"column":29}},"loc":{"start":{"line":14,"column":34},"end":{"line":14,"column":74}},"line":14},"1":{"name":"(anonymous_1)","decl":{"start":{"line":40,"column":26},"end":{"line":40,"column":27}},"loc":{"start":{"line":40,"column":32},"end":{"line":42,"column":3}},"line":40},"2":{"name":"(anonymous_2)","decl":{"start":{"line":64,"column":28},"end":{"line":64,"column":29}},"loc":{"start":{"line":64,"column":46},"end":{"line":69,"column":1}},"line":64},"3":{"name":"(anonymous_3)","decl":{"start":{"line":65,"column":22},"end":{"line":65,"column":23}},"loc":{"start":{"line":65,"column":38},"end":{"line":68,"column":3}},"line":65},"4":{"name":"(anonymous_4)","decl":{"start":{"line":72,"column":33},"end":{"line":72,"column":34}},"loc":{"start":{"line":72,"column":51},"end":{"line":76,"column":1}},"line":72},"5":{"name":"(anonymous_5)","decl":{"start":{"line":75,"column":15},"end":{"line":75,"column":16}},"loc":{"start":{"line":75,"column":21},"end":{"line":75,"column":36}},"line":75}},"branchMap":{"0":{"loc":{"start":{"line":10,"column":13},"end":{"line":10,"column":37}},"type":"binary-expr","locations":[{"start":{"line":10,"column":13},"end":{"line":10,"column":29}},{"start":{"line":10,"column":33},"end":{"line":10,"column":37}}],"line":10},"1":{"loc":{"start":{"line":13,"column":0},"end":{"line":15,"column":1}},"type":"if","locations":[{"start":{"line":13,"column":0},"end":{"line":15,"column":1}},{"start":{},"end":{}}],"line":13},"2":{"loc":{"start":{"line":34,"column":0},"end":{"line":46,"column":1}},"type":"if","locations":[{"start":{"line":34,"column":0},"end":{"line":46,"column":1}},{"start":{"line":44,"column":5},"end":{"line":46,"column":1}}],"line":34}},"s":{"0":2,"1":2,"2":2,"3":2,"4":2,"5":2,"6":2,"7":2,"8":0,"9":0,"10":2,"11":2,"12":2,"13":2,"14":2,"15":2,"16":2,"17":0,"18":0,"19":0,"20":0,"21":2,"22":2,"23":2,"24":2,"25":2,"26":2,"27":2,"28":2,"29":2,"30":2,"31":2,"32":2,"33":2,"34":2,"35":0,"36":0,"37":0,"38":2,"39":0,"40":0,"41":0,"42":2},"f":{"0":0,"1":0,"2":0,"3":0,"4":0,"5":0},"b":{"0":[2,2],"1":[0,2],"2":[0,2]},"_coverageSchema":"1a1c01bbd47fc00a2c39e90264f33305004495a9","hash":"925219aac4e03e2fe000636207bb54f5c9d2b1bf"}
,"/Users/eyalazimov/WebstormProjects/SemesterPlanner-Server/src/factory/courseNotesFactory.js": {"path":"/Users/eyalazimov/WebstormProjects/SemesterPlanner-Server/src/factory/courseNotesFactory.js","statementMap":{"0":{"start":{"line":1,"column":20},"end":{"line":1,"column":58}},"1":{"start":{"line":2,"column":23},"end":{"line":2,"column":38}},"2":{"start":{"line":5,"column":25},"end":{"line":5,"column":33}},"3":{"start":{"line":6,"column":4},"end":{"line":17,"column":6}},"4":{"start":{"line":20,"column":0},"end":{"line":20,"column":35}}},"fnMap":{"0":{"name":"createCourseNotes","decl":{"start":{"line":4,"column":9},"end":{"line":4,"column":26}},"loc":{"start":{"line":4,"column":33},"end":{"line":18,"column":1}},"line":4}},"branchMap":{},"s":{"0":2,"1":2,"2":0,"3":0,"4":2},"f":{"0":0},"b":{},"_coverageSchema":"1a1c01bbd47fc00a2c39e90264f33305004495a9","hash":"61c671ebf737c31e192080fe11275f8c792dfa5f"}
,"/Users/eyalazimov/WebstormProjects/SemesterPlanner-Server/src/factory/eventFactory.js": {"path":"/Users/eyalazimov/WebstormProjects/SemesterPlanner-Server/src/factory/eventFactory.js","statementMap":{"0":{"start":{"line":1,"column":14},"end":{"line":1,"column":46}},"1":{"start":{"line":2,"column":23},"end":{"line":2,"column":38}},"2":{"start":{"line":5,"column":20},"end":{"line":5,"column":28}},"3":{"start":{"line":6,"column":21},"end":{"line":6,"column":34}},"4":{"start":{"line":7,"column":24},"end":{"line":7,"column":40}},"5":{"start":{"line":8,"column":24},"end":{"line":8,"column":40}},"6":{"start":{"line":9,"column":17},"end":{"line":9,"column":26}},"7":{"start":{"line":10,"column":22},"end":{"line":10,"column":36}},"8":{"start":{"line":11,"column":20},"end":{"line":11,"column":32}},"9":{"start":{"line":12,"column":22},"end":{"line":12,"column":36}},"10":{"start":{"line":13,"column":20},"end":{"line":13,"column":32}},"11":{"start":{"line":14,"column":23},"end":{"line":14,"column":38}},"12":{"start":{"line":15,"column":18},"end":{"line":15,"column":28}},"13":{"start":{"line":16,"column":4},"end":{"line":28,"column":6}},"14":{"start":{"line":31,"column":0},"end":{"line":31,"column":33}}},"fnMap":{"0":{"name":"createEvent","decl":{"start":{"line":4,"column":9},"end":{"line":4,"column":20}},"loc":{"start":{"line":4,"column":27},"end":{"line":29,"column":1}},"line":4}},"branchMap":{},"s":{"0":2,"1":2,"2":0,"3":0,"4":0,"5":0,"6":0,"7":0,"8":0,"9":0,"10":0,"11":0,"12":0,"13":0,"14":2},"f":{"0":0},"b":{},"_coverageSchema":"1a1c01bbd47fc00a2c39e90264f33305004495a9","hash":"d9829e38264216a374e673d64a6866e381777be8"}
,"/Users/eyalazimov/WebstormProjects/SemesterPlanner-Server/src/factory/friendRequestFactory.js": {"path":"/Users/eyalazimov/WebstormProjects/SemesterPlanner-Server/src/factory/friendRequestFactory.js","statementMap":{"0":{"start":{"line":1,"column":22},"end":{"line":1,"column":62}},"1":{"start":{"line":4,"column":4},"end":{"line":7,"column":6}},"2":{"start":{"line":10,"column":0},"end":{"line":10,"column":37}}},"fnMap":{"0":{"name":"createFriendRequest","decl":{"start":{"line":3,"column":9},"end":{"line":3,"column":28}},"loc":{"start":{"line":3,"column":35},"end":{"line":8,"column":1}},"line":3}},"branchMap":{},"s":{"0":2,"1":0,"2":2},"f":{"0":0},"b":{},"_coverageSchema":"1a1c01bbd47fc00a2c39e90264f33305004495a9","hash":"d3888249433946597ca02a0a804ec44b6ac9fa47"}
,"/Users/eyalazimov/WebstormProjects/SemesterPlanner-Server/src/factory/messageFactory.js": {"path":"/Users/eyalazimov/WebstormProjects/SemesterPlanner-Server/src/factory/messageFactory.js","statementMap":{"0":{"start":{"line":1,"column":16},"end":{"line":1,"column":50}},"1":{"start":{"line":2,"column":23},"end":{"line":2,"column":38}},"2":{"start":{"line":5,"column":22},"end":{"line":5,"column":30}},"3":{"start":{"line":6,"column":4},"end":{"line":12,"column":6}},"4":{"start":{"line":15,"column":0},"end":{"line":15,"column":31}}},"fnMap":{"0":{"name":"createMessage","decl":{"start":{"line":4,"column":9},"end":{"line":4,"column":22}},"loc":{"start":{"line":4,"column":29},"end":{"line":13,"column":1}},"line":4}},"branchMap":{},"s":{"0":2,"1":2,"2":0,"3":0,"4":2},"f":{"0":0},"b":{},"_coverageSchema":"1a1c01bbd47fc00a2c39e90264f33305004495a9","hash":"b26137317b6baaaf832da76d928769e833460554"}
,"/Users/eyalazimov/WebstormProjects/SemesterPlanner-Server/src/factory/roomFactory.js": {"path":"/Users/eyalazimov/WebstormProjects/SemesterPlanner-Server/src/factory/roomFactory.js","statementMap":{"0":{"start":{"line":1,"column":18},"end":{"line":1,"column":54}},"1":{"start":{"line":2,"column":23},"end":{"line":2,"column":38}},"2":{"start":{"line":5,"column":24},"end":{"line":5,"column":32}},"3":{"start":{"line":6,"column":18},"end":{"line":6,"column":28}},"4":{"start":{"line":7,"column":18},"end":{"line":7,"column":28}},"5":{"start":{"line":8,"column":24},"end":{"line":8,"column":40}},"6":{"start":{"line":9,"column":18},"end":{"line":9,"column":28}},"7":{"start":{"line":10,"column":19},"end":{"line":10,"column":34}},"8":{"start":{"line":11,"column":25},"end":{"line":11,"column":42}},"9":{"start":{"line":12,"column":4},"end":{"line":20,"column":6}},"10":{"start":{"line":22,"column":0},"end":{"line":22,"column":37}}},"fnMap":{"0":{"name":"createStudyRoom","decl":{"start":{"line":4,"column":9},"end":{"line":4,"column":24}},"loc":{"start":{"line":4,"column":31},"end":{"line":21,"column":1}},"line":4}},"branchMap":{},"s":{"0":2,"1":2,"2":1,"3":1,"4":1,"5":1,"6":1,"7":1,"8":1,"9":1,"10":2},"f":{"0":1},"b":{},"_coverageSchema":"1a1c01bbd47fc00a2c39e90264f33305004495a9","hash":"47f198833d5578b7cd6671f43ab9bf1549fef820"}
,"/Users/eyalazimov/WebstormProjects/SemesterPlanner-Server/src/factory/studentFactory.js": {"path":"/Users/eyalazimov/WebstormProjects/SemesterPlanner-Server/src/factory/studentFactory.js","statementMap":{"0":{"start":{"line":1,"column":16},"end":{"line":1,"column":50}},"1":{"start":{"line":2,"column":15},"end":{"line":2,"column":32}},"2":{"start":{"line":5,"column":27},"end":{"line":5,"column":63}},"3":{"start":{"line":6,"column":21},"end":{"line":6,"column":34}},"4":{"start":{"line":7,"column":18},"end":{"line":7,"column":28}},"5":{"start":{"line":8,"column":21},"end":{"line":8,"column":35}},"6":{"start":{"line":9,"column":20},"end":{"line":9,"column":32}},"7":{"start":{"line":10,"column":20},"end":{"line":10,"column":32}},"8":{"start":{"line":11,"column":27},"end":{"line":11,"column":46}},"9":{"start":{"line":12,"column":20},"end":{"line":12,"column":32}},"10":{"start":{"line":14,"column":4},"end":{"line":22,"column":6}},"11":{"start":{"line":25,"column":0},"end":{"line":25,"column":35}}},"fnMap":{"0":{"name":"createStudent","decl":{"start":{"line":4,"column":15},"end":{"line":4,"column":28}},"loc":{"start":{"line":4,"column":35},"end":{"line":23,"column":1}},"line":4}},"branchMap":{},"s":{"0":2,"1":2,"2":5,"3":5,"4":5,"5":5,"6":5,"7":5,"8":5,"9":5,"10":5,"11":2},"f":{"0":5},"b":{},"_coverageSchema":"1a1c01bbd47fc00a2c39e90264f33305004495a9","hash":"9c5d1e329c3de5e91b26bdf5c250849e69e13df9"}
,"/Users/eyalazimov/WebstormProjects/SemesterPlanner-Server/src/models/courseNotes.model.js": {"path":"/Users/eyalazimov/WebstormProjects/SemesterPlanner-Server/src/models/courseNotes.model.js","statementMap":{"0":{"start":{"line":1,"column":17},"end":{"line":1,"column":36}},"1":{"start":{"line":3,"column":15},"end":{"line":3,"column":30}},"2":{"start":{"line":5,"column":26},"end":{"line":18,"column":24}},"3":{"start":{"line":20,"column":20},"end":{"line":20,"column":68}},"4":{"start":{"line":22,"column":0},"end":{"line":22,"column":29}}},"fnMap":{},"branchMap":{},"s":{"0":2,"1":2,"2":2,"3":2,"4":2},"f":{},"b":{},"_coverageSchema":"1a1c01bbd47fc00a2c39e90264f33305004495a9","hash":"44f352847a6d96935b6b7da003c2603b0df7332a"}
,"/Users/eyalazimov/WebstormProjects/SemesterPlanner-Server/src/models/event.model.js": {"path":"/Users/eyalazimov/WebstormProjects/SemesterPlanner-Server/src/models/event.model.js","statementMap":{"0":{"start":{"line":1,"column":17},"end":{"line":1,"column":36}},"1":{"start":{"line":3,"column":15},"end":{"line":3,"column":30}},"2":{"start":{"line":5,"column":15},"end":{"line":10,"column":1}},"3":{"start":{"line":12,"column":24},"end":{"line":17,"column":1}},"4":{"start":{"line":19,"column":20},"end":{"line":33,"column":2}},"5":{"start":{"line":35,"column":14},"end":{"line":35,"column":50}},"6":{"start":{"line":37,"column":0},"end":{"line":37,"column":23}}},"fnMap":{},"branchMap":{},"s":{"0":2,"1":2,"2":2,"3":2,"4":2,"5":2,"6":2},"f":{},"b":{},"_coverageSchema":"1a1c01bbd47fc00a2c39e90264f33305004495a9","hash":"ce84a32c30cb8faa7dd5faaa235de54668ee7dd1"}
,"/Users/eyalazimov/WebstormProjects/SemesterPlanner-Server/src/models/friendRequest.model.js": {"path":"/Users/eyalazimov/WebstormProjects/SemesterPlanner-Server/src/models/friendRequest.model.js","statementMap":{"0":{"start":{"line":1,"column":17},"end":{"line":1,"column":36}},"1":{"start":{"line":3,"column":15},"end":{"line":3,"column":30}},"2":{"start":{"line":5,"column":28},"end":{"line":10,"column":2}},"3":{"start":{"line":12,"column":22},"end":{"line":12,"column":74}},"4":{"start":{"line":14,"column":0},"end":{"line":14,"column":31}}},"fnMap":{},"branchMap":{},"s":{"0":2,"1":2,"2":2,"3":2,"4":2},"f":{},"b":{},"_coverageSchema":"1a1c01bbd47fc00a2c39e90264f33305004495a9","hash":"353f3ab0898890aae83856fdaf1b38b482ad9905"}
,"/Users/eyalazimov/WebstormProjects/SemesterPlanner-Server/src/models/message.model.js": {"path":"/Users/eyalazimov/WebstormProjects/SemesterPlanner-Server/src/models/message.model.js","statementMap":{"0":{"start":{"line":1,"column":17},"end":{"line":1,"column":36}},"1":{"start":{"line":3,"column":15},"end":{"line":3,"column":30}},"2":{"start":{"line":5,"column":22},"end":{"line":13,"column":2}},"3":{"start":{"line":15,"column":16},"end":{"line":15,"column":56}},"4":{"start":{"line":17,"column":0},"end":{"line":17,"column":25}}},"fnMap":{},"branchMap":{},"s":{"0":2,"1":2,"2":2,"3":2,"4":2},"f":{},"b":{},"_coverageSchema":"1a1c01bbd47fc00a2c39e90264f33305004495a9","hash":"d3b7f0dcc6981ee5fd9e35f28f61a940d7bef64d"}
,"/Users/eyalazimov/WebstormProjects/SemesterPlanner-Server/src/models/student.model.js": {"path":"/Users/eyalazimov/WebstormProjects/SemesterPlanner-Server/src/models/student.model.js","statementMap":{"0":{"start":{"line":1,"column":17},"end":{"line":1,"column":36}},"1":{"start":{"line":3,"column":15},"end":{"line":3,"column":30}},"2":{"start":{"line":5,"column":22},"end":{"line":22,"column":2}},"3":{"start":{"line":24,"column":16},"end":{"line":24,"column":56}},"4":{"start":{"line":26,"column":0},"end":{"line":26,"column":25}}},"fnMap":{},"branchMap":{},"s":{"0":2,"1":2,"2":2,"3":2,"4":2},"f":{},"b":{},"_coverageSchema":"1a1c01bbd47fc00a2c39e90264f33305004495a9","hash":"1955805b6caf2ced1baee90a1f0a74c80b2c5911"}
,"/Users/eyalazimov/WebstormProjects/SemesterPlanner-Server/src/models/studyRoom.model.js": {"path":"/Users/eyalazimov/WebstormProjects/SemesterPlanner-Server/src/models/studyRoom.model.js","statementMap":{"0":{"start":{"line":1,"column":17},"end":{"line":1,"column":36}},"1":{"start":{"line":3,"column":15},"end":{"line":3,"column":30}},"2":{"start":{"line":5,"column":24},"end":{"line":15,"column":2}},"3":{"start":{"line":17,"column":18},"end":{"line":17,"column":62}},"4":{"start":{"line":19,"column":0},"end":{"line":19,"column":27}}},"fnMap":{},"branchMap":{},"s":{"0":2,"1":2,"2":2,"3":2,"4":2},"f":{},"b":{},"_coverageSchema":"1a1c01bbd47fc00a2c39e90264f33305004495a9","hash":"2016ca57fb019c8c67f24af7dbc0ec385eec4d41"}
,"/Users/eyalazimov/WebstormProjects/SemesterPlanner-Server/src/repository/courseNotesRepository.js": {"path":"/Users/eyalazimov/WebstormProjects/SemesterPlanner-Server/src/repository/courseNotesRepository.js","statementMap":{"0":{"start":{"line":1,"column":20},"end":{"line":1,"column":58}},"1":{"start":{"line":2,"column":26},"end":{"line":2,"column":66}},"2":{"start":{"line":4,"column":0},"end":{"line":63,"column":1}},"3":{"start":{"line":12,"column":8},"end":{"line":18,"column":10}},"4":{"start":{"line":13,"column":35},"end":{"line":13,"column":58}},"5":{"start":{"line":14,"column":12},"end":{"line":17,"column":14}},"6":{"start":{"line":15,"column":16},"end":{"line":15,"column":41}},"7":{"start":{"line":15,"column":27},"end":{"line":15,"column":39}},"8":{"start":{"line":16,"column":16},"end":{"line":16,"column":31}},"9":{"start":{"line":27,"column":8},"end":{"line":32,"column":10}},"10":{"start":{"line":28,"column":12},"end":{"line":31,"column":42}},"11":{"start":{"line":29,"column":16},"end":{"line":29,"column":37}},"12":{"start":{"line":31,"column":30},"end":{"line":31,"column":41}},"13":{"start":{"line":41,"column":8},"end":{"line":46,"column":10}},"14":{"start":{"line":42,"column":12},"end":{"line":45,"column":42}},"15":{"start":{"line":43,"column":16},"end":{"line":43,"column":37}},"16":{"start":{"line":45,"column":30},"end":{"line":45,"column":41}},"17":{"start":{"line":55,"column":8},"end":{"line":61,"column":10}},"18":{"start":{"line":56,"column":12},"end":{"line":60,"column":42}},"19":{"start":{"line":58,"column":20},"end":{"line":58,"column":49}},"20":{"start":{"line":60,"column":30},"end":{"line":60,"column":41}}},"fnMap":{"0":{"name":"(anonymous_0)","decl":{"start":{"line":11,"column":4},"end":{"line":11,"column":5}},"loc":{"start":{"line":11,"column":24},"end":{"line":19,"column":5}},"line":11},"1":{"name":"(anonymous_1)","decl":{"start":{"line":12,"column":27},"end":{"line":12,"column":28}},"loc":{"start":{"line":12,"column":48},"end":{"line":18,"column":9}},"line":12},"2":{"name":"(anonymous_2)","decl":{"start":{"line":14,"column":32},"end":{"line":14,"column":33}},"loc":{"start":{"line":14,"column":48},"end":{"line":17,"column":13}},"line":14},"3":{"name":"(anonymous_3)","decl":{"start":{"line":26,"column":4},"end":{"line":26,"column":5}},"loc":{"start":{"line":26,"column":45},"end":{"line":33,"column":5}},"line":26},"4":{"name":"(anonymous_4)","decl":{"start":{"line":27,"column":27},"end":{"line":27,"column":28}},"loc":{"start":{"line":27,"column":48},"end":{"line":32,"column":9}},"line":27},"5":{"name":"(anonymous_5)","decl":{"start":{"line":28,"column":75},"end":{"line":28,"column":76}},"loc":{"start":{"line":28,"column":92},"end":{"line":30,"column":13}},"line":28},"6":{"name":"(anonymous_6)","decl":{"start":{"line":31,"column":23},"end":{"line":31,"column":24}},"loc":{"start":{"line":31,"column":30},"end":{"line":31,"column":41}},"line":31},"7":{"name":"(anonymous_7)","decl":{"start":{"line":40,"column":4},"end":{"line":40,"column":5}},"loc":{"start":{"line":40,"column":34},"end":{"line":47,"column":5}},"line":40},"8":{"name":"(anonymous_8)","decl":{"start":{"line":41,"column":27},"end":{"line":41,"column":28}},"loc":{"start":{"line":41,"column":48},"end":{"line":46,"column":9}},"line":41},"9":{"name":"(anonymous_9)","decl":{"start":{"line":42,"column":82},"end":{"line":42,"column":83}},"loc":{"start":{"line":42,"column":99},"end":{"line":44,"column":13}},"line":42},"10":{"name":"(anonymous_10)","decl":{"start":{"line":45,"column":23},"end":{"line":45,"column":24}},"loc":{"start":{"line":45,"column":30},"end":{"line":45,"column":41}},"line":45},"11":{"name":"(anonymous_11)","decl":{"start":{"line":54,"column":4},"end":{"line":54,"column":5}},"loc":{"start":{"line":54,"column":36},"end":{"line":62,"column":5}},"line":54},"12":{"name":"(anonymous_12)","decl":{"start":{"line":55,"column":27},"end":{"line":55,"column":28}},"loc":{"start":{"line":55,"column":48},"end":{"line":61,"column":9}},"line":55},"13":{"name":"(anonymous_13)","decl":{"start":{"line":57,"column":22},"end":{"line":57,"column":23}},"loc":{"start":{"line":57,"column":34},"end":{"line":59,"column":17}},"line":57},"14":{"name":"(anonymous_14)","decl":{"start":{"line":60,"column":23},"end":{"line":60,"column":24}},"loc":{"start":{"line":60,"column":30},"end":{"line":60,"column":41}},"line":60}},"branchMap":{"0":{"loc":{"start":{"line":15,"column":16},"end":{"line":15,"column":41}},"type":"if","locations":[{"start":{"line":15,"column":16},"end":{"line":15,"column":41}},{"start":{},"end":{}}],"line":15}},"s":{"0":2,"1":2,"2":2,"3":0,"4":0,"5":0,"6":0,"7":0,"8":0,"9":0,"10":0,"11":0,"12":0,"13":0,"14":0,"15":0,"16":0,"17":0,"18":0,"19":0,"20":0},"f":{"0":0,"1":0,"2":0,"3":0,"4":0,"5":0,"6":0,"7":0,"8":0,"9":0,"10":0,"11":0,"12":0,"13":0,"14":0},"b":{"0":[0,0]},"_coverageSchema":"1a1c01bbd47fc00a2c39e90264f33305004495a9","hash":"bdb5891bf3a2303bb7774947220090f5165197f9"}
,"/Users/eyalazimov/WebstormProjects/SemesterPlanner-Server/src/repository/eventRepository.js": {"path":"/Users/eyalazimov/WebstormProjects/SemesterPlanner-Server/src/repository/eventRepository.js","statementMap":{"0":{"start":{"line":1,"column":14},"end":{"line":1,"column":46}},"1":{"start":{"line":2,"column":24},"end":{"line":2,"column":58}},"2":{"start":{"line":4,"column":0},"end":{"line":92,"column":1}},"3":{"start":{"line":12,"column":8},"end":{"line":18,"column":10}},"4":{"start":{"line":13,"column":29},"end":{"line":13,"column":46}},"5":{"start":{"line":14,"column":12},"end":{"line":17,"column":14}},"6":{"start":{"line":15,"column":16},"end":{"line":15,"column":41}},"7":{"start":{"line":15,"column":27},"end":{"line":15,"column":39}},"8":{"start":{"line":16,"column":16},"end":{"line":16,"column":31}},"9":{"start":{"line":27,"column":8},"end":{"line":32,"column":10}},"10":{"start":{"line":28,"column":12},"end":{"line":31,"column":42}},"11":{"start":{"line":29,"column":16},"end":{"line":29,"column":32}},"12":{"start":{"line":31,"column":30},"end":{"line":31,"column":41}},"13":{"start":{"line":41,"column":8},"end":{"line":47,"column":10}},"14":{"start":{"line":42,"column":12},"end":{"line":46,"column":33}},"15":{"start":{"line":43,"column":16},"end":{"line":43,"column":31}},"16":{"start":{"line":46,"column":20},"end":{"line":46,"column":31}},"17":{"start":{"line":56,"column":8},"end":{"line":61,"column":10}},"18":{"start":{"line":57,"column":12},"end":{"line":60,"column":42}},"19":{"start":{"line":58,"column":16},"end":{"line":58,"column":31}},"20":{"start":{"line":60,"column":30},"end":{"line":60,"column":41}},"21":{"start":{"line":70,"column":8},"end":{"line":76,"column":10}},"22":{"start":{"line":71,"column":12},"end":{"line":75,"column":42}},"23":{"start":{"line":73,"column":20},"end":{"line":73,"column":49}},"24":{"start":{"line":75,"column":30},"end":{"line":75,"column":41}},"25":{"start":{"line":85,"column":8},"end":{"line":90,"column":10}},"26":{"start":{"line":86,"column":12},"end":{"line":89,"column":14}},"27":{"start":{"line":87,"column":16},"end":{"line":87,"column":41}},"28":{"start":{"line":87,"column":27},"end":{"line":87,"column":39}},"29":{"start":{"line":88,"column":16},"end":{"line":88,"column":31}}},"fnMap":{"0":{"name":"(anonymous_0)","decl":{"start":{"line":11,"column":4},"end":{"line":11,"column":5}},"loc":{"start":{"line":11,"column":24},"end":{"line":19,"column":5}},"line":11},"1":{"name":"(anonymous_1)","decl":{"start":{"line":12,"column":27},"end":{"line":12,"column":28}},"loc":{"start":{"line":12,"column":48},"end":{"line":18,"column":9}},"line":12},"2":{"name":"(anonymous_2)","decl":{"start":{"line":14,"column":26},"end":{"line":14,"column":27}},"loc":{"start":{"line":14,"column":42},"end":{"line":17,"column":13}},"line":14},"3":{"name":"(anonymous_3)","decl":{"start":{"line":26,"column":4},"end":{"line":26,"column":5}},"loc":{"start":{"line":26,"column":46},"end":{"line":33,"column":5}},"line":26},"4":{"name":"(anonymous_4)","decl":{"start":{"line":27,"column":27},"end":{"line":27,"column":28}},"loc":{"start":{"line":27,"column":48},"end":{"line":32,"column":9}},"line":27},"5":{"name":"(anonymous_5)","decl":{"start":{"line":28,"column":63},"end":{"line":28,"column":64}},"loc":{"start":{"line":28,"column":75},"end":{"line":30,"column":13}},"line":28},"6":{"name":"(anonymous_6)","decl":{"start":{"line":31,"column":23},"end":{"line":31,"column":24}},"loc":{"start":{"line":31,"column":30},"end":{"line":31,"column":41}},"line":31},"7":{"name":"(anonymous_7)","decl":{"start":{"line":40,"column":4},"end":{"line":40,"column":5}},"loc":{"start":{"line":40,"column":28},"end":{"line":48,"column":5}},"line":40},"8":{"name":"(anonymous_8)","decl":{"start":{"line":41,"column":27},"end":{"line":41,"column":28}},"loc":{"start":{"line":41,"column":48},"end":{"line":47,"column":9}},"line":41},"9":{"name":"(anonymous_9)","decl":{"start":{"line":42,"column":60},"end":{"line":42,"column":61}},"loc":{"start":{"line":42,"column":71},"end":{"line":44,"column":13}},"line":42},"10":{"name":"(anonymous_10)","decl":{"start":{"line":45,"column":23},"end":{"line":45,"column":24}},"loc":{"start":{"line":45,"column":30},"end":{"line":46,"column":32}},"line":45},"11":{"name":"(anonymous_11)","decl":{"start":{"line":55,"column":4},"end":{"line":55,"column":5}},"loc":{"start":{"line":55,"column":28},"end":{"line":62,"column":5}},"line":55},"12":{"name":"(anonymous_12)","decl":{"start":{"line":56,"column":27},"end":{"line":56,"column":28}},"loc":{"start":{"line":56,"column":48},"end":{"line":61,"column":9}},"line":56},"13":{"name":"(anonymous_13)","decl":{"start":{"line":57,"column":37},"end":{"line":57,"column":38}},"loc":{"start":{"line":57,"column":48},"end":{"line":59,"column":13}},"line":57},"14":{"name":"(anonymous_14)","decl":{"start":{"line":60,"column":23},"end":{"line":60,"column":24}},"loc":{"start":{"line":60,"column":30},"end":{"line":60,"column":41}},"line":60},"15":{"name":"(anonymous_15)","decl":{"start":{"line":69,"column":4},"end":{"line":69,"column":5}},"loc":{"start":{"line":69,"column":30},"end":{"line":77,"column":5}},"line":69},"16":{"name":"(anonymous_16)","decl":{"start":{"line":70,"column":27},"end":{"line":70,"column":28}},"loc":{"start":{"line":70,"column":48},"end":{"line":76,"column":9}},"line":70},"17":{"name":"(anonymous_17)","decl":{"start":{"line":72,"column":22},"end":{"line":72,"column":23}},"loc":{"start":{"line":72,"column":34},"end":{"line":74,"column":17}},"line":72},"18":{"name":"(anonymous_18)","decl":{"start":{"line":75,"column":23},"end":{"line":75,"column":24}},"loc":{"start":{"line":75,"column":30},"end":{"line":75,"column":41}},"line":75},"19":{"name":"(anonymous_19)","decl":{"start":{"line":84,"column":4},"end":{"line":84,"column":5}},"loc":{"start":{"line":84,"column":28},"end":{"line":91,"column":5}},"line":84},"20":{"name":"(anonymous_20)","decl":{"start":{"line":85,"column":27},"end":{"line":85,"column":28}},"loc":{"start":{"line":85,"column":48},"end":{"line":90,"column":9}},"line":85},"21":{"name":"(anonymous_21)","decl":{"start":{"line":86,"column":23},"end":{"line":86,"column":24}},"loc":{"start":{"line":86,"column":39},"end":{"line":89,"column":13}},"line":86}},"branchMap":{"0":{"loc":{"start":{"line":15,"column":16},"end":{"line":15,"column":41}},"type":"if","locations":[{"start":{"line":15,"column":16},"end":{"line":15,"column":41}},{"start":{},"end":{}}],"line":15},"1":{"loc":{"start":{"line":87,"column":16},"end":{"line":87,"column":41}},"type":"if","locations":[{"start":{"line":87,"column":16},"end":{"line":87,"column":41}},{"start":{},"end":{}}],"line":87}},"s":{"0":2,"1":2,"2":2,"3":0,"4":0,"5":0,"6":0,"7":0,"8":0,"9":0,"10":0,"11":0,"12":0,"13":0,"14":0,"15":0,"16":0,"17":0,"18":0,"19":0,"20":0,"21":0,"22":0,"23":0,"24":0,"25":0,"26":0,"27":0,"28":0,"29":0},"f":{"0":0,"1":0,"2":0,"3":0,"4":0,"5":0,"6":0,"7":0,"8":0,"9":0,"10":0,"11":0,"12":0,"13":0,"14":0,"15":0,"16":0,"17":0,"18":0,"19":0,"20":0,"21":0},"b":{"0":[0,0],"1":[0,0]},"_coverageSchema":"1a1c01bbd47fc00a2c39e90264f33305004495a9","hash":"c7b961be51d8506efdb27db92fd872bdc6ac2492"}
,"/Users/eyalazimov/WebstormProjects/SemesterPlanner-Server/src/repository/friendRequestRepository.js": {"path":"/Users/eyalazimov/WebstormProjects/SemesterPlanner-Server/src/repository/friendRequestRepository.js","statementMap":{"0":{"start":{"line":1,"column":22},"end":{"line":1,"column":62}},"1":{"start":{"line":3,"column":0},"end":{"line":88,"column":1}},"2":{"start":{"line":11,"column":8},"end":{"line":17,"column":11}},"3":{"start":{"line":12,"column":12},"end":{"line":16,"column":48}},"4":{"start":{"line":14,"column":20},"end":{"line":14,"column":36}},"5":{"start":{"line":16,"column":34},"end":{"line":16,"column":47}},"6":{"start":{"line":21,"column":8},"end":{"line":25,"column":10}},"7":{"start":{"line":22,"column":12},"end":{"line":24,"column":50}},"8":{"start":{"line":23,"column":34},"end":{"line":23,"column":49}},"9":{"start":{"line":24,"column":34},"end":{"line":24,"column":47}},"10":{"start":{"line":34,"column":8},"end":{"line":43,"column":15}},"11":{"start":{"line":36,"column":16},"end":{"line":42,"column":22}},"12":{"start":{"line":38,"column":24},"end":{"line":38,"column":40}},"13":{"start":{"line":41,"column":24},"end":{"line":41,"column":37}},"14":{"start":{"line":53,"column":8},"end":{"line":57,"column":10}},"15":{"start":{"line":54,"column":16},"end":{"line":56,"column":54}},"16":{"start":{"line":55,"column":38},"end":{"line":55,"column":53}},"17":{"start":{"line":56,"column":38},"end":{"line":56,"column":51}},"18":{"start":{"line":66,"column":8},"end":{"line":71,"column":11}},"19":{"start":{"line":67,"column":12},"end":{"line":69,"column":48}},"20":{"start":{"line":68,"column":34},"end":{"line":68,"column":49}},"21":{"start":{"line":69,"column":34},"end":{"line":69,"column":47}},"22":{"start":{"line":80,"column":8},"end":{"line":86,"column":11}},"23":{"start":{"line":81,"column":12},"end":{"line":85,"column":48}},"24":{"start":{"line":83,"column":20},"end":{"line":83,"column":35}},"25":{"start":{"line":85,"column":34},"end":{"line":85,"column":47}}},"fnMap":{"0":{"name":"(anonymous_0)","decl":{"start":{"line":10,"column":4},"end":{"line":10,"column":5}},"loc":{"start":{"line":10,"column":36},"end":{"line":18,"column":5}},"line":10},"1":{"name":"(anonymous_1)","decl":{"start":{"line":11,"column":27},"end":{"line":11,"column":28}},"loc":{"start":{"line":11,"column":48},"end":{"line":17,"column":9}},"line":11},"2":{"name":"(anonymous_2)","decl":{"start":{"line":13,"column":22},"end":{"line":13,"column":23}},"loc":{"start":{"line":13,"column":34},"end":{"line":15,"column":17}},"line":13},"3":{"name":"(anonymous_3)","decl":{"start":{"line":16,"column":23},"end":{"line":16,"column":24}},"loc":{"start":{"line":16,"column":34},"end":{"line":16,"column":47}},"line":16},"4":{"name":"(anonymous_4)","decl":{"start":{"line":20,"column":4},"end":{"line":20,"column":5}},"loc":{"start":{"line":20,"column":31},"end":{"line":26,"column":5}},"line":20},"5":{"name":"(anonymous_5)","decl":{"start":{"line":21,"column":27},"end":{"line":21,"column":28}},"loc":{"start":{"line":21,"column":48},"end":{"line":25,"column":9}},"line":21},"6":{"name":"(anonymous_6)","decl":{"start":{"line":23,"column":22},"end":{"line":23,"column":23}},"loc":{"start":{"line":23,"column":32},"end":{"line":23,"column":51}},"line":23},"7":{"name":"(anonymous_7)","decl":{"start":{"line":24,"column":23},"end":{"line":24,"column":24}},"loc":{"start":{"line":24,"column":32},"end":{"line":24,"column":49}},"line":24},"8":{"name":"(anonymous_8)","decl":{"start":{"line":33,"column":4},"end":{"line":33,"column":5}},"loc":{"start":{"line":33,"column":38},"end":{"line":44,"column":5}},"line":33},"9":{"name":"(anonymous_9)","decl":{"start":{"line":35,"column":12},"end":{"line":35,"column":13}},"loc":{"start":{"line":35,"column":33},"end":{"line":43,"column":13}},"line":35},"10":{"name":"(anonymous_10)","decl":{"start":{"line":37,"column":26},"end":{"line":37,"column":27}},"loc":{"start":{"line":37,"column":36},"end":{"line":39,"column":21}},"line":37},"11":{"name":"(anonymous_11)","decl":{"start":{"line":40,"column":27},"end":{"line":40,"column":28}},"loc":{"start":{"line":40,"column":36},"end":{"line":42,"column":21}},"line":40},"12":{"name":"(anonymous_12)","decl":{"start":{"line":52,"column":4},"end":{"line":52,"column":5}},"loc":{"start":{"line":52,"column":58},"end":{"line":58,"column":5}},"line":52},"13":{"name":"(anonymous_13)","decl":{"start":{"line":53,"column":33},"end":{"line":53,"column":34}},"loc":{"start":{"line":53,"column":54},"end":{"line":57,"column":9}},"line":53},"14":{"name":"(anonymous_14)","decl":{"start":{"line":55,"column":26},"end":{"line":55,"column":27}},"loc":{"start":{"line":55,"column":36},"end":{"line":55,"column":55}},"line":55},"15":{"name":"(anonymous_15)","decl":{"start":{"line":56,"column":27},"end":{"line":56,"column":28}},"loc":{"start":{"line":56,"column":36},"end":{"line":56,"column":53}},"line":56},"16":{"name":"(anonymous_16)","decl":{"start":{"line":65,"column":4},"end":{"line":65,"column":5}},"loc":{"start":{"line":65,"column":35},"end":{"line":72,"column":5}},"line":65},"17":{"name":"(anonymous_17)","decl":{"start":{"line":66,"column":33},"end":{"line":66,"column":34}},"loc":{"start":{"line":66,"column":54},"end":{"line":71,"column":9}},"line":66},"18":{"name":"(anonymous_18)","decl":{"start":{"line":68,"column":22},"end":{"line":68,"column":23}},"loc":{"start":{"line":68,"column":34},"end":{"line":68,"column":49}},"line":68},"19":{"name":"(anonymous_19)","decl":{"start":{"line":69,"column":23},"end":{"line":69,"column":24}},"loc":{"start":{"line":69,"column":34},"end":{"line":69,"column":47}},"line":69},"20":{"name":"(anonymous_20)","decl":{"start":{"line":79,"column":4},"end":{"line":79,"column":5}},"loc":{"start":{"line":79,"column":22},"end":{"line":87,"column":5}},"line":79},"21":{"name":"(anonymous_21)","decl":{"start":{"line":80,"column":27},"end":{"line":80,"column":28}},"loc":{"start":{"line":80,"column":48},"end":{"line":86,"column":9}},"line":80},"22":{"name":"(anonymous_22)","decl":{"start":{"line":82,"column":22},"end":{"line":82,"column":23}},"loc":{"start":{"line":82,"column":34},"end":{"line":84,"column":17}},"line":82},"23":{"name":"(anonymous_23)","decl":{"start":{"line":85,"column":23},"end":{"line":85,"column":24}},"loc":{"start":{"line":85,"column":34},"end":{"line":85,"column":47}},"line":85}},"branchMap":{},"s":{"0":2,"1":2,"2":0,"3":0,"4":0,"5":0,"6":0,"7":0,"8":0,"9":0,"10":0,"11":0,"12":0,"13":0,"14":0,"15":0,"16":0,"17":0,"18":0,"19":0,"20":0,"21":0,"22":0,"23":0,"24":0,"25":0},"f":{"0":0,"1":0,"2":0,"3":0,"4":0,"5":0,"6":0,"7":0,"8":0,"9":0,"10":0,"11":0,"12":0,"13":0,"14":0,"15":0,"16":0,"17":0,"18":0,"19":0,"20":0,"21":0,"22":0,"23":0},"b":{},"_coverageSchema":"1a1c01bbd47fc00a2c39e90264f33305004495a9","hash":"51fb820b413270d377403f62efb24abb77d9f6d7"}
,"/Users/eyalazimov/WebstormProjects/SemesterPlanner-Server/src/repository/messageRepository.js": {"path":"/Users/eyalazimov/WebstormProjects/SemesterPlanner-Server/src/repository/messageRepository.js","statementMap":{"0":{"start":{"line":1,"column":16},"end":{"line":1,"column":50}},"1":{"start":{"line":2,"column":22},"end":{"line":2,"column":58}},"2":{"start":{"line":4,"column":0},"end":{"line":51,"column":1}},"3":{"start":{"line":12,"column":8},"end":{"line":18,"column":10}},"4":{"start":{"line":13,"column":31},"end":{"line":13,"column":50}},"5":{"start":{"line":14,"column":12},"end":{"line":17,"column":14}},"6":{"start":{"line":15,"column":16},"end":{"line":15,"column":41}},"7":{"start":{"line":15,"column":27},"end":{"line":15,"column":39}},"8":{"start":{"line":16,"column":16},"end":{"line":16,"column":33}},"9":{"start":{"line":27,"column":8},"end":{"line":33,"column":10}},"10":{"start":{"line":28,"column":12},"end":{"line":32,"column":42}},"11":{"start":{"line":30,"column":20},"end":{"line":30,"column":37}},"12":{"start":{"line":32,"column":30},"end":{"line":32,"column":41}},"13":{"start":{"line":43,"column":8},"end":{"line":49,"column":10}},"14":{"start":{"line":44,"column":12},"end":{"line":48,"column":42}},"15":{"start":{"line":46,"column":20},"end":{"line":46,"column":38}},"16":{"start":{"line":48,"column":30},"end":{"line":48,"column":41}}},"fnMap":{"0":{"name":"(anonymous_0)","decl":{"start":{"line":11,"column":4},"end":{"line":11,"column":5}},"loc":{"start":{"line":11,"column":24},"end":{"line":19,"column":5}},"line":11},"1":{"name":"(anonymous_1)","decl":{"start":{"line":12,"column":27},"end":{"line":12,"column":28}},"loc":{"start":{"line":12,"column":48},"end":{"line":18,"column":9}},"line":12},"2":{"name":"(anonymous_2)","decl":{"start":{"line":14,"column":28},"end":{"line":14,"column":29}},"loc":{"start":{"line":14,"column":46},"end":{"line":17,"column":13}},"line":14},"3":{"name":"(anonymous_3)","decl":{"start":{"line":26,"column":4},"end":{"line":26,"column":5}},"loc":{"start":{"line":26,"column":30},"end":{"line":34,"column":5}},"line":26},"4":{"name":"(anonymous_4)","decl":{"start":{"line":27,"column":27},"end":{"line":27,"column":28}},"loc":{"start":{"line":27,"column":48},"end":{"line":33,"column":9}},"line":27},"5":{"name":"(anonymous_5)","decl":{"start":{"line":29,"column":22},"end":{"line":29,"column":23}},"loc":{"start":{"line":29,"column":35},"end":{"line":31,"column":17}},"line":29},"6":{"name":"(anonymous_6)","decl":{"start":{"line":32,"column":23},"end":{"line":32,"column":24}},"loc":{"start":{"line":32,"column":30},"end":{"line":32,"column":41}},"line":32},"7":{"name":"(anonymous_7)","decl":{"start":{"line":42,"column":4},"end":{"line":42,"column":5}},"loc":{"start":{"line":42,"column":47},"end":{"line":50,"column":5}},"line":42},"8":{"name":"(anonymous_8)","decl":{"start":{"line":43,"column":27},"end":{"line":43,"column":28}},"loc":{"start":{"line":43,"column":48},"end":{"line":49,"column":9}},"line":43},"9":{"name":"(anonymous_9)","decl":{"start":{"line":45,"column":22},"end":{"line":45,"column":23}},"loc":{"start":{"line":45,"column":36},"end":{"line":47,"column":17}},"line":45},"10":{"name":"(anonymous_10)","decl":{"start":{"line":48,"column":23},"end":{"line":48,"column":24}},"loc":{"start":{"line":48,"column":30},"end":{"line":48,"column":41}},"line":48}},"branchMap":{"0":{"loc":{"start":{"line":15,"column":16},"end":{"line":15,"column":41}},"type":"if","locations":[{"start":{"line":15,"column":16},"end":{"line":15,"column":41}},{"start":{},"end":{}}],"line":15}},"s":{"0":2,"1":2,"2":2,"3":0,"4":0,"5":0,"6":0,"7":0,"8":0,"9":0,"10":0,"11":0,"12":0,"13":0,"14":0,"15":0,"16":0},"f":{"0":0,"1":0,"2":0,"3":0,"4":0,"5":0,"6":0,"7":0,"8":0,"9":0,"10":0},"b":{"0":[0,0]},"_coverageSchema":"1a1c01bbd47fc00a2c39e90264f33305004495a9","hash":"ba399d11727346c02552ae62cee270a6fc0e5ba2"}
,"/Users/eyalazimov/WebstormProjects/SemesterPlanner-Server/src/repository/studentRepository.js": {"path":"/Users/eyalazimov/WebstormProjects/SemesterPlanner-Server/src/repository/studentRepository.js","statementMap":{"0":{"start":{"line":1,"column":16},"end":{"line":1,"column":50}},"1":{"start":{"line":2,"column":26},"end":{"line":2,"column":62}},"2":{"start":{"line":4,"column":0},"end":{"line":196,"column":1}},"3":{"start":{"line":12,"column":8},"end":{"line":19,"column":10}},"4":{"start":{"line":13,"column":12},"end":{"line":18,"column":14}},"5":{"start":{"line":14,"column":16},"end":{"line":17,"column":18}},"6":{"start":{"line":15,"column":20},"end":{"line":15,"column":45}},"7":{"start":{"line":15,"column":31},"end":{"line":15,"column":43}},"8":{"start":{"line":16,"column":20},"end":{"line":16,"column":37}},"9":{"start":{"line":27,"column":8},"end":{"line":32,"column":10}},"10":{"start":{"line":28,"column":12},"end":{"line":31,"column":42}},"11":{"start":{"line":29,"column":16},"end":{"line":29,"column":34}},"12":{"start":{"line":31,"column":30},"end":{"line":31,"column":41}},"13":{"start":{"line":41,"column":8},"end":{"line":47,"column":10}},"14":{"start":{"line":42,"column":12},"end":{"line":46,"column":42}},"15":{"start":{"line":44,"column":20},"end":{"line":44,"column":37}},"16":{"start":{"line":46,"column":30},"end":{"line":46,"column":41}},"17":{"start":{"line":56,"column":8},"end":{"line":62,"column":10}},"18":{"start":{"line":57,"column":12},"end":{"line":61,"column":42}},"19":{"start":{"line":59,"column":20},"end":{"line":59,"column":37}},"20":{"start":{"line":61,"column":30},"end":{"line":61,"column":41}},"21":{"start":{"line":71,"column":8},"end":{"line":77,"column":10}},"22":{"start":{"line":72,"column":12},"end":{"line":76,"column":42}},"23":{"start":{"line":74,"column":20},"end":{"line":74,"column":37}},"24":{"start":{"line":76,"column":30},"end":{"line":76,"column":41}},"25":{"start":{"line":86,"column":8},"end":{"line":110,"column":10}},"26":{"start":{"line":87,"column":12},"end":{"line":108,"column":69}},"27":{"start":{"line":88,"column":16},"end":{"line":92,"column":22}},"28":{"start":{"line":90,"column":24},"end":{"line":90,"column":49}},"29":{"start":{"line":90,"column":35},"end":{"line":90,"column":47}},"30":{"start":{"line":91,"column":24},"end":{"line":91,"column":53}},"31":{"start":{"line":94,"column":17},"end":{"line":108,"column":69}},"32":{"start":{"line":95,"column":16},"end":{"line":99,"column":22}},"33":{"start":{"line":97,"column":24},"end":{"line":97,"column":49}},"34":{"start":{"line":97,"column":35},"end":{"line":97,"column":47}},"35":{"start":{"line":98,"column":24},"end":{"line":98,"column":53}},"36":{"start":{"line":101,"column":17},"end":{"line":108,"column":69}},"37":{"start":{"line":102,"column":16},"end":{"line":106,"column":22}},"38":{"start":{"line":104,"column":24},"end":{"line":104,"column":49}},"39":{"start":{"line":104,"column":35},"end":{"line":104,"column":47}},"40":{"start":{"line":105,"column":24},"end":{"line":105,"column":53}},"41":{"start":{"line":108,"column":19},"end":{"line":108,"column":67}},"42":{"start":{"line":119,"column":8},"end":{"line":124,"column":10}},"43":{"start":{"line":120,"column":12},"end":{"line":123,"column":14}},"44":{"start":{"line":121,"column":16},"end":{"line":121,"column":41}},"45":{"start":{"line":121,"column":27},"end":{"line":121,"column":39}},"46":{"start":{"line":122,"column":16},"end":{"line":122,"column":33}},"47":{"start":{"line":134,"column":8},"end":{"line":139,"column":10}},"48":{"start":{"line":135,"column":12},"end":{"line":138,"column":44}},"49":{"start":{"line":137,"column":35},"end":{"line":137,"column":51}},"50":{"start":{"line":138,"column":32},"end":{"line":138,"column":43}},"51":{"start":{"line":150,"column":8},"end":{"line":156,"column":10}},"52":{"start":{"line":151,"column":12},"end":{"line":155,"column":42}},"53":{"start":{"line":154,"column":37},"end":{"line":154,"column":54}},"54":{"start":{"line":155,"column":30},"end":{"line":155,"column":41}},"55":{"start":{"line":166,"column":8},"end":{"line":176,"column":10}},"56":{"start":{"line":167,"column":12},"end":{"line":174,"column":44}},"57":{"start":{"line":169,"column":20},"end":{"line":169,"column":49}},"58":{"start":{"line":170,"column":20},"end":{"line":172,"column":52}},"59":{"start":{"line":171,"column":43},"end":{"line":171,"column":59}},"60":{"start":{"line":172,"column":40},"end":{"line":172,"column":51}},"61":{"start":{"line":174,"column":32},"end":{"line":174,"column":43}},"62":{"start":{"line":186,"column":8},"end":{"line":192,"column":10}},"63":{"start":{"line":187,"column":12},"end":{"line":191,"column":43}},"64":{"start":{"line":189,"column":20},"end":{"line":189,"column":93}},"65":{"start":{"line":189,"column":72},"end":{"line":189,"column":91}},"66":{"start":{"line":191,"column":29},"end":{"line":191,"column":42}}},"fnMap":{"0":{"name":"(anonymous_0)","decl":{"start":{"line":11,"column":4},"end":{"line":11,"column":5}},"loc":{"start":{"line":11,"column":24},"end":{"line":20,"column":5}},"line":11},"1":{"name":"(anonymous_1)","decl":{"start":{"line":12,"column":27},"end":{"line":12,"column":28}},"loc":{"start":{"line":12,"column":48},"end":{"line":19,"column":9}},"line":12},"2":{"name":"(anonymous_2)","decl":{"start":{"line":13,"column":37},"end":{"line":13,"column":38}},"loc":{"start":{"line":13,"column":53},"end":{"line":18,"column":13}},"line":13},"3":{"name":"(anonymous_3)","decl":{"start":{"line":14,"column":32},"end":{"line":14,"column":33}},"loc":{"start":{"line":14,"column":50},"end":{"line":17,"column":17}},"line":14},"4":{"name":"(anonymous_4)","decl":{"start":{"line":26,"column":4},"end":{"line":26,"column":5}},"loc":{"start":{"line":26,"column":21},"end":{"line":33,"column":5}},"line":26},"5":{"name":"(anonymous_5)","decl":{"start":{"line":27,"column":27},"end":{"line":27,"column":28}},"loc":{"start":{"line":27,"column":48},"end":{"line":32,"column":9}},"line":27},"6":{"name":"(anonymous_6)","decl":{"start":{"line":28,"column":32},"end":{"line":28,"column":33}},"loc":{"start":{"line":28,"column":46},"end":{"line":30,"column":13}},"line":28},"7":{"name":"(anonymous_7)","decl":{"start":{"line":31,"column":23},"end":{"line":31,"column":24}},"loc":{"start":{"line":31,"column":30},"end":{"line":31,"column":41}},"line":31},"8":{"name":"(anonymous_8)","decl":{"start":{"line":40,"column":4},"end":{"line":40,"column":5}},"loc":{"start":{"line":40,"column":33},"end":{"line":48,"column":5}},"line":40},"9":{"name":"(anonymous_9)","decl":{"start":{"line":41,"column":27},"end":{"line":41,"column":28}},"loc":{"start":{"line":41,"column":48},"end":{"line":47,"column":9}},"line":41},"10":{"name":"(anonymous_10)","decl":{"start":{"line":43,"column":22},"end":{"line":43,"column":23}},"loc":{"start":{"line":43,"column":35},"end":{"line":45,"column":17}},"line":43},"11":{"name":"(anonymous_11)","decl":{"start":{"line":46,"column":23},"end":{"line":46,"column":24}},"loc":{"start":{"line":46,"column":30},"end":{"line":46,"column":41}},"line":46},"12":{"name":"(anonymous_12)","decl":{"start":{"line":55,"column":4},"end":{"line":55,"column":5}},"loc":{"start":{"line":55,"column":39},"end":{"line":63,"column":5}},"line":55},"13":{"name":"(anonymous_13)","decl":{"start":{"line":56,"column":27},"end":{"line":56,"column":28}},"loc":{"start":{"line":56,"column":48},"end":{"line":62,"column":9}},"line":56},"14":{"name":"(anonymous_14)","decl":{"start":{"line":58,"column":22},"end":{"line":58,"column":23}},"loc":{"start":{"line":58,"column":35},"end":{"line":60,"column":17}},"line":58},"15":{"name":"(anonymous_15)","decl":{"start":{"line":61,"column":23},"end":{"line":61,"column":24}},"loc":{"start":{"line":61,"column":30},"end":{"line":61,"column":41}},"line":61},"16":{"name":"(anonymous_16)","decl":{"start":{"line":70,"column":4},"end":{"line":70,"column":5}},"loc":{"start":{"line":70,"column":28},"end":{"line":78,"column":5}},"line":70},"17":{"name":"(anonymous_17)","decl":{"start":{"line":71,"column":27},"end":{"line":71,"column":28}},"loc":{"start":{"line":71,"column":48},"end":{"line":77,"column":9}},"line":71},"18":{"name":"(anonymous_18)","decl":{"start":{"line":73,"column":22},"end":{"line":73,"column":23}},"loc":{"start":{"line":73,"column":35},"end":{"line":75,"column":17}},"line":73},"19":{"name":"(anonymous_19)","decl":{"start":{"line":76,"column":23},"end":{"line":76,"column":24}},"loc":{"start":{"line":76,"column":30},"end":{"line":76,"column":41}},"line":76},"20":{"name":"(anonymous_20)","decl":{"start":{"line":85,"column":4},"end":{"line":85,"column":5}},"loc":{"start":{"line":85,"column":27},"end":{"line":111,"column":5}},"line":85},"21":{"name":"(anonymous_21)","decl":{"start":{"line":86,"column":27},"end":{"line":86,"column":28}},"loc":{"start":{"line":86,"column":48},"end":{"line":110,"column":9}},"line":86},"22":{"name":"(anonymous_22)","decl":{"start":{"line":89,"column":26},"end":{"line":89,"column":27}},"loc":{"start":{"line":89,"column":43},"end":{"line":92,"column":21}},"line":89},"23":{"name":"(anonymous_23)","decl":{"start":{"line":96,"column":26},"end":{"line":96,"column":27}},"loc":{"start":{"line":96,"column":43},"end":{"line":99,"column":21}},"line":96},"24":{"name":"(anonymous_24)","decl":{"start":{"line":103,"column":26},"end":{"line":103,"column":27}},"loc":{"start":{"line":103,"column":43},"end":{"line":106,"column":21}},"line":103},"25":{"name":"(anonymous_25)","decl":{"start":{"line":118,"column":4},"end":{"line":118,"column":5}},"loc":{"start":{"line":118,"column":36},"end":{"line":125,"column":5}},"line":118},"26":{"name":"(anonymous_26)","decl":{"start":{"line":119,"column":33},"end":{"line":119,"column":34}},"loc":{"start":{"line":119,"column":54},"end":{"line":124,"column":9}},"line":119},"27":{"name":"(anonymous_27)","decl":{"start":{"line":120,"column":25},"end":{"line":120,"column":26}},"loc":{"start":{"line":120,"column":43},"end":{"line":123,"column":13}},"line":120},"28":{"name":"(anonymous_28)","decl":{"start":{"line":133,"column":4},"end":{"line":133,"column":5}},"loc":{"start":{"line":133,"column":60},"end":{"line":140,"column":5}},"line":133},"29":{"name":"(anonymous_29)","decl":{"start":{"line":134,"column":33},"end":{"line":134,"column":34}},"loc":{"start":{"line":134,"column":54},"end":{"line":139,"column":9}},"line":134},"30":{"name":"(anonymous_30)","decl":{"start":{"line":137,"column":20},"end":{"line":137,"column":21}},"loc":{"start":{"line":137,"column":33},"end":{"line":137,"column":53}},"line":137},"31":{"name":"(anonymous_31)","decl":{"start":{"line":138,"column":23},"end":{"line":138,"column":24}},"loc":{"start":{"line":138,"column":32},"end":{"line":138,"column":43}},"line":138},"32":{"name":"(anonymous_32)","decl":{"start":{"line":149,"column":4},"end":{"line":149,"column":5}},"loc":{"start":{"line":149,"column":53},"end":{"line":157,"column":5}},"line":149},"33":{"name":"(anonymous_33)","decl":{"start":{"line":150,"column":33},"end":{"line":150,"column":34}},"loc":{"start":{"line":150,"column":54},"end":{"line":156,"column":9}},"line":150},"34":{"name":"(anonymous_34)","decl":{"start":{"line":154,"column":22},"end":{"line":154,"column":23}},"loc":{"start":{"line":154,"column":35},"end":{"line":154,"column":56}},"line":154},"35":{"name":"(anonymous_35)","decl":{"start":{"line":155,"column":23},"end":{"line":155,"column":24}},"loc":{"start":{"line":155,"column":30},"end":{"line":155,"column":41}},"line":155},"36":{"name":"(anonymous_36)","decl":{"start":{"line":165,"column":4},"end":{"line":165,"column":5}},"loc":{"start":{"line":165,"column":49},"end":{"line":177,"column":5}},"line":165},"37":{"name":"(anonymous_37)","decl":{"start":{"line":166,"column":33},"end":{"line":166,"column":34}},"loc":{"start":{"line":166,"column":60},"end":{"line":176,"column":9}},"line":166},"38":{"name":"(anonymous_38)","decl":{"start":{"line":168,"column":22},"end":{"line":168,"column":23}},"loc":{"start":{"line":168,"column":35},"end":{"line":173,"column":17}},"line":168},"39":{"name":"(anonymous_39)","decl":{"start":{"line":171,"column":30},"end":{"line":171,"column":31}},"loc":{"start":{"line":171,"column":43},"end":{"line":171,"column":59}},"line":171},"40":{"name":"(anonymous_40)","decl":{"start":{"line":172,"column":31},"end":{"line":172,"column":32}},"loc":{"start":{"line":172,"column":40},"end":{"line":172,"column":51}},"line":172},"41":{"name":"(anonymous_41)","decl":{"start":{"line":174,"column":23},"end":{"line":174,"column":24}},"loc":{"start":{"line":174,"column":32},"end":{"line":174,"column":43}},"line":174},"42":{"name":"(anonymous_42)","decl":{"start":{"line":185,"column":4},"end":{"line":185,"column":5}},"loc":{"start":{"line":185,"column":52},"end":{"line":194,"column":5}},"line":185},"43":{"name":"(anonymous_43)","decl":{"start":{"line":186,"column":33},"end":{"line":186,"column":34}},"loc":{"start":{"line":186,"column":60},"end":{"line":192,"column":9}},"line":186},"44":{"name":"(anonymous_44)","decl":{"start":{"line":188,"column":22},"end":{"line":188,"column":23}},"loc":{"start":{"line":188,"column":31},"end":{"line":190,"column":17}},"line":188},"45":{"name":"(anonymous_45)","decl":{"start":{"line":189,"column":60},"end":{"line":189,"column":61}},"loc":{"start":{"line":189,"column":72},"end":{"line":189,"column":91}},"line":189},"46":{"name":"(anonymous_46)","decl":{"start":{"line":191,"column":23},"end":{"line":191,"column":24}},"loc":{"start":{"line":191,"column":29},"end":{"line":191,"column":42}},"line":191}},"branchMap":{"0":{"loc":{"start":{"line":15,"column":20},"end":{"line":15,"column":45}},"type":"if","locations":[{"start":{"line":15,"column":20},"end":{"line":15,"column":45}},{"start":{},"end":{}}],"line":15},"1":{"loc":{"start":{"line":87,"column":12},"end":{"line":108,"column":69}},"type":"if","locations":[{"start":{"line":87,"column":12},"end":{"line":108,"column":69}},{"start":{"line":94,"column":17},"end":{"line":108,"column":69}}],"line":87},"2":{"loc":{"start":{"line":90,"column":24},"end":{"line":90,"column":49}},"type":"if","locations":[{"start":{"line":90,"column":24},"end":{"line":90,"column":49}},{"start":{},"end":{}}],"line":90},"3":{"loc":{"start":{"line":94,"column":17},"end":{"line":108,"column":69}},"type":"if","locations":[{"start":{"line":94,"column":17},"end":{"line":108,"column":69}},{"start":{"line":101,"column":17},"end":{"line":108,"column":69}}],"line":94},"4":{"loc":{"start":{"line":97,"column":24},"end":{"line":97,"column":49}},"type":"if","locations":[{"start":{"line":97,"column":24},"end":{"line":97,"column":49}},{"start":{},"end":{}}],"line":97},"5":{"loc":{"start":{"line":101,"column":17},"end":{"line":108,"column":69}},"type":"if","locations":[{"start":{"line":101,"column":17},"end":{"line":108,"column":69}},{"start":{"line":108,"column":17},"end":{"line":108,"column":69}}],"line":101},"6":{"loc":{"start":{"line":104,"column":24},"end":{"line":104,"column":49}},"type":"if","locations":[{"start":{"line":104,"column":24},"end":{"line":104,"column":49}},{"start":{},"end":{}}],"line":104},"7":{"loc":{"start":{"line":121,"column":16},"end":{"line":121,"column":41}},"type":"if","locations":[{"start":{"line":121,"column":16},"end":{"line":121,"column":41}},{"start":{},"end":{}}],"line":121},"8":{"loc":{"start":{"line":189,"column":28},"end":{"line":189,"column":92}},"type":"binary-expr","locations":[{"start":{"line":189,"column":28},"end":{"line":189,"column":39}},{"start":{"line":189,"column":43},"end":{"line":189,"column":92}}],"line":189}},"s":{"0":2,"1":2,"2":2,"3":5,"4":5,"5":5,"6":5,"7":0,"8":5,"9":0,"10":0,"11":0,"12":0,"13":1,"14":1,"15":1,"16":0,"17":0,"18":0,"19":0,"20":0,"21":0,"22":0,"23":0,"24":0,"25":1,"26":1,"27":1,"28":1,"29":0,"30":1,"31":0,"32":0,"33":0,"34":0,"35":0,"36":0,"37":0,"38":0,"39":0,"40":0,"41":0,"42":0,"43":0,"44":0,"45":0,"46":0,"47":0,"48":0,"49":0,"50":0,"51":0,"52":0,"53":0,"54":0,"55":0,"56":0,"57":0,"58":0,"59":0,"60":0,"61":0,"62":0,"63":0,"64":0,"65":0,"66":0},"f":{"0":5,"1":5,"2":5,"3":5,"4":0,"5":0,"6":0,"7":0,"8":1,"9":1,"10":1,"11":0,"12":0,"13":0,"14":0,"15":0,"16":0,"17":0,"18":0,"19":0,"20":1,"21":1,"22":1,"23":0,"24":0,"25":0,"26":0,"27":0,"28":0,"29":0,"30":0,"31":0,"32":0,"33":0,"34":0,"35":0,"36":0,"37":0,"38":0,"39":0,"40":0,"41":0,"42":0,"43":0,"44":0,"45":0,"46":0},"b":{"0":[0,5],"1":[1,0],"2":[0,1],"3":[0,0],"4":[0,0],"5":[0,0],"6":[0,0],"7":[0,0],"8":[0,0]},"_coverageSchema":"1a1c01bbd47fc00a2c39e90264f33305004495a9","hash":"f50993b1fabebaa53560eb38b9a1b0596b0f10a1"}
,"/Users/eyalazimov/WebstormProjects/SemesterPlanner-Server/src/repository/studyRoomRepository.js": {"path":"/Users/eyalazimov/WebstormProjects/SemesterPlanner-Server/src/repository/studyRoomRepository.js","statementMap":{"0":{"start":{"line":1,"column":28},"end":{"line":1,"column":64}},"1":{"start":{"line":2,"column":28},"end":{"line":2,"column":61}},"2":{"start":{"line":3,"column":18},"end":{"line":3,"column":54}},"3":{"start":{"line":5,"column":0},"end":{"line":96,"column":1}},"4":{"start":{"line":12,"column":8},"end":{"line":18,"column":10}},"5":{"start":{"line":13,"column":28},"end":{"line":13,"column":49}},"6":{"start":{"line":14,"column":12},"end":{"line":17,"column":14}},"7":{"start":{"line":15,"column":16},"end":{"line":15,"column":41}},"8":{"start":{"line":15,"column":27},"end":{"line":15,"column":39}},"9":{"start":{"line":16,"column":16},"end":{"line":16,"column":30}},"10":{"start":{"line":27,"column":8},"end":{"line":32,"column":10}},"11":{"start":{"line":28,"column":12},"end":{"line":31,"column":42}},"12":{"start":{"line":29,"column":16},"end":{"line":29,"column":30}},"13":{"start":{"line":31,"column":30},"end":{"line":31,"column":41}},"14":{"start":{"line":41,"column":8},"end":{"line":47,"column":10}},"15":{"start":{"line":42,"column":12},"end":{"line":46,"column":42}},"16":{"start":{"line":44,"column":20},"end":{"line":44,"column":49}},"17":{"start":{"line":46,"column":30},"end":{"line":46,"column":41}},"18":{"start":{"line":56,"column":8},"end":{"line":61,"column":10}},"19":{"start":{"line":57,"column":12},"end":{"line":60,"column":14}},"20":{"start":{"line":58,"column":16},"end":{"line":58,"column":41}},"21":{"start":{"line":58,"column":27},"end":{"line":58,"column":39}},"22":{"start":{"line":59,"column":16},"end":{"line":59,"column":30}},"23":{"start":{"line":71,"column":8},"end":{"line":77,"column":10}},"24":{"start":{"line":72,"column":12},"end":{"line":76,"column":42}},"25":{"start":{"line":75,"column":34},"end":{"line":75,"column":48}},"26":{"start":{"line":76,"column":30},"end":{"line":76,"column":41}},"27":{"start":{"line":86,"column":8},"end":{"line":94,"column":10}},"28":{"start":{"line":87,"column":12},"end":{"line":93,"column":42}},"29":{"start":{"line":91,"column":20},"end":{"line":91,"column":35}},"30":{"start":{"line":93,"column":30},"end":{"line":93,"column":41}}},"fnMap":{"0":{"name":"(anonymous_0)","decl":{"start":{"line":11,"column":4},"end":{"line":11,"column":5}},"loc":{"start":{"line":11,"column":24},"end":{"line":19,"column":5}},"line":11},"1":{"name":"(anonymous_1)","decl":{"start":{"line":12,"column":27},"end":{"line":12,"column":28}},"loc":{"start":{"line":12,"column":48},"end":{"line":18,"column":9}},"line":12},"2":{"name":"(anonymous_2)","decl":{"start":{"line":14,"column":25},"end":{"line":14,"column":26}},"loc":{"start":{"line":14,"column":40},"end":{"line":17,"column":13}},"line":14},"3":{"name":"(anonymous_3)","decl":{"start":{"line":26,"column":4},"end":{"line":26,"column":5}},"loc":{"start":{"line":26,"column":32},"end":{"line":33,"column":5}},"line":26},"4":{"name":"(anonymous_4)","decl":{"start":{"line":27,"column":27},"end":{"line":27,"column":28}},"loc":{"start":{"line":27,"column":48},"end":{"line":32,"column":9}},"line":27},"5":{"name":"(anonymous_5)","decl":{"start":{"line":28,"column":76},"end":{"line":28,"column":77}},"loc":{"start":{"line":28,"column":86},"end":{"line":30,"column":13}},"line":28},"6":{"name":"(anonymous_6)","decl":{"start":{"line":31,"column":23},"end":{"line":31,"column":24}},"loc":{"start":{"line":31,"column":30},"end":{"line":31,"column":41}},"line":31},"7":{"name":"(anonymous_7)","decl":{"start":{"line":40,"column":4},"end":{"line":40,"column":5}},"loc":{"start":{"line":40,"column":34},"end":{"line":48,"column":5}},"line":40},"8":{"name":"(anonymous_8)","decl":{"start":{"line":41,"column":27},"end":{"line":41,"column":28}},"loc":{"start":{"line":41,"column":48},"end":{"line":47,"column":9}},"line":41},"9":{"name":"(anonymous_9)","decl":{"start":{"line":43,"column":22},"end":{"line":43,"column":23}},"loc":{"start":{"line":43,"column":34},"end":{"line":45,"column":17}},"line":43},"10":{"name":"(anonymous_10)","decl":{"start":{"line":46,"column":23},"end":{"line":46,"column":24}},"loc":{"start":{"line":46,"column":30},"end":{"line":46,"column":41}},"line":46},"11":{"name":"(anonymous_11)","decl":{"start":{"line":55,"column":4},"end":{"line":55,"column":5}},"loc":{"start":{"line":55,"column":32},"end":{"line":62,"column":5}},"line":55},"12":{"name":"(anonymous_12)","decl":{"start":{"line":56,"column":27},"end":{"line":56,"column":28}},"loc":{"start":{"line":56,"column":48},"end":{"line":61,"column":9}},"line":56},"13":{"name":"(anonymous_13)","decl":{"start":{"line":57,"column":27},"end":{"line":57,"column":28}},"loc":{"start":{"line":57,"column":42},"end":{"line":60,"column":13}},"line":57},"14":{"name":"(anonymous_14)","decl":{"start":{"line":70,"column":4},"end":{"line":70,"column":5}},"loc":{"start":{"line":70,"column":57},"end":{"line":78,"column":5}},"line":70},"15":{"name":"(anonymous_15)","decl":{"start":{"line":71,"column":27},"end":{"line":71,"column":28}},"loc":{"start":{"line":71,"column":48},"end":{"line":77,"column":9}},"line":71},"16":{"name":"(anonymous_16)","decl":{"start":{"line":75,"column":22},"end":{"line":75,"column":23}},"loc":{"start":{"line":75,"column":32},"end":{"line":75,"column":50}},"line":75},"17":{"name":"(anonymous_17)","decl":{"start":{"line":76,"column":23},"end":{"line":76,"column":24}},"loc":{"start":{"line":76,"column":30},"end":{"line":76,"column":41}},"line":76},"18":{"name":"(anonymous_18)","decl":{"start":{"line":85,"column":4},"end":{"line":85,"column":5}},"loc":{"start":{"line":85,"column":40},"end":{"line":95,"column":5}},"line":85},"19":{"name":"(anonymous_19)","decl":{"start":{"line":86,"column":27},"end":{"line":86,"column":28}},"loc":{"start":{"line":86,"column":48},"end":{"line":94,"column":9}},"line":86},"20":{"name":"(anonymous_20)","decl":{"start":{"line":90,"column":22},"end":{"line":90,"column":23}},"loc":{"start":{"line":90,"column":33},"end":{"line":92,"column":17}},"line":90},"21":{"name":"(anonymous_21)","decl":{"start":{"line":93,"column":23},"end":{"line":93,"column":24}},"loc":{"start":{"line":93,"column":30},"end":{"line":93,"column":41}},"line":93}},"branchMap":{"0":{"loc":{"start":{"line":15,"column":16},"end":{"line":15,"column":41}},"type":"if","locations":[{"start":{"line":15,"column":16},"end":{"line":15,"column":41}},{"start":{},"end":{}}],"line":15},"1":{"loc":{"start":{"line":58,"column":16},"end":{"line":58,"column":41}},"type":"if","locations":[{"start":{"line":58,"column":16},"end":{"line":58,"column":41}},{"start":{},"end":{}}],"line":58}},"s":{"0":2,"1":2,"2":2,"3":2,"4":1,"5":1,"6":1,"7":1,"8":0,"9":1,"10":1,"11":1,"12":1,"13":0,"14":0,"15":0,"16":0,"17":0,"18":0,"19":0,"20":0,"21":0,"22":0,"23":0,"24":0,"25":0,"26":0,"27":0,"28":0,"29":0,"30":0},"f":{"0":1,"1":1,"2":1,"3":1,"4":1,"5":1,"6":0,"7":0,"8":0,"9":0,"10":0,"11":0,"12":0,"13":0,"14":0,"15":0,"16":0,"17":0,"18":0,"19":0,"20":0,"21":0},"b":{"0":[0,1],"1":[0,0]},"_coverageSchema":"1a1c01bbd47fc00a2c39e90264f33305004495a9","hash":"c543856e21ccb04fac79a6bb4050be71c8e5d137"}
,"/Users/eyalazimov/WebstormProjects/SemesterPlanner-Server/src/routes/events.js": {"path":"/Users/eyalazimov/WebstormProjects/SemesterPlanner-Server/src/routes/events.js","statementMap":{"0":{"start":{"line":1,"column":15},"end":{"line":1,"column":42}},"1":{"start":{"line":2,"column":24},"end":{"line":2,"column":64}},"2":{"start":{"line":7,"column":0},"end":{"line":11,"column":3}},"3":{"start":{"line":8,"column":4},"end":{"line":10,"column":61}},"4":{"start":{"line":9,"column":24},"end":{"line":9,"column":40}},"5":{"start":{"line":10,"column":22},"end":{"line":10,"column":59}},"6":{"start":{"line":16,"column":0},"end":{"line":20,"column":3}},"7":{"start":{"line":17,"column":4},"end":{"line":19,"column":61}},"8":{"start":{"line":18,"column":23},"end":{"line":18,"column":38}},"9":{"start":{"line":19,"column":22},"end":{"line":19,"column":59}},"10":{"start":{"line":25,"column":0},"end":{"line":29,"column":3}},"11":{"start":{"line":26,"column":4},"end":{"line":28,"column":61}},"12":{"start":{"line":27,"column":20},"end":{"line":27,"column":45}},"13":{"start":{"line":28,"column":22},"end":{"line":28,"column":59}},"14":{"start":{"line":34,"column":0},"end":{"line":69,"column":3}},"15":{"start":{"line":35,"column":4},"end":{"line":68,"column":61}},"16":{"start":{"line":37,"column":12},"end":{"line":39,"column":13}},"17":{"start":{"line":38,"column":16},"end":{"line":38,"column":57}},"18":{"start":{"line":40,"column":12},"end":{"line":42,"column":13}},"19":{"start":{"line":41,"column":16},"end":{"line":41,"column":57}},"20":{"start":{"line":43,"column":12},"end":{"line":45,"column":13}},"21":{"start":{"line":44,"column":16},"end":{"line":44,"column":43}},"22":{"start":{"line":46,"column":12},"end":{"line":48,"column":13}},"23":{"start":{"line":47,"column":16},"end":{"line":47,"column":53}},"24":{"start":{"line":49,"column":12},"end":{"line":51,"column":13}},"25":{"start":{"line":50,"column":16},"end":{"line":50,"column":49}},"26":{"start":{"line":52,"column":12},"end":{"line":54,"column":13}},"27":{"start":{"line":53,"column":16},"end":{"line":53,"column":53}},"28":{"start":{"line":55,"column":12},"end":{"line":57,"column":13}},"29":{"start":{"line":56,"column":16},"end":{"line":56,"column":49}},"30":{"start":{"line":58,"column":12},"end":{"line":60,"column":13}},"31":{"start":{"line":59,"column":16},"end":{"line":59,"column":55}},"32":{"start":{"line":61,"column":12},"end":{"line":63,"column":13}},"33":{"start":{"line":62,"column":16},"end":{"line":62,"column":45}},"34":{"start":{"line":64,"column":12},"end":{"line":66,"column":69}},"35":{"start":{"line":65,"column":28},"end":{"line":65,"column":74}},"36":{"start":{"line":66,"column":30},"end":{"line":66,"column":67}},"37":{"start":{"line":68,"column":22},"end":{"line":68,"column":59}},"38":{"start":{"line":74,"column":0},"end":{"line":78,"column":3}},"39":{"start":{"line":75,"column":4},"end":{"line":77,"column":61}},"40":{"start":{"line":76,"column":25},"end":{"line":76,"column":69}},"41":{"start":{"line":77,"column":22},"end":{"line":77,"column":59}},"42":{"start":{"line":80,"column":0},"end":{"line":80,"column":24}}},"fnMap":{"0":{"name":"(anonymous_0)","decl":{"start":{"line":7,"column":31},"end":{"line":7,"column":32}},"loc":{"start":{"line":7,"column":45},"end":{"line":11,"column":1}},"line":7},"1":{"name":"(anonymous_1)","decl":{"start":{"line":9,"column":14},"end":{"line":9,"column":15}},"loc":{"start":{"line":9,"column":24},"end":{"line":9,"column":40}},"line":9},"2":{"name":"(anonymous_2)","decl":{"start":{"line":10,"column":15},"end":{"line":10,"column":16}},"loc":{"start":{"line":10,"column":22},"end":{"line":10,"column":59}},"line":10},"3":{"name":"(anonymous_3)","decl":{"start":{"line":16,"column":36},"end":{"line":16,"column":37}},"loc":{"start":{"line":16,"column":50},"end":{"line":20,"column":1}},"line":16},"4":{"name":"(anonymous_4)","decl":{"start":{"line":18,"column":14},"end":{"line":18,"column":15}},"loc":{"start":{"line":18,"column":23},"end":{"line":18,"column":38}},"line":18},"5":{"name":"(anonymous_5)","decl":{"start":{"line":19,"column":15},"end":{"line":19,"column":16}},"loc":{"start":{"line":19,"column":22},"end":{"line":19,"column":59}},"line":19},"6":{"name":"(anonymous_6)","decl":{"start":{"line":25,"column":33},"end":{"line":25,"column":34}},"loc":{"start":{"line":25,"column":47},"end":{"line":29,"column":1}},"line":25},"7":{"name":"(anonymous_7)","decl":{"start":{"line":27,"column":14},"end":{"line":27,"column":15}},"loc":{"start":{"line":27,"column":20},"end":{"line":27,"column":45}},"line":27},"8":{"name":"(anonymous_8)","decl":{"start":{"line":28,"column":15},"end":{"line":28,"column":16}},"loc":{"start":{"line":28,"column":22},"end":{"line":28,"column":59}},"line":28},"9":{"name":"(anonymous_9)","decl":{"start":{"line":34,"column":29},"end":{"line":34,"column":30}},"loc":{"start":{"line":34,"column":49},"end":{"line":69,"column":1}},"line":34},"10":{"name":"(anonymous_10)","decl":{"start":{"line":36,"column":14},"end":{"line":36,"column":15}},"loc":{"start":{"line":36,"column":25},"end":{"line":67,"column":9}},"line":36},"11":{"name":"(anonymous_11)","decl":{"start":{"line":65,"column":22},"end":{"line":65,"column":23}},"loc":{"start":{"line":65,"column":28},"end":{"line":65,"column":74}},"line":65},"12":{"name":"(anonymous_12)","decl":{"start":{"line":66,"column":23},"end":{"line":66,"column":24}},"loc":{"start":{"line":66,"column":30},"end":{"line":66,"column":67}},"line":66},"13":{"name":"(anonymous_13)","decl":{"start":{"line":68,"column":15},"end":{"line":68,"column":16}},"loc":{"start":{"line":68,"column":22},"end":{"line":68,"column":59}},"line":68},"14":{"name":"(anonymous_14)","decl":{"start":{"line":74,"column":26},"end":{"line":74,"column":27}},"loc":{"start":{"line":74,"column":46},"end":{"line":78,"column":1}},"line":74},"15":{"name":"(anonymous_15)","decl":{"start":{"line":76,"column":14},"end":{"line":76,"column":15}},"loc":{"start":{"line":76,"column":25},"end":{"line":76,"column":69}},"line":76},"16":{"name":"(anonymous_16)","decl":{"start":{"line":77,"column":15},"end":{"line":77,"column":16}},"loc":{"start":{"line":77,"column":22},"end":{"line":77,"column":59}},"line":77}},"branchMap":{"0":{"loc":{"start":{"line":37,"column":12},"end":{"line":39,"column":13}},"type":"if","locations":[{"start":{"line":37,"column":12},"end":{"line":39,"column":13}},{"start":{},"end":{}}],"line":37},"1":{"loc":{"start":{"line":40,"column":12},"end":{"line":42,"column":13}},"type":"if","locations":[{"start":{"line":40,"column":12},"end":{"line":42,"column":13}},{"start":{},"end":{}}],"line":40},"2":{"loc":{"start":{"line":43,"column":12},"end":{"line":45,"column":13}},"type":"if","locations":[{"start":{"line":43,"column":12},"end":{"line":45,"column":13}},{"start":{},"end":{}}],"line":43},"3":{"loc":{"start":{"line":46,"column":12},"end":{"line":48,"column":13}},"type":"if","locations":[{"start":{"line":46,"column":12},"end":{"line":48,"column":13}},{"start":{},"end":{}}],"line":46},"4":{"loc":{"start":{"line":49,"column":12},"end":{"line":51,"column":13}},"type":"if","locations":[{"start":{"line":49,"column":12},"end":{"line":51,"column":13}},{"start":{},"end":{}}],"line":49},"5":{"loc":{"start":{"line":52,"column":12},"end":{"line":54,"column":13}},"type":"if","locations":[{"start":{"line":52,"column":12},"end":{"line":54,"column":13}},{"start":{},"end":{}}],"line":52},"6":{"loc":{"start":{"line":55,"column":12},"end":{"line":57,"column":13}},"type":"if","locations":[{"start":{"line":55,"column":12},"end":{"line":57,"column":13}},{"start":{},"end":{}}],"line":55},"7":{"loc":{"start":{"line":58,"column":12},"end":{"line":60,"column":13}},"type":"if","locations":[{"start":{"line":58,"column":12},"end":{"line":60,"column":13}},{"start":{},"end":{}}],"line":58},"8":{"loc":{"start":{"line":61,"column":12},"end":{"line":63,"column":13}},"type":"if","locations":[{"start":{"line":61,"column":12},"end":{"line":63,"column":13}},{"start":{},"end":{}}],"line":61}},"s":{"0":2,"1":2,"2":2,"3":0,"4":0,"5":0,"6":2,"7":0,"8":0,"9":0,"10":2,"11":0,"12":0,"13":0,"14":2,"15":0,"16":0,"17":0,"18":0,"19":0,"20":0,"21":0,"22":0,"23":0,"24":0,"25":0,"26":0,"27":0,"28":0,"29":0,"30":0,"31":0,"32":0,"33":0,"34":0,"35":0,"36":0,"37":0,"38":2,"39":0,"40":0,"41":0,"42":2},"f":{"0":0,"1":0,"2":0,"3":0,"4":0,"5":0,"6":0,"7":0,"8":0,"9":0,"10":0,"11":0,"12":0,"13":0,"14":0,"15":0,"16":0},"b":{"0":[0,0],"1":[0,0],"2":[0,0],"3":[0,0],"4":[0,0],"5":[0,0],"6":[0,0],"7":[0,0],"8":[0,0]},"_coverageSchema":"1a1c01bbd47fc00a2c39e90264f33305004495a9","hash":"c2780f7a356052efcda1fd76a5ee41f63576e49f"}
,"/Users/eyalazimov/WebstormProjects/SemesterPlanner-Server/src/routes/friend.js": {"path":"/Users/eyalazimov/WebstormProjects/SemesterPlanner-Server/src/routes/friend.js","statementMap":{"0":{"start":{"line":1,"column":15},"end":{"line":1,"column":42}},"1":{"start":{"line":2,"column":26},"end":{"line":2,"column":68}},"2":{"start":{"line":3,"column":22},"end":{"line":3,"column":62}},"3":{"start":{"line":4,"column":28},"end":{"line":4,"column":70}},"4":{"start":{"line":5,"column":32},"end":{"line":5,"column":80}},"5":{"start":{"line":14,"column":0},"end":{"line":37,"column":3}},"6":{"start":{"line":16,"column":2},"end":{"line":35,"column":3}},"7":{"start":{"line":17,"column":4},"end":{"line":17,"column":61}},"8":{"start":{"line":18,"column":9},"end":{"line":35,"column":3}},"9":{"start":{"line":19,"column":4},"end":{"line":19,"column":59}},"10":{"start":{"line":21,"column":24},"end":{"line":21,"column":55}},"11":{"start":{"line":22,"column":26},"end":{"line":22,"column":59}},"12":{"start":{"line":24,"column":4},"end":{"line":34,"column":5}},"13":{"start":{"line":25,"column":31},"end":{"line":25,"column":80}},"14":{"start":{"line":26,"column":28},"end":{"line":26,"column":80}},"15":{"start":{"line":28,"column":6},"end":{"line":30,"column":7}},"16":{"start":{"line":29,"column":8},"end":{"line":29,"column":47}},"17":{"start":{"line":33,"column":6},"end":{"line":33,"column":83}},"18":{"start":{"line":40,"column":2},"end":{"line":42,"column":81}},"19":{"start":{"line":51,"column":0},"end":{"line":61,"column":2}},"20":{"start":{"line":52,"column":16},"end":{"line":52,"column":43}},"21":{"start":{"line":53,"column":18},"end":{"line":53,"column":63}},"22":{"start":{"line":55,"column":2},"end":{"line":59,"column":3}},"23":{"start":{"line":56,"column":4},"end":{"line":56,"column":41}},"24":{"start":{"line":58,"column":4},"end":{"line":58,"column":70}},"25":{"start":{"line":70,"column":0},"end":{"line":91,"column":2}},"26":{"start":{"line":71,"column":16},"end":{"line":71,"column":41}},"27":{"start":{"line":72,"column":28},"end":{"line":72,"column":44}},"28":{"start":{"line":73,"column":16},"end":{"line":73,"column":61}},"29":{"start":{"line":74,"column":26},"end":{"line":74,"column":134}},"30":{"start":{"line":74,"column":61},"end":{"line":74,"column":133}},"31":{"start":{"line":74,"column":106},"end":{"line":74,"column":132}},"32":{"start":{"line":75,"column":2},"end":{"line":83,"column":3}},"33":{"start":{"line":76,"column":4},"end":{"line":76,"column":69}},"34":{"start":{"line":77,"column":30},"end":{"line":77,"column":80}},"35":{"start":{"line":77,"column":63},"end":{"line":77,"column":79}},"36":{"start":{"line":78,"column":19},"end":{"line":78,"column":32}},"37":{"start":{"line":79,"column":4},"end":{"line":82,"column":5}},"38":{"start":{"line":84,"column":18},"end":{"line":84,"column":84}},"39":{"start":{"line":85,"column":2},"end":{"line":89,"column":3}},"40":{"start":{"line":86,"column":4},"end":{"line":86,"column":36}},"41":{"start":{"line":88,"column":4},"end":{"line":88,"column":83}},"42":{"start":{"line":101,"column":0},"end":{"line":117,"column":3}},"43":{"start":{"line":102,"column":20},"end":{"line":102,"column":49}},"44":{"start":{"line":103,"column":16},"end":{"line":103,"column":41}},"45":{"start":{"line":104,"column":18},"end":{"line":104,"column":67}},"46":{"start":{"line":105,"column":2},"end":{"line":116,"column":3}},"47":{"start":{"line":106,"column":4},"end":{"line":106,"column":67}},"48":{"start":{"line":108,"column":4},"end":{"line":113,"column":5}},"49":{"start":{"line":109,"column":6},"end":{"line":109,"column":73}},"50":{"start":{"line":110,"column":6},"end":{"line":110,"column":50}},"51":{"start":{"line":112,"column":6},"end":{"line":112,"column":21}},"52":{"start":{"line":115,"column":4},"end":{"line":115,"column":52}},"53":{"start":{"line":123,"column":16},"end":{"line":123,"column":75}},"54":{"start":{"line":124,"column":2},"end":{"line":126,"column":3}},"55":{"start":{"line":125,"column":4},"end":{"line":125,"column":64}},"56":{"start":{"line":135,"column":0},"end":{"line":150,"column":2}},"57":{"start":{"line":137,"column":2},"end":{"line":149,"column":3}},"58":{"start":{"line":138,"column":4},"end":{"line":138,"column":53}},"59":{"start":{"line":140,"column":18},"end":{"line":140,"column":45}},"60":{"start":{"line":141,"column":27},"end":{"line":141,"column":83}},"61":{"start":{"line":143,"column":4},"end":{"line":147,"column":5}},"62":{"start":{"line":144,"column":6},"end":{"line":144,"column":42}},"63":{"start":{"line":146,"column":6},"end":{"line":146,"column":63}},"64":{"start":{"line":158,"column":0},"end":{"line":172,"column":2}},"65":{"start":{"
[...]
},"line":89},"20":{"name":"(anonymous_20)","decl":{"start":{"line":94,"column":10},"end":{"line":94,"column":11}},"loc":{"start":{"line":94,"column":20},"end":{"line":124,"column":5}},"line":94},"21":{"name":"(anonymous_21)","decl":{"start":{"line":105,"column":14},"end":{"line":105,"column":15}},"loc":{"start":{"line":105,"column":24},"end":{"line":122,"column":9}},"line":105},"22":{"name":"(anonymous_22)","decl":{"start":{"line":107,"column":18},"end":{"line":107,"column":19}},"loc":{"start":{"line":107,"column":31},"end":{"line":120,"column":13}},"line":107},"23":{"name":"(anonymous_23)","decl":{"start":{"line":113,"column":24},"end":{"line":113,"column":25}},"loc":{"start":{"line":113,"column":30},"end":{"line":113,"column":85}},"line":113},"24":{"name":"(anonymous_24)","decl":{"start":{"line":114,"column":25},"end":{"line":114,"column":26}},"loc":{"start":{"line":114,"column":32},"end":{"line":114,"column":69}},"line":114},"25":{"name":"(anonymous_25)","decl":{"start":{"line":121,"column":19},"end":{"line":121,"column":20}},"loc":{"start":{"line":121,"column":26},"end":{"line":121,"column":63}},"line":121},"26":{"name":"(anonymous_26)","decl":{"start":{"line":123,"column":15},"end":{"line":123,"column":16}},"loc":{"start":{"line":123,"column":22},"end":{"line":123,"column":59}},"line":123},"27":{"name":"(anonymous_27)","decl":{"start":{"line":125,"column":11},"end":{"line":125,"column":12}},"loc":{"start":{"line":125,"column":18},"end":{"line":125,"column":55}},"line":125},"28":{"name":"(anonymous_28)","decl":{"start":{"line":133,"column":28},"end":{"line":133,"column":29}},"loc":{"start":{"line":133,"column":48},"end":{"line":138,"column":1}},"line":133},"29":{"name":"(anonymous_29)","decl":{"start":{"line":136,"column":10},"end":{"line":136,"column":11}},"loc":{"start":{"line":136,"column":21},"end":{"line":136,"column":48}},"line":136},"30":{"name":"(anonymous_30)","decl":{"start":{"line":137,"column":11},"end":{"line":137,"column":12}},"loc":{"start":{"line":137,"column":18},"end":{"line":137,"column":55}},"line":137},"31":{"name":"(anonymous_31)","decl":{"start":{"line":141,"column":29},"end":{"line":141,"column":30}},"loc":{"start":{"line":141,"column":49},"end":{"line":146,"column":1}},"line":141},"32":{"name":"(anonymous_32)","decl":{"start":{"line":144,"column":10},"end":{"line":144,"column":11}},"loc":{"start":{"line":144,"column":22},"end":{"line":144,"column":60}},"line":144},"33":{"name":"(anonymous_33)","decl":{"start":{"line":145,"column":11},"end":{"line":145,"column":12}},"loc":{"start":{"line":145,"column":18},"end":{"line":145,"column":55}},"line":145},"34":{"name":"(anonymous_34)","decl":{"start":{"line":151,"column":21},"end":{"line":151,"column":22}},"loc":{"start":{"line":151,"column":35},"end":{"line":155,"column":1}},"line":151},"35":{"name":"(anonymous_35)","decl":{"start":{"line":153,"column":10},"end":{"line":153,"column":11}},"loc":{"start":{"line":153,"column":16},"end":{"line":153,"column":48}},"line":153},"36":{"name":"(anonymous_36)","decl":{"start":{"line":154,"column":11},"end":{"line":154,"column":12}},"loc":{"start":{"line":154,"column":18},"end":{"line":154,"column":55}},"line":154},"37":{"name":"(anonymous_37)","decl":{"start":{"line":158,"column":41},"end":{"line":158,"column":42}},"loc":{"start":{"line":158,"column":61},"end":{"line":162,"column":1}},"line":158},"38":{"name":"(anonymous_38)","decl":{"start":{"line":160,"column":10},"end":{"line":160,"column":11}},"loc":{"start":{"line":160,"column":18},"end":{"line":160,"column":44}},"line":160},"39":{"name":"(anonymous_39)","decl":{"start":{"line":161,"column":11},"end":{"line":161,"column":12}},"loc":{"start":{"line":161,"column":18},"end":{"line":161,"column":55}},"line":161},"40":{"name":"(anonymous_40)","decl":{"start":{"line":164,"column":44},"end":{"line":164,"column":45}},"loc":{"start":{"line":164,"column":64},"end":{"line":168,"column":1}},"line":164},"41":{"name":"(anonymous_41)","decl":{"start":{"line":166,"column":10},"end":{"line":166,"column":11}},"loc":{"start":{"line":166,"column":20},"end":{"line":166,"column":71}},"line":166},"42":{"name":"(anonymous_42)","decl":{"start":{"line":167,"column":11},"end":{"line":167,"column":12}},"loc":{"start":{"line":167,"column":18},"end":{"line":167,"column":55}},"line":167},"43":{"name":"(anonymous_43)","decl":{"start":{"line":171,"column":40},"end":{"line":171,"column":41}},"loc":{"start":{"line":171,"column":60},"end":{"line":175,"column":1}},"line":171},"44":{"name":"(anonymous_44)","decl":{"start":{"line":173,"column":10},"end":{"line":173,"column":11}},"loc":{"start":{"line":173,"column":19},"end":{"line":173,"column":46}},"line":173},"45":{"name":"(anonymous_45)","decl":{"start":{"line":174,"column":11},"end":{"line":174,"column":12}},"loc":{"start":{"line":174,"column":18},"end":{"line":174,"column":55}},"line":174}},"branchMap":{"0":{"loc":{"start":{"line":10,"column":6},"end":{"line":12,"column":7}},"type":"if","locations":[{"start":{"line":10,"column":6},"end":{"line":12,"column":7}},{"start":{},"end":{}}],"line":10},"1":{"loc":{"start":{"line":13,"column":6},"end":{"line":15,"column":7}},"type":"if","locations":[{"start":{"line":13,"column":6},"end":{"line":15,"column":7}},{"start":{},"end":{}}],"line":13},"2":{"loc":{"start":{"line":16,"column":6},"end":{"line":18,"column":7}},"type":"if","locations":[{"start":{"line":16,"column":6},"end":{"line":18,"column":7}},{"start":{},"end":{}}],"line":16},"3":{"loc":{"start":{"line":19,"column":6},"end":{"line":21,"column":7}},"type":"if","locations":[{"start":{"line":19,"column":6},"end":{"line":21,"column":7}},{"start":{},"end":{}}],"line":19},"4":{"loc":{"start":{"line":22,"column":6},"end":{"line":24,"column":7}},"type":"if","locations":[{"start":{"line":22,"column":6},"end":{"line":24,"column":7}},{"start":{},"end":{}}],"line":22},"5":{"loc":{"start":{"line":25,"column":6},"end":{"line":27,"column":7}},"type":"if","locations":[{"start":{"line":25,"column":6},"end":{"line":27,"column":7}},{"start":{},"end":{}}],"line":25},"6":{"loc":{"start":{"line":64,"column":6},"end":{"line":70,"column":7}},"type":"if","locations":[{"start":{"line":64,"column":6},"end":{"line":70,"column":7}},{"start":{"line":67,"column":11},"end":{"line":70,"column":7}}],"line":64},"7":{"loc":{"start":{"line":97,"column":6},"end":{"line":103,"column":7}},"type":"if","locations":[{"start":{"line":97,"column":6},"end":{"line":103,"column":7}},{"start":{"line":100,"column":11},"end":{"line":103,"column":7}}],"line":97},"8":{"loc":{"start":{"line":110,"column":14},"end":{"line":119,"column":15}},"type":"if","locations":[{"start":{"line":110,"column":14},"end":{"line":119,"column":15}},{"start":{"line":116,"column":19},"end":{"line":119,"column":15}}],"line":110}},"s":{"0":2,"1":2,"2":2,"3":2,"4":2,"5":0,"6":0,"7":0,"8":0,"9":0,"10":0,"11":0,"12":0,"13":0,"14":0,"15":0,"16":0,"17":0,"18":0,"19":0,"20":0,"21":0,"22":2,"23":1,"24":1,"25":0,"26":2,"27":1,"28":1,"29":1,"30":0,"31":2,"32":0,"33":0,"34":0,"35":0,"36":0,"37":0,"38":0,"39":0,"40":0,"41":0,"42":0,"43":0,"44":0,"45":0,"46":0,"47":0,"48":0,"49":2,"50":0,"51":0,"52":0,"53":0,"54":0,"55":0,"56":0,"57":0,"58":0,"59":0,"60":0,"61":0,"62":0,"63":0,"64":0,"65":0,"66":0,"67":0,"68":0,"69":0,"70":0,"71":0,"72":0,"73":2,"74":0,"75":0,"76":0,"77":0,"78":2,"79":0,"80":0,"81":0,"82":0,"83":2,"84":0,"85":0,"86":0,"87":2,"88":0,"89":0,"90":0,"91":2,"92":0,"93":0,"94":0,"95":2,"96":0,"97":0,"98":0,"99":2},"f":{"0":0,"1":0,"2":0,"3":0,"4":0,"5":1,"6":1,"7":0,"8":1,"9":1,"10":0,"11":0,"12":0,"13":0,"14":0,"15":0,"16":0,"17":0,"18":0,"19":0,"20":0,"21":0,"22":0,"23":0,"24":0,"25":0,"26":0,"27":0,"28":0,"29":0,"30":0,"31":0,"32":0,"33":0,"34":0,"35":0,"36":0,"37":0,"38":0,"39":0,"40":0,"41":0,"42":0,"43":0,"44":0,"45":0},"b":{"0":[0,0],"1":[0,0],"2":[0,0],"3":[0,0],"4":[0,0],"5":[0,0],"6":[0,0],"7":[0,0],"8":[0,0]},"_coverageSchema":"1a1c01bbd47fc00a2c39e90264f33305004495a9","hash":"c800404ba99f6b28851e735486a90a37386d2055"}
,"/Users/eyalazimov/WebstormProjects/SemesterPlanner-Server/src/routes/student.js": {"path":"/Users/eyalazimov/WebstormProjects/SemesterPlanner-Server/src/routes/student.js","statementMap":{"0":{"start":{"line":1,"column":15},"end":{"line":1,"column":42}},"1":{"start":{"line":2,"column":20},"end":{"line":2,"column":64}},"2":{"start":{"line":3,"column":26},"end":{"line":3,"column":68}},"3":{"start":{"line":8,"column":0},"end":{"line":12,"column":3}},"4":{"start":{"line":9,"column":4},"end":{"line":11,"column":61}},"5":{"start":{"line":10,"column":23},"end":{"line":10,"column":38}},"6":{"start":{"line":11,"column":22},"end":{"line":11,"column":59}},"7":{"start":{"line":17,"column":0},"end":{"line":21,"column":3}},"8":{"start":{"line":18,"column":4},"end":{"line":20,"column":61}},"9":{"start":{"line":19,"column":22},"end":{"line":19,"column":36}},"10":{"start":{"line":20,"column":22},"end":{"line":20,"column":59}},"11":{"start":{"line":26,"column":0},"end":{"line":30,"column":3}},"12":{"start":{"line":27,"column":4},"end":{"line":29,"column":61}},"13":{"start":{"line":28,"column":22},"end":{"line":28,"column":36}},"14":{"start":{"line":29,"column":22},"end":{"line":29,"column":59}},"15":{"start":{"line":35,"column":0},"end":{"line":39,"column":3}},"16":{"start":{"line":36,"column":4},"end":{"line":38,"column":61}},"17":{"start":{"line":37,"column":22},"end":{"line":37,"column":36}},"18":{"start":{"line":38,"column":22},"end":{"line":38,"column":59}},"19":{"start":{"line":44,"column":0},"end":{"line":48,"column":2}},"20":{"start":{"line":45,"column":4},"end":{"line":47,"column":61}},"21":{"start":{"line":46,"column":24},"end":{"line":46,"column":53}},"22":{"start":{"line":47,"column":22},"end":{"line":47,"column":59}},"23":{"start":{"line":53,"column":0},"end":{"line":57,"column":3}},"24":{"start":{"line":54,"column":4},"end":{"line":56,"column":61}},"25":{"start":{"line":55,"column":24},"end":{"line":55,"column":53}},"26":{"start":{"line":56,"column":22},"end":{"line":56,"column":59}},"27":{"start":{"line":62,"column":0},"end":{"line":87,"column":3}},"28":{"start":{"line":63,"column":4},"end":{"line":86,"column":61}},"29":{"start":{"line":65,"column":12},"end":{"line":67,"column":13}},"30":{"start":{"line":66,"column":16},"end":{"line":66,"column":53}},"31":{"start":{"line":68,"column":12},"end":{"line":70,"column":13}},"32":{"start":{"line":69,"column":16},"end":{"line":69,"column":47}},"33":{"start":{"line":71,"column":12},"end":{"line":73,"column":13}},"34":{"start":{"line":72,"column":16},"end":{"line":72,"column":76}},"35":{"start":{"line":74,"column":12},"end":{"line":76,"column":13}},"36":{"start":{"line":75,"column":16},"end":{"line":75,"column":51}},"37":{"start":{"line":77,"column":12},"end":{"line":79,"column":13}},"38":{"start":{"line":78,"column":16},"end":{"line":78,"column":51}},"39":{"start":{"line":80,"column":12},"end":{"line":80,"column":61}},"40":{"start":{"line":82,"column":12},"end":{"line":84,"column":69}},"41":{"start":{"line":83,"column":35},"end":{"line":83,"column":79}},"42":{"start":{"line":84,"column":30},"end":{"line":84,"column":67}},"43":{"start":{"line":86,"column":22},"end":{"line":86,"column":59}},"44":{"start":{"line":92,"column":0},"end":{"line":97,"column":3}},"45":{"start":{"line":93,"column":4},"end":{"line":95,"column":61}},"46":{"start":{"line":94,"column":30},"end":{"line":94,"column":87}},"47":{"start":{"line":95,"column":22},"end":{"line":95,"column":59}},"48":{"start":{"line":99,"column":0},"end":{"line":99,"column":24}}},"fnMap":{"0":{"name":"(anonymous_0)","decl":{"start":{"line":8,"column":22},"end":{"line":8,"column":23}},"loc":{"start":{"line":8,"column":36},"end":{"line":12,"column":1}},"line":8},"1":{"name":"(anonymous_1)","decl":{"start":{"line":10,"column":14},"end":{"line":10,"column":15}},"loc":{"start":{"line":10,"column":23},"end":{"line":10,"column":38}},"line":10},"2":{"name":"(anonymous_2)","decl":{"start":{"line":11,"column":15},"end":{"line":11,"column":16}},"loc":{"start":{"line":11,"column":22},"end":{"line":11,"column":59}},"line":11},"3":{"name":"(anonymous_3)","decl":{"start":{"line":17,"column":28},"end":{"line":17,"column":29}},"loc":{"start":{"line":17,"column":42},"end":{"line":21,"column":1}},"line":17},"4":{"name":"(anonymous_4)","decl":{"start":{"line":19,"column":14},"end":{"line":19,"column":15}},"loc":{"start":{"line":19,"column":22},"end":{"line":19,"column":36}},"line":19},"5":{"name":"(anonymous_5)","decl":{"start":{"line":20,"column":15},"end":{"line":20,"column":16}},"loc":{"start":{"line":20,"column":22},"end":{"line":20,"column":59}},"line":20},"6":{"name":"(anonymous_6)","decl":{"start":{"line":26,"column":40},"end":{"line":26,"column":41}},"loc":{"start":{"line":26,"column":54},"end":{"line":30,"column":1}},"line":26},"7":{"name":"(anonymous_7)","decl":{"start":{"line":28,"column":14},"end":{"line":28,"column":15}},"loc":{"start":{"line":28,"column":22},"end":{"line":28,"column":36}},"line":28},"8":{"name":"(anonymous_8)","decl":{"start":{"line":29,"column":15},"end":{"line":29,"column":16}},"loc":{"start":{"line":29,"column":22},"end":{"line":29,"column":59}},"line":29},"9":{"name":"(anonymous_9)","decl":{"start":{"line":35,"column":34},"end":{"line":35,"column":35}},"loc":{"start":{"line":35,"column":48},"end":{"line":39,"column":1}},"line":35},"10":{"name":"(anonymous_10)","decl":{"start":{"line":37,"column":14},"end":{"line":37,"column":15}},"loc":{"start":{"line":37,"column":22},"end":{"line":37,"column":36}},"line":37},"11":{"name":"(anonymous_11)","decl":{"start":{"line":38,"column":15},"end":{"line":38,"column":16}},"loc":{"start":{"line":38,"column":22},"end":{"line":38,"column":59}},"line":38},"12":{"name":"(anonymous_12)","decl":{"start":{"line":44,"column":28},"end":{"line":44,"column":29}},"loc":{"start":{"line":44,"column":42},"end":{"line":48,"column":1}},"line":44},"13":{"name":"(anonymous_13)","decl":{"start":{"line":46,"column":14},"end":{"line":46,"column":15}},"loc":{"start":{"line":46,"column":24},"end":{"line":46,"column":53}},"line":46},"14":{"name":"(anonymous_14)","decl":{"start":{"line":47,"column":15},"end":{"line":47,"column":16}},"loc":{"start":{"line":47,"column":22},"end":{"line":47,"column":59}},"line":47},"15":{"name":"(anonymous_15)","decl":{"start":{"line":53,"column":37},"end":{"line":53,"column":38}},"loc":{"start":{"line":53,"column":51},"end":{"line":57,"column":1}},"line":53},"16":{"name":"(anonymous_16)","decl":{"start":{"line":55,"column":14},"end":{"line":55,"column":15}},"loc":{"start":{"line":55,"column":24},"end":{"line":55,"column":53}},"line":55},"17":{"name":"(anonymous_17)","decl":{"start":{"line":56,"column":15},"end":{"line":56,"column":16}},"loc":{"start":{"line":56,"column":22},"end":{"line":56,"column":59}},"line":56},"18":{"name":"(anonymous_18)","decl":{"start":{"line":62,"column":42},"end":{"line":62,"column":43}},"loc":{"start":{"line":62,"column":62},"end":{"line":87,"column":1}},"line":62},"19":{"name":"(anonymous_19)","decl":{"start":{"line":64,"column":14},"end":{"line":64,"column":15}},"loc":{"start":{"line":64,"column":33},"end":{"line":85,"column":9}},"line":64},"20":{"name":"(anonymous_20)","decl":{"start":{"line":83,"column":22},"end":{"line":83,"column":23}},"loc":{"start":{"line":83,"column":35},"end":{"line":83,"column":79}},"line":83},"21":{"name":"(anonymous_21)","decl":{"start":{"line":84,"column":23},"end":{"line":84,"column":24}},"loc":{"start":{"line":84,"column":30},"end":{"line":84,"column":67}},"line":84},"22":{"name":"(anonymous_22)","decl":{"start":{"line":86,"column":15},"end":{"line":86,"column":16}},"loc":{"start":{"line":86,"column":22},"end":{"line":86,"column":59}},"line":86},"23":{"name":"(anonymous_23)","decl":{"start":{"line":92,"column":26},"end":{"line":92,"column":27}},"loc":{"start":{"line":92,"column":46},"end":{"line":97,"column":1}},"line":92},"24":{"name":"(anonymous_24)","decl":{"start":{"line":94,"column":14},"end":{"line":94,"column":15}},"loc":{"start":{"line":94,"column":30},"end":{"line":94,"column":87}},"line":94},"25":{"name":"(anonymous_25)","decl":{"start":{"line":95,"column":15},"end":{"line":95,"column":16}},"loc":{"start":{"line":95,"column":22},"end":{"line":95,"column":59}},"line":95}},"branchMap":{"0":{"loc":{"start":{"line":65,"column":12},"end":{"line":67,"column":13}},"type":"if","locations":[{"start":{"line":65,"column":12},"end":{"line":67,"column":13}},{"start":{},"end":{}}],"line":65},"1":{"loc":{"start":{"line":68,"column":12},"end":{"line":70,"column":13}},"type":"if","locations":[{"start":{"line":68,"column":12},"end":{"line":70,"column":13}},{"start":{},"end":{}}],"line":68},"2":{"loc":{"start":{"line":71,"column":12},"end":{"line":73,"column":13}},"type":"if","locations":[{"start":{"line":71,"column":12},"end":{"line":73,"column":13}},{"start":{},"end":{}}],"line":71},"3":{"loc":{"start":{"line":74,"column":12},"end":{"line":76,"column":13}},"type":"if","locations":[{"start":{"line":74,"column":12},"end":{"line":76,"column":13}},{"start":{},"end":{}}],"line":74},"4":{"loc":{"start":{"line":77,"column":12},"end":{"line":79,"column":13}},"type":"if","locations":[{"start":{"line":77,"column":12},"end":{"line":79,"column":13}},{"start":{},"end":{}}],"line":77}},"s":{"0":2,"1":2,"2":2,"3":2,"4":0,"5":0,"6":0,"7":2,"8":0,"9":0,"10":0,"11":2,"12":0,"13":0,"14":0,"15":2,"16":0,"17":0,"18":0,"19":2,"20":0,"21":0,"22":0,"23":2,"24":1,"25":1,"26":0,"27":2,"28":0,"29":0,"30":0,"31":0,"32":0,"33":0,"34":0,"35":0,"36":0,"37":0,"38":0,"39":0,"40":0,"41":0,"42":0,"43":0,"44":2,"45":5,"46":5,"47":0,"48":2},"f":{"0":0,"1":0,"2":0,"3":0,"4":0,"5":0,"6":0,"7":0,"8":0,"9":0,"10":0,"11":0,"12":0,"13":0,"14":0,"15":1,"16":1,"17":0,"18":0,"19":0,"20":0,"21":0,"22":0,"23":5,"24":5,"25":0},"b":{"0":[0,0],"1":[0,0],"2":[0,0],"3":[0,0],"4":[0,0]},"_coverageSchema":"1a1c01bbd47fc00a2c39e90264f33305004495a9","hash":"201cc0dad4abb2d455c60824f95b3a935c5fb801"}
,"/Users/eyalazimov/WebstormProjects/SemesterPlanner-Server/src/routes/tokenVerification.js": {"path":"/Users/eyalazimov/WebstormProjects/SemesterPlanner-Server/src/routes/tokenVerification.js","statementMap":{"0":{"start":{"line":1,"column":12},"end":{"line":1,"column":35}},"1":{"start":{"line":3,"column":22},"end":{"line":21,"column":1}},"2":{"start":{"line":4,"column":22},"end":{"line":4,"column":51}},"3":{"start":{"line":5,"column":2},"end":{"line":20,"column":3}},"4":{"start":{"line":7,"column":4},"end":{"line":7,"column":85}},"5":{"start":{"line":9,"column":18},"end":{"line":9,"column":43}},"6":{"start":{"line":10,"column":4},"end":{"line":19,"column":7}},"7":{"start":{"line":11,"column":6},"end":{"line":18,"column":7}},"8":{"start":{"line":13,"column":8},"end":{"line":13,"column":90}},"9":{"start":{"line":15,"column":8},"end":{"line":15,"column":36}},"10":{"start":{"line":17,"column":8},"end":{"line":17,"column":15}},"11":{"start":{"line":23,"column":0},"end":{"line":23,"column":35}}},"fnMap":{"0":{"name":"(anonymous_0)","decl":{"start":{"line":3,"column":22},"end":{"line":3,"column":23}},"loc":{"start":{"line":3,"column":51},"end":{"line":21,"column":1}},"line":3},"1":{"name":"(anonymous_1)","decl":{"start":{"line":10,"column":59},"end":{"line":10,"column":60}},"loc":{"start":{"line":10,"column":77},"end":{"line":19,"column":5}},"line":10}},"branchMap":{"0":{"loc":{"start":{"line":5,"column":2},"end":{"line":20,"column":3}},"type":"if","locations":[{"start":{"line":5,"column":2},"end":{"line":20,"column":3}},{"start":{"line":8,"column":9},"end":{"line":20,"column":3}}],"line":5},"1":{"loc":{"start":{"line":11,"column":6},"end":{"line":18,"column":7}},"type":"if","locations":[{"start":{"line":11,"column":6},"end":{"line":18,"column":7}},{"start":{"line":14,"column":13},"end":{"line":18,"column":7}}],"line":11}},"s":{"0":2,"1":2,"2":0,"3":0,"4":0,"5":0,"6":0,"7":0,"8":0,"9":0,"10":0,"11":2},"f":{"0":0,"1":0},"b":{"0":[0,0],"1":[0,0]},"_coverageSchema":"1a1c01bbd47fc00a2c39e90264f33305004495a9","hash":"bd77ebdd8be96b0f805ed2b1ded5bb32d0d6abae"}
}
