{"C:\\Users\\kewen\\Documents\\GitHub\\SemesterPlanner-Server\\__test__\\helper\\app.js": {"path":"C:\\Users\\kewen\\Documents\\GitHub\\SemesterPlanner-Server\\__test__\\helper\\app.js","statementMap":{"0":{"start":{"line":2,"column":18},"end":{"line":2,"column":38}},"1":{"start":{"line":3,"column":12},"end":{"line":3,"column":39}},"2":{"start":{"line":4,"column":16},"end":{"line":4,"column":30}},"3":{"start":{"line":5,"column":15},"end":{"line":5,"column":32}},"4":{"start":{"line":7,"column":19},"end":{"line":7,"column":83}},"5":{"start":{"line":10,"column":17},"end":{"line":10,"column":20}},"6":{"start":{"line":11,"column":29},"end":{"line":11,"column":46}},"7":{"start":{"line":12,"column":4},"end":{"line":14,"column":5}},"8":{"start":{"line":12,"column":17},"end":{"line":12,"column":18}},"9":{"start":{"line":13,"column":8},"end":{"line":13,"column":82}},"10":{"start":{"line":16,"column":4},"end":{"line":16,"column":18}},"11":{"start":{"line":19,"column":0},"end":{"line":19,"column":52}}},"fnMap":{"0":{"name":"generateString","decl":{"start":{"line":9,"column":9},"end":{"line":9,"column":23}},"loc":{"start":{"line":9,"column":32},"end":{"line":17,"column":1}},"line":9}},"branchMap":{},"s":{"0":4,"1":4,"2":4,"3":4,"4":4,"5":66,"6":66,"7":66,"8":66,"9":58860,"10":66,"11":4},"f":{"0":66},"b":{},"_coverageSchema":"1a1c01bbd47fc00a2c39e90264f33305004495a9","hash":"110d531950c9ea1f10266284bc4fb20c4e576b22"}
,"C:\\Users\\kewen\\Documents\\GitHub\\SemesterPlanner-Server\\__test__\\helper\\db-handler.js": {"path":"C:\\Users\\kewen\\Documents\\GitHub\\SemesterPlanner-Server\\__test__\\helper\\db-handler.js","statementMap":{"0":{"start":{"line":1,"column":17},"end":{"line":1,"column":36}},"1":{"start":{"line":2,"column":30},"end":{"line":2,"column":62}},"2":{"start":{"line":8,"column":0},"end":{"line":18,"column":1}},"3":{"start":{"line":9,"column":4},"end":{"line":9,"column":46}},"4":{"start":{"line":10,"column":16},"end":{"line":10,"column":31}},"5":{"start":{"line":12,"column":25},"end":{"line":15,"column":5}},"6":{"start":{"line":17,"column":4},"end":{"line":17,"column":46}},"7":{"start":{"line":23,"column":0},"end":{"line":27,"column":1}},"8":{"start":{"line":24,"column":4},"end":{"line":24,"column":45}},"9":{"start":{"line":25,"column":4},"end":{"line":25,"column":38}},"10":{"start":{"line":26,"column":4},"end":{"line":26,"column":24}},"11":{"start":{"line":32,"column":0},"end":{"line":39,"column":1}},"12":{"start":{"line":33,"column":24},"end":{"line":33,"column":55}},"13":{"start":{"line":35,"column":4},"end":{"line":38,"column":5}},"14":{"start":{"line":36,"column":27},"end":{"line":36,"column":43}},"15":{"start":{"line":37,"column":8},"end":{"line":37,"column":38}}},"fnMap":{"0":{"name":"(anonymous_0)","decl":{"start":{"line":8,"column":25},"end":{"line":8,"column":26}},"loc":{"start":{"line":8,"column":37},"end":{"line":18,"column":1}},"line":8},"1":{"name":"(anonymous_1)","decl":{"start":{"line":23,"column":31},"end":{"line":23,"column":32}},"loc":{"start":{"line":23,"column":43},"end":{"line":27,"column":1}},"line":23},"2":{"name":"(anonymous_2)","decl":{"start":{"line":32,"column":31},"end":{"line":32,"column":32}},"loc":{"start":{"line":32,"column":43},"end":{"line":39,"column":1}},"line":32}},"branchMap":{},"s":{"0":4,"1":4,"2":4,"3":4,"4":4,"5":4,"6":4,"7":4,"8":4,"9":4,"10":4,"11":4,"12":4,"13":4,"14":36,"15":36},"f":{"0":4,"1":4,"2":4},"b":{},"_coverageSchema":"1a1c01bbd47fc00a2c39e90264f33305004495a9","hash":"47010299f5a926f638656f1d8c45960c96d576ae"}
,"C:\\Users\\kewen\\Documents\\GitHub\\SemesterPlanner-Server\\__test__\\helper\\room_test_data.js": {"path":"C:\\Users\\kewen\\Documents\\GitHub\\SemesterPlanner-Server\\__test__\\helper\\room_test_data.js","statementMap":{"0":{"start":{"line":2,"column":2},"end":{"line":8,"column":3}},"1":{"start":{"line":12,"column":0},"end":{"line":12,"column":32}}},"fnMap":{"0":{"name":"createRoom","decl":{"start":{"line":1,"column":9},"end":{"line":1,"column":19}},"loc":{"start":{"line":1,"column":27},"end":{"line":9,"column":1}},"line":1}},"branchMap":{},"s":{"0":5,"1":2},"f":{"0":5},"b":{},"_coverageSchema":"1a1c01bbd47fc00a2c39e90264f33305004495a9","hash":"be606d7d2219cc3ded35d4f644eaaa38733699fe"}
,"C:\\Users\\kewen\\Documents\\GitHub\\SemesterPlanner-Server\\__test__\\helper\\student_test_data.js": {"path":"C:\\Users\\kewen\\Documents\\GitHub\\SemesterPlanner-Server\\__test__\\helper\\student_test_data.js","statementMap":{"0":{"start":{"line":3,"column":2},"end":{"line":10,"column":3}},"1":{"start":{"line":17,"column":0},"end":{"line":17,"column":32}}},"fnMap":{"0":{"name":"createUser","decl":{"start":{"line":2,"column":9},"end":{"line":2,"column":19}},"loc":{"start":{"line":2,"column":22},"end":{"line":12,"column":1}},"line":2}},"branchMap":{},"s":{"0":11,"1":4},"f":{"0":11},"b":{},"_coverageSchema":"1a1c01bbd47fc00a2c39e90264f33305004495a9","hash":"17923f91b7a240be26d5be6f17824cb55f3f766f"}
,"C:\\Users\\kewen\\Documents\\GitHub\\SemesterPlanner-Server\\src\\server.js": {"path":"C:\\Users\\kewen\\Documents\\GitHub\\SemesterPlanner-Server\\src\\server.js","statementMap":{"0":{"start":{"line":1,"column":16},"end":{"line":1,"column":34}},"1":{"start":{"line":2,"column":13},"end":{"line":2,"column":28}},"2":{"start":{"line":3,"column":17},"end":{"line":3,"column":39}},"3":{"start":{"line":4,"column":17},"end":{"line":4,"column":36}},"4":{"start":{"line":7,"column":0},"end":{"line":7,"column":27}},"5":{"start":{"line":9,"column":12},"end":{"line":9,"column":21}},"6":{"start":{"line":10,"column":13},"end":{"line":10,"column":37}},"7":{"start":{"line":13,"column":0},"end":{"line":15,"column":1}},"8":{"start":{"line":14,"column":2},"end":{"line":14,"column":75}},"9":{"start":{"line":14,"column":34},"end":{"line":14,"column":74}},"10":{"start":{"line":17,"column":9},"end":{"line":22,"column":2}},"11":{"start":{"line":23,"column":0},"end":{"line":23,"column":24}},"12":{"start":{"line":26,"column":0},"end":{"line":26,"column":16}},"13":{"start":{"line":27,"column":0},"end":{"line":27,"column":24}},"14":{"start":{"line":28,"column":0},"end":{"line":30,"column":4}},"15":{"start":{"line":33,"column":12},"end":{"line":33,"column":33}},"16":{"start":{"line":34,"column":0},"end":{"line":46,"column":1}},"17":{"start":{"line":35,"column":2},"end":{"line":38,"column":5}},"18":{"start":{"line":39,"column":21},"end":{"line":39,"column":40}},"19":{"start":{"line":40,"column":2},"end":{"line":42,"column":4}},"20":{"start":{"line":41,"column":4},"end":{"line":41,"column":71}},"21":{"start":{"line":45,"column":2},"end":{"line":45,"column":70}},"22":{"start":{"line":49,"column":23},"end":{"line":49,"column":53}},"23":{"start":{"line":50,"column":20},"end":{"line":50,"column":48}},"24":{"start":{"line":51,"column":19},"end":{"line":51,"column":46}},"25":{"start":{"line":52,"column":21},"end":{"line":52,"column":50}},"26":{"start":{"line":53,"column":22},"end":{"line":53,"column":52}},"27":{"start":{"line":54,"column":21},"end":{"line":54,"column":50}},"28":{"start":{"line":55,"column":23},"end":{"line":55,"column":54}},"29":{"start":{"line":57,"column":0},"end":{"line":57,"column":36}},"30":{"start":{"line":58,"column":0},"end":{"line":58,"column":31}},"31":{"start":{"line":59,"column":0},"end":{"line":59,"column":29}},"32":{"start":{"line":60,"column":0},"end":{"line":60,"column":33}},"33":{"start":{"line":61,"column":0},"end":{"line":61,"column":35}},"34":{"start":{"line":62,"column":0},"end":{"line":62,"column":33}},"35":{"start":{"line":63,"column":0},"end":{"line":63,"column":37}},"36":{"start":{"line":66,"column":0},"end":{"line":71,"column":3}},"37":{"start":{"line":67,"column":2},"end":{"line":70,"column":5}},"38":{"start":{"line":68,"column":4},"end":{"line":68,"column":22}},"39":{"start":{"line":69,"column":4},"end":{"line":69,"column":38}},"40":{"start":{"line":74,"column":0},"end":{"line":78,"column":3}},"41":{"start":{"line":75,"column":2},"end":{"line":75,"column":43}},"42":{"start":{"line":77,"column":2},"end":{"line":77,"column":18}},"43":{"start":{"line":80,"column":0},"end":{"line":84,"column":3}},"44":{"start":{"line":81,"column":2},"end":{"line":81,"column":42}},"45":{"start":{"line":83,"column":2},"end":{"line":83,"column":18}},"46":{"start":{"line":86,"column":0},"end":{"line":86,"column":21}}},"fnMap":{"0":{"name":"(anonymous_0)","decl":{"start":{"line":14,"column":28},"end":{"line":14,"column":29}},"loc":{"start":{"line":14,"column":34},"end":{"line":14,"column":74}},"line":14},"1":{"name":"(anonymous_1)","decl":{"start":{"line":40,"column":26},"end":{"line":40,"column":27}},"loc":{"start":{"line":40,"column":32},"end":{"line":42,"column":3}},"line":40},"2":{"name":"(anonymous_2)","decl":{"start":{"line":66,"column":28},"end":{"line":66,"column":29}},"loc":{"start":{"line":66,"column":46},"end":{"line":71,"column":1}},"line":66},"3":{"name":"(anonymous_3)","decl":{"start":{"line":67,"column":22},"end":{"line":67,"column":23}},"loc":{"start":{"line":67,"column":38},"end":{"line":70,"column":3}},"line":67},"4":{"name":"(anonymous_4)","decl":{"start":{"line":74,"column":33},"end":{"line":74,"column":34}},"loc":{"start":{"line":74,"column":51},"end":{"line":78,"column":1}},"line":74},"5":{"name":"(anonymous_5)","decl":{"start":{"line":80,"column":32},"end":{"line":80,"column":33}},"loc":{"start":{"line":80,"column":41},"end":{"line":84,"column":1}},"line":80}},"branchMap":{"0":{"loc":{"start":{"line":10,"column":13},"end":{"line":10,"column":37}},"type":"binary-expr","locations":[{"start":{"line":10,"column":13},"end":{"line":10,"column":29}},{"start":{"line":10,"column":33},"end":{"line":10,"column":37}}],"line":10},"1":{"loc":{"start":{"line":13,"column":0},"end":{"line":15,"column":1}},"type":"if","locations":[{"start":{"line":13,"column":0},"end":{"line":15,"column":1}},{"start":{},"end":{}}],"line":13},"2":{"loc":{"start":{"line":34,"column":0},"end":{"line":46,"column":1}},"type":"if","locations":[{"start":{"line":34,"column":0},"end":{"line":46,"column":1}},{"start":{"line":44,"column":5},"end":{"line":46,"column":1}}],"line":34}},"s":{"0":4,"1":4,"2":4,"3":4,"4":4,"5":4,"6":4,"7":4,"8":0,"9":0,"10":4,"11":4,"12":4,"13":4,"14":4,"15":4,"16":4,"17":0,"18":0,"19":0,"20":0,"21":4,"22":4,"23":4,"24":4,"25":4,"26":4,"27":4,"28":4,"29":4,"30":4,"31":4,"32":4,"33":4,"34":4,"35":4,"36":4,"37":0,"38":0,"39":0,"40":4,"41":0,"42":0,"43":4,"44":0,"45":0,"46":4},"f":{"0":0,"1":0,"2":0,"3":0,"4":0,"5":0},"b":{"0":[4,4],"1":[0,4],"2":[0,4]},"_coverageSchema":"1a1c01bbd47fc00a2c39e90264f33305004495a9","hash":"0ddfd807f1f00a24cc038539764b6f597cea57db"}
,"C:\\Users\\kewen\\Documents\\GitHub\\SemesterPlanner-Server\\src\\factory\\conUOpenDataCourseFactory.js": {"path":"C:\\Users\\kewen\\Documents\\GitHub\\SemesterPlanner-Server\\src\\factory\\conUOpenDataCourseFactory.js","statementMap":{"0":{"start":{"line":1,"column":23},"end":{"line":1,"column":68}},"1":{"start":{"line":4,"column":15},"end":{"line":4,"column":22}},"2":{"start":{"line":5,"column":18},"end":{"line":5,"column":28}},"3":{"start":{"line":6,"column":20},"end":{"line":6,"column":32}},"4":{"start":{"line":7,"column":20},"end":{"line":7,"column":32}},"5":{"start":{"line":8,"column":19},"end":{"line":8,"column":30}},"6":{"start":{"line":9,"column":22},"end":{"line":9,"column":36}},"7":{"start":{"line":10,"column":26},"end":{"line":10,"column":44}},"8":{"start":{"line":11,"column":24},"end":{"line":11,"column":40}},"9":{"start":{"line":13,"column":4},"end":{"line":22,"column":6}},"10":{"start":{"line":24,"column":0},"end":{"line":24,"column":42}}},"fnMap":{"0":{"name":"createOpenDataCourse","decl":{"start":{"line":3,"column":9},"end":{"line":3,"column":29}},"loc":{"start":{"line":3,"column":36},"end":{"line":23,"column":1}},"line":3}},"branchMap":{},"s":{"0":4,"1":0,"2":0,"3":0,"4":0,"5":0,"6":0,"7":0,"8":0,"9":0,"10":4},"f":{"0":0},"b":{},"_coverageSchema":"1a1c01bbd47fc00a2c39e90264f33305004495a9","hash":"0beee0504380a726ba0abe5ba9319b43f83e4f91"}
,"C:\\Users\\kewen\\Documents\\GitHub\\SemesterPlanner-Server\\src\\factory\\conUOpenDataFacultyFactory.js": {"path":"C:\\Users\\kewen\\Documents\\GitHub\\SemesterPlanner-Server\\src\\factory\\conUOpenDataFacultyFactory.js","statementMap":{"0":{"start":{"line":1,"column":24},"end":{"line":1,"column":70}},"1":{"start":{"line":4,"column":24},"end":{"line":4,"column":40}},"2":{"start":{"line":5,"column":31},"end":{"line":5,"column":54}},"3":{"start":{"line":6,"column":27},"end":{"line":6,"column":46}},"4":{"start":{"line":7,"column":34},"end":{"line":7,"column":60}},"5":{"start":{"line":9,"column":4},"end":{"line":14,"column":6}},"6":{"start":{"line":16,"column":0},"end":{"line":16,"column":43}}},"fnMap":{"0":{"name":"createOpenDataFaculty","decl":{"start":{"line":3,"column":9},"end":{"line":3,"column":30}},"loc":{"start":{"line":3,"column":37},"end":{"line":15,"column":1}},"line":3}},"branchMap":{},"s":{"0":4,"1":0,"2":0,"3":0,"4":0,"5":0,"6":4},"f":{"0":0},"b":{},"_coverageSchema":"1a1c01bbd47fc00a2c39e90264f33305004495a9","hash":"829011d3701fc7648686ceb3ab4513b34187d451"}
,"C:\\Users\\kewen\\Documents\\GitHub\\SemesterPlanner-Server\\src\\factory\\conUOpenDataImportantDateFactory.js": {"path":"C:\\Users\\kewen\\Documents\\GitHub\\SemesterPlanner-Server\\src\\factory\\conUOpenDataImportantDateFactory.js","statementMap":{"0":{"start":{"line":1,"column":30},"end":{"line":1,"column":82}},"1":{"start":{"line":4,"column":17},"end":{"line":4,"column":26}},"2":{"start":{"line":5,"column":24},"end":{"line":5,"column":40}},"3":{"start":{"line":7,"column":4},"end":{"line":10,"column":6}},"4":{"start":{"line":12,"column":0},"end":{"line":12,"column":49}}},"fnMap":{"0":{"name":"createOpenDataImportantDate","decl":{"start":{"line":3,"column":9},"end":{"line":3,"column":36}},"loc":{"start":{"line":3,"column":43},"end":{"line":11,"column":1}},"line":3}},"branchMap":{},"s":{"0":4,"1":0,"2":0,"3":0,"4":4},"f":{"0":0},"b":{},"_coverageSchema":"1a1c01bbd47fc00a2c39e90264f33305004495a9","hash":"9914cb84fc85d0f9fe8fb860cf98ce6e01fb8f5d"}
,"C:\\Users\\kewen\\Documents\\GitHub\\SemesterPlanner-Server\\src\\factory\\courseNotesFactory.js": {"path":"C:\\Users\\kewen\\Documents\\GitHub\\SemesterPlanner-Server\\src\\factory\\courseNotesFactory.js","statementMap":{"0":{"start":{"line":1,"column":20},"end":{"line":1,"column":58}},"1":{"start":{"line":2,"column":23},"end":{"line":2,"column":38}},"2":{"start":{"line":5,"column":25},"end":{"line":5,"column":33}},"3":{"start":{"line":6,"column":4},"end":{"line":17,"column":6}},"4":{"start":{"line":20,"column":0},"end":{"line":20,"column":35}}},"fnMap":{"0":{"name":"createCourseNotes","decl":{"start":{"line":4,"column":9},"end":{"line":4,"column":26}},"loc":{"start":{"line":4,"column":33},"end":{"line":18,"column":1}},"line":4}},"branchMap":{},"s":{"0":4,"1":4,"2":0,"3":0,"4":4},"f":{"0":0},"b":{},"_coverageSchema":"1a1c01bbd47fc00a2c39e90264f33305004495a9","hash":"dd1bf3212ed3b8b1649ae6b586486f7e815f5c24"}
,"C:\\Users\\kewen\\Documents\\GitHub\\SemesterPlanner-Server\\src\\factory\\eventFactory.js": {"path":"C:\\Users\\kewen\\Documents\\GitHub\\SemesterPlanner-Server\\src\\factory\\eventFactory.js","statementMap":{"0":{"start":{"line":1,"column":14},"end":{"line":1,"column":46}},"1":{"start":{"line":2,"column":23},"end":{"line":2,"column":38}},"2":{"start":{"line":5,"column":20},"end":{"line":5,"column":28}},"3":{"start":{"line":6,"column":21},"end":{"line":6,"column":34}},"4":{"start":{"line":7,"column":22},"end":{"line":7,"column":37}},"5":{"start":{"line":8,"column":4},"end":{"line":10,"column":5}},"6":{"start":{"line":9,"column":8},"end":{"line":9,"column":39}},"7":{"start":{"line":11,"column":22},"end":{"line":11,"column":33}},"8":{"start":{"line":12,"column":4},"end":{"line":14,"column":5}},"9":{"start":{"line":13,"column":8},"end":{"line":13,"column":39}},"10":{"start":{"line":15,"column":17},"end":{"line":15,"column":26}},"11":{"start":{"line":16,"column":22},"end":{"line":16,"column":46}},"12":{"start":{"line":17,"column":20},"end":{"line":17,"column":42}},"13":{"start":{"line":18,"column":22},"end":{"line":18,"column":46}},"14":{"start":{"line":19,"column":20},"end":{"line":19,"column":42}},"15":{"start":{"line":20,"column":23},"end":{"line":20,"column":38}},"16":{"start":{"line":21,"column":16},"end":{"line":21,"column":25}},"17":{"start":{"line":22,"column":4},"end":{"line":24,"column":5}},"18":{"start":{"line":23,"column":8},"end":{"line":23,"column":27}},"19":{"start":{"line":25,"column":4},"end":{"line":37,"column":6}},"20":{"start":{"line":40,"column":0},"end":{"line":40,"column":33}}},"fnMap":{"0":{"name":"createEvent","decl":{"start":{"line":4,"column":9},"end":{"line":4,"column":20}},"loc":{"start":{"line":4,"column":27},"end":{"line":38,"column":1}},"line":4}},"branchMap":{"0":{"loc":{"start":{"line":8,"column":4},"end":{"line":10,"column":5}},"type":"if","locations":[{"start":{"line":8,"column":4},"end":{"line":10,"column":5}},{"start":{},"end":{}}],"line":8},"1":{"loc":{"start":{"line":12,"column":4},"end":{"line":14,"column":5}},"type":"if","locations":[{"start":{"line":12,"column":4},"end":{"line":14,"column":5}},{"start":{},"end":{}}],"line":12},"2":{"loc":{"start":{"line":22,"column":4},"end":{"line":24,"column":5}},"type":"if","locations":[{"start":{"line":22,"column":4},"end":{"line":24,"column":5}},{"start":{},"end":{}}],"line":22}},"s":{"0":4,"1":4,"2":1,"3":1,"4":1,"5":1,"6":1,"7":1,"8":1,"9":1,"10":1,"11":1,"12":1,"13":1,"14":1,"15":1,"16":1,"17":1,"18":0,"19":1,"20":4},"f":{"0":1},"b":{"0":[1,0],"1":[1,0],"2":[0,1]},"_coverageSchema":"1a1c01bbd47fc00a2c39e90264f33305004495a9","hash":"00e3dad0b7725f2339e4d29f24bef1291748af86"}
,"C:\\Users\\kewen\\Documents\\GitHub\\SemesterPlanner-Server\\src\\factory\\friendRequestFactory.js": {"path":"C:\\Users\\kewen\\Documents\\GitHub\\SemesterPlanner-Server\\src\\factory\\friendRequestFactory.js","statementMap":{"0":{"start":{"line":1,"column":22},"end":{"line":1,"column":62}},"1":{"start":{"line":4,"column":4},"end":{"line":7,"column":6}},"2":{"start":{"line":10,"column":0},"end":{"line":10,"column":37}}},"fnMap":{"0":{"name":"createFriendRequest","decl":{"start":{"line":3,"column":9},"end":{"line":3,"column":28}},"loc":{"start":{"line":3,"column":35},"end":{"line":8,"column":1}},"line":3}},"branchMap":{},"s":{"0":4,"1":4,"2":4},"f":{"0":4},"b":{},"_coverageSchema":"1a1c01bbd47fc00a2c39e90264f33305004495a9","hash":"ab21359ffd163cf8b744d33a86677e5765c63b6d"}
,"C:\\Users\\kewen\\Documents\\GitHub\\SemesterPlanner-Server\\src\\factory\\messageFactory.js": {"path":"C:\\Users\\kewen\\Documents\\GitHub\\SemesterPlanner-Server\\src\\factory\\messageFactory.js","statementMap":{"0":{"start":{"line":1,"column":16},"end":{"line":1,"column":50}},"1":{"start":{"line":2,"column":23},"end":{"line":2,"column":38}},"2":{"start":{"line":5,"column":22},"end":{"line":5,"column":30}},"3":{"start":{"line":6,"column":4},"end":{"line":12,"column":6}},"4":{"start":{"line":15,"column":0},"end":{"line":15,"column":31}}},"fnMap":{"0":{"name":"createMessage","decl":{"start":{"line":4,"column":9},"end":{"line":4,"column":22}},"loc":{"start":{"line":4,"column":29},"end":{"line":13,"column":1}},"line":4}},"branchMap":{},"s":{"0":4,"1":4,"2":51,"3":51,"4":4},"f":{"0":51},"b":{},"_coverageSchema":"1a1c01bbd47fc00a2c39e90264f33305004495a9","hash":"37f6286c9431b7e51cc3dc261db19cc902f1e4e9"}
,"C:\\Users\\kewen\\Documents\\GitHub\\SemesterPlanner-Server\\src\\factory\\roomFactory.js": {"path":"C:\\Users\\kewen\\Documents\\GitHub\\SemesterPlanner-Server\\src\\factory\\roomFactory.js","statementMap":{"0":{"start":{"line":1,"column":18},"end":{"line":1,"column":54}},"1":{"start":{"line":2,"column":23},"end":{"line":2,"column":38}},"2":{"start":{"line":5,"column":24},"end":{"line":5,"column":32}},"3":{"start":{"line":6,"column":18},"end":{"line":6,"column":28}},"4":{"start":{"line":7,"column":16},"end":{"line":7,"column":25}},"5":{"start":{"line":8,"column":4},"end":{"line":10,"column":5}},"6":{"start":{"line":9,"column":8},"end":{"line":9,"column":27}},"7":{"start":{"line":11,"column":22},"end":{"line":11,"column":37}},"8":{"start":{"line":12,"column":4},"end":{"line":14,"column":5}},"9":{"start":{"line":13,"column":8},"end":{"line":13,"column":39}},"10":{"start":{"line":15,"column":16},"end":{"line":15,"column":30}},"11":{"start":{"line":16,"column":4},"end":{"line":18,"column":5}},"12":{"start":{"line":17,"column":8},"end":{"line":17,"column":27}},"13":{"start":{"line":19,"column":19},"end":{"line":19,"column":34}},"14":{"start":{"line":20,"column":23},"end":{"line":20,"column":30}},"15":{"start":{"line":21,"column":4},"end":{"line":29,"column":6}},"16":{"start":{"line":31,"column":0},"end":{"line":31,"column":37}}},"fnMap":{"0":{"name":"createStudyRoom","decl":{"start":{"line":4,"column":9},"end":{"line":4,"column":24}},"loc":{"start":{"line":4,"column":31},"end":{"line":30,"column":1}},"line":4}},"branchMap":{"0":{"loc":{"start":{"line":8,"column":4},"end":{"line":10,"column":5}},"type":"if","locations":[{"start":{"line":8,"column":4},"end":{"line":10,"column":5}},{"start":{},"end":{}}],"line":8},"1":{"loc":{"start":{"line":12,"column":4},"end":{"line":14,"column":5}},"type":"if","locations":[{"start":{"line":12,"column":4},"end":{"line":14,"column":5}},{"start":{},"end":{}}],"line":12},"2":{"loc":{"start":{"line":16,"column":4},"end":{"line":18,"column":5}},"type":"if","locations":[{"start":{"line":16,"column":4},"end":{"line":18,"column":5}},{"start":{},"end":{}}],"line":16}},"s":{"0":4,"1":4,"2":6,"3":6,"4":6,"5":6,"6":6,"7":6,"8":6,"9":6,"10":6,"11":6,"12":6,"13":6,"14":6,"15":6,"16":4},"f":{"0":6},"b":{"0":[6,0],"1":[6,0],"2":[6,0]},"_coverageSchema":"1a1c01bbd47fc00a2c39e90264f33305004495a9","hash":"380691ce6086bfb8b84f62ee4c28f7e03b1c0241"}
,"C:\\Users\\kewen\\Documents\\GitHub\\SemesterPlanner-Server\\src\\factory\\studentFactory.js": {"path":"C:\\Users\\kewen\\Documents\\GitHub\\SemesterPlanner-Server\\src\\factory\\studentFactory.js","statementMap":{"0":{"start":{"line":1,"column":16},"end":{"line":1,"column":50}},"1":{"start":{"line":2,"column":15},"end":{"line":2,"column":32}},"2":{"start":{"line":5,"column":27},"end":{"line":5,"column":63}},"3":{"start":{"line":6,"column":21},"end":{"line":6,"column":34}},"4":{"start":{"line":7,"column":18},"end":{"line":7,"column":28}},"5":{"start":{"line":8,"column":21},"end":{"line":8,"column":35}},"6":{"start":{"line":9,"column":20},"end":{"line":9,"column":32}},"7":{"start":{"line":10,"column":20},"end":{"line":10,"column":32}},"8":{"start":{"line":11,"column":27},"end":{"line":11,"column":46}},"9":{"start":{"line":12,"column":20},"end":{"line":12,"column":32}},"10":{"start":{"line":14,"column":4},"end":{"line":22,"column":6}},"11":{"start":{"line":25,"column":0},"end":{"line":25,"column":35}}},"fnMap":{"0":{"name":"createStudent","decl":{"start":{"line":4,"column":15},"end":{"line":4,"column":28}},"loc":{"start":{"line":4,"column":35},"end":{"line":23,"column":1}},"line":4}},"branchMap":{},"s":{"0":4,"1":4,"2":11,"3":11,"4":11,"5":11,"6":11,"7":11,"8":11,"9":11,"10":11,"11":4},"f":{"0":11},"b":{},"_coverageSchema":"1a1c01bbd47fc00a2c39e90264f33305004495a9","hash":"d4c280d9525485c2050ca986ec644a0000bbf02c"}
,"C:\\Users\\kewen\\Documents\\GitHub\\SemesterPlanner-Server\\src\\models\\conUOpenDataCourse.model.js": {"path":"C:\\Users\\kewen\\Documents\\GitHub\\SemesterPlanner-Server\\src\\models\\conUOpenDataCourse.model.js","statementMap":{"0":{"start":{"line":1,"column":17},"end":{"line":1,"column":36}},"1":{"start":{"line":3,"column":15},"end":{"line":3,"column":30}},"2":{"start":{"line":5,"column":29},"end":{"line":16,"column":2}},"3":{"start":{"line":18,"column":23},"end":{"line":18,"column":77}},"4":{"start":{"line":20,"column":0},"end":{"line":20,"column":32}}},"fnMap":{},"branchMap":{},"s":{"0":4,"1":4,"2":4,"3":4,"4":4},"f":{},"b":{},"_coverageSchema":"1a1c01bbd47fc00a2c39e90264f33305004495a9","hash":"95bbd5055fa659340f3bad1d3ee8c0a72516ac34"}
,"C:\\Users\\kewen\\Documents\\GitHub\\SemesterPlanner-Server\\src\\models\\conUOpenDataFaculty.model.js": {"path":"C:\\Users\\kewen\\Documents\\GitHub\\SemesterPlanner-Server\\src\\models\\conUOpenDataFaculty.model.js","statementMap":{"0":{"start":{"line":1,"column":17},"end":{"line":1,"column":36}},"1":{"start":{"line":3,"column":15},"end":{"line":3,"column":30}},"2":{"start":{"line":5,"column":30},"end":{"line":12,"column":2}},"3":{"start":{"line":14,"column":24},"end":{"line":14,"column":80}},"4":{"start":{"line":16,"column":0},"end":{"line":16,"column":33}}},"fnMap":{},"branchMap":{},"s":{"0":4,"1":4,"2":4,"3":4,"4":4},"f":{},"b":{},"_coverageSchema":"1a1c01bbd47fc00a2c39e90264f33305004495a9","hash":"e5edead9edc92828744252c5d76a80f0d3348ff0"}
,"C:\\Users\\kewen\\Documents\\GitHub\\SemesterPlanner-Server\\src\\models\\conUOpenDataImportantDate.model.js": {"path":"C:\\Users\\kewen\\Documents\\GitHub\\SemesterPlanner-Server\\src\\models\\conUOpenDataImportantDate.model.js","statementMap":{"0":{"start":{"line":1,"column":17},"end":{"line":1,"column":36}},"1":{"start":{"line":3,"column":15},"end":{"line":3,"column":30}},"2":{"start":{"line":5,"column":36},"end":{"line":10,"column":2}},"3":{"start":{"line":12,"column":30},"end":{"line":12,"column":98}},"4":{"start":{"line":14,"column":0},"end":{"line":14,"column":39}}},"fnMap":{},"branchMap":{},"s":{"0":4,"1":4,"2":4,"3":4,"4":4},"f":{},"b":{},"_coverageSchema":"1a1c01bbd47fc00a2c39e90264f33305004495a9","hash":"e9e6bb8b9a264286b8f55289ccfbf68d734cb0d3"}
,"C:\\Users\\kewen\\Documents\\GitHub\\SemesterPlanner-Server\\src\\models\\courseNotes.model.js": {"path":"C:\\Users\\kewen\\Documents\\GitHub\\SemesterPlanner-Server\\src\\models\\courseNotes.model.js","statementMap":{"0":{"start":{"line":1,"column":17},"end":{"line":1,"column":36}},"1":{"start":{"line":3,"column":15},"end":{"line":3,"column":30}},"2":{"start":{"line":5,"column":26},"end":{"line":18,"column":24}},"3":{"start":{"line":20,"column":20},"end":{"line":20,"column":68}},"4":{"start":{"line":22,"column":0},"end":{"line":22,"column":29}}},"fnMap":{},"branchMap":{},"s":{"0":4,"1":4,"2":4,"3":4,"4":4},"f":{},"b":{},"_coverageSchema":"1a1c01bbd47fc00a2c39e90264f33305004495a9","hash":"0226159d1bb8b54da6e81db649a228bf1bc0a61d"}
,"C:\\Users\\kewen\\Documents\\GitHub\\SemesterPlanner-Server\\src\\models\\event.model.js": {"path":"C:\\Users\\kewen\\Documents\\GitHub\\SemesterPlanner-Server\\src\\models\\event.model.js","statementMap":{"0":{"start":{"line":1,"column":17},"end":{"line":1,"column":36}},"1":{"start":{"line":3,"column":15},"end":{"line":3,"column":30}},"2":{"start":{"line":5,"column":24},"end":{"line":10,"column":1}},"3":{"start":{"line":12,"column":20},"end":{"line":26,"column":2}},"4":{"start":{"line":28,"column":14},"end":{"line":28,"column":50}},"5":{"start":{"line":30,"column":0},"end":{"line":30,"column":23}}},"fnMap":{},"branchMap":{},"s":{"0":4,"1":4,"2":4,"3":4,"4":4,"5":4},"f":{},"b":{},"_coverageSchema":"1a1c01bbd47fc00a2c39e90264f33305004495a9","hash":"abbfc4207910bbd77f5b5669e843a6bf8fe756c0"}
,"C:\\Users\\kewen\\Documents\\GitHub\\SemesterPlanner-Server\\src\\models\\friendRequest.model.js": {"path":"C:\\Users\\kewen\\Documents\\GitHub\\SemesterPlanner-Server\\src\\models\\friendRequest.model.js","statementMap":{"0":{"start":{"line":1,"column":17},"end":{"line":1,"column":36}},"1":{"start":{"line":3,"column":15},"end":{"line":3,"column":30}},"2":{"start":{"line":5,"column":28},"end":{"line":10,"column":2}},"3":{"start":{"line":12,"column":22},"end":{"line":12,"column":74}},"4":{"start":{"line":14,"column":0},"end":{"line":14,"column":31}}},"fnMap":{},"branchMap":{},"s":{"0":4,"1":4,"2":4,"3":4,"4":4},"f":{},"b":{},"_coverageSchema":"1a1c01bbd47fc00a2c39e90264f33305004495a9","hash":"d984c098b4ed7f40e1174ff88092c5bfad6e0448"}
,"C:\\Users\\kewen\\Documents\\GitHub\\SemesterPlanner-Server\\src\\models\\message.model.js": {"path":"C:\\Users\\kewen\\Documents\\GitHub\\SemesterPlanner-Server\\src\\models\\message.model.js","statementMap":{"0":{"start":{"line":1,"column":17},"end":{"line":1,"column":36}},"1":{"start":{"line":3,"column":15},"end":{"line":3,"column":30}},"2":{"start":{"line":5,"column":22},"end":{"line":13,"column":2}},"3":{"start":{"line":15,"column":16},"end":{"line":15,"column":56}},"4":{"start":{"line":17,"column":0},"end":{"line":17,"column":25}}},"fnMap":{},"branchMap":{},"s":{"0":4,"1":4,"2":4,"3":4,"4":4},"f":{},"b":{},"_coverageSchema":"1a1c01bbd47fc00a2c39e90264f33305004495a9","hash":"6d0d6cb9e608a05f1844bab807a558df91ca7274"}
,"C:\\Users\\kewen\\Documents\\GitHub\\SemesterPlanner-Server\\src\\models\\student.model.js": {"path":"C:\\Users\\kewen\\Documents\\GitHub\\SemesterPlanner-Server\\src\\models\\student.model.js","statementMap":{"0":{"start":{"line":1,"column":17},"end":{"line":1,"column":36}},"1":{"start":{"line":3,"column":15},"end":{"line":3,"column":30}},"2":{"start":{"line":5,"column":22},"end":{"line":22,"column":2}},"3":{"start":{"line":24,"column":16},"end":{"line":24,"column":56}},"4":{"start":{"line":26,"column":0},"end":{"line":26,"column":25}}},"fnMap":{},"branchMap":{},"s":{"0":4,"1":4,"2":4,"3":4,"4":4},"f":{},"b":{},"_coverageSchema":"1a1c01bbd47fc00a2c39e90264f33305004495a9","hash":"f92c1d0ae2ac9d3b6227dd3dd6f76136fab15604"}
,"C:\\Users\\kewen\\Documents\\GitHub\\SemesterPlanner-Server\\src\\models\\studyRoom.model.js": {"path":"C:\\Users\\kewen\\Documents\\GitHub\\SemesterPlanner-Server\\src\\models\\studyRoom.model.js","statementMap":{"0":{"start":{"line":1,"column":17},"end":{"line":1,"column":36}},"1":{"start":{"line":3,"column":15},"end":{"line":3,"column":30}},"2":{"start":{"line":5,"column":24},"end":{"line":15,"column":2}},"3":{"start":{"line":17,"column":18},"end":{"line":17,"column":62}},"4":{"start":{"line":19,"column":0},"end":{"line":19,"column":27}}},"fnMap":{},"branchMap":{},"s":{"0":4,"1":4,"2":4,"3":4,"4":4},"f":{},"b":{},"_coverageSchema":"1a1c01bbd47fc00a2c39e90264f33305004495a9","hash":"ef3e59ac3a15975fd32b186fb019121d42d10734"}
,"C:\\Users\\kewen\\Documents\\GitHub\\SemesterPlanner-Server\\src\\repository\\conUOpenDataCourseRepository.js": {"path":"C:\\Users\\kewen\\Documents\\GitHub\\SemesterPlanner-Server\\src\\repository\\conUOpenDataCourseRepository.js","statementMap":{"0":{"start":{"line":1,"column":31},"end":{"line":1,"column":78}},"1":{"start":{"line":2,"column":23},"end":{"line":2,"column":68}},"2":{"start":{"line":3,"column":14},"end":{"line":3,"column":30}},"3":{"start":{"line":5,"column":0},"end":{"line":121,"column":1}},"4":{"start":{"line":12,"column":8},"end":{"line":20,"column":10}},"5":{"start":{"line":13,"column":38},"end":{"line":13,"column":64}},"6":{"start":{"line":14,"column":12},"end":{"line":19,"column":14}},"7":{"start":{"line":15,"column":16},"end":{"line":17,"column":17}},"8":{"start":{"line":16,"column":20},"end":{"line":16,"column":32}},"9":{"start":{"line":18,"column":16},"end":{"line":18,"column":32}},"10":{"start":{"line":29,"column":8},"end":{"line":37,"column":10}},"11":{"start":{"line":30,"column":12},"end":{"line":36,"column":42}},"12":{"start":{"line":34,"column":20},"end":{"line":34,"column":36}},"13":{"start":{"line":36,"column":30},"end":{"line":36,"column":41}},"14":{"start":{"line":47,"column":8},"end":{"line":56,"column":10}},"15":{"start":{"line":48,"column":12},"end":{"line":55,"column":42}},"16":{"start":{"line":53,"column":20},"end":{"line":53,"column":36}},"17":{"start":{"line":55,"column":30},"end":{"line":55,"column":41}},"18":{"start":{"line":64,"column":8},"end":{"line":70,"column":10}},"19":{"start":{"line":65,"column":12},"end":{"line":69,"column":14}},"20":{"start":{"line":66,"column":16},"end":{"line":66,"column":32}},"21":{"start":{"line":68,"column":16},"end":{"line":68,"column":28}},"22":{"start":{"line":79,"column":8},"end":{"line":87,"column":10}},"23":{"start":{"line":80,"column":12},"end":{"line":86,"column":14}},"24":{"start":{"line":81,"column":16},"end":{"line":85,"column":17}},"25":{"start":{"line":82,"column":20},"end":{"line":82,"column":32}},"26":{"start":{"line":84,"column":20},"end":{"line":84,"column":34}},"27":{"start":{"line":94,"column":8},"end":{"line":94,"column":73}},"28":{"start":{"line":96,"column":8},"end":{"line":119,"column":11}},"29":{"start":{"line":102,"column":12},"end":{"line":102,"column":89}},"30":{"start":{"line":103,"column":12},"end":{"line":115,"column":15}},"31":{"start":{"line":104,"column":16},"end":{"line":104,"column":101}},"32":{"start":{"line":106,"column":16},"end":{"line":111,"column":19}},"33":{"start":{"line":107,"column":20},"end":{"line":107,"column":148}},"34":{"start":{"line":109,"column":20},"end":{"line":109,"column":39}},"35":{"start":{"line":110,"column":20},"end":{"line":110,"column":119}},"36":{"start":{"line":113,"column":16},"end":{"line":113,"column":35}},"37":{"start":{"line":114,"column":16},"end":{"line":114,"column":103}},"38":{"start":{"line":117,"column":12},"end":{"line":117,"column":31}},"39":{"start":{"line":118,"column":12},"end":{"line":118,"column":117}}},"fnMap":{"0":{"name":"(anonymous_0)","decl":{"start":{"line":11,"column":4},"end":{"line":11,"column":5}},"loc":{"start":{"line":11,"column":24},"end":{"line":21,"column":5}},"line":11},"1":{"name":"(anonymous_1)","decl":{"start":{"line":12,"column":27},"end":{"line":12,"column":28}},"loc":{"start":{"line":12,"column":48},"end":{"line":20,"column":9}},"line":12},"2":{"name":"(anonymous_2)","decl":{"start":{"line":14,"column":35},"end":{"line":14,"column":36}},"loc":{"start":{"line":14,"column":52},"end":{"line":19,"column":13}},"line":14},"3":{"name":"(anonymous_3)","decl":{"start":{"line":28,"column":4},"end":{"line":28,"column":5}},"loc":{"start":{"line":28,"column":43},"end":{"line":38,"column":5}},"line":28},"4":{"name":"(anonymous_4)","decl":{"start":{"line":29,"column":27},"end":{"line":29,"column":28}},"loc":{"start":{"line":29,"column":48},"end":{"line":37,"column":9}},"line":29},"5":{"name":"(anonymous_5)","decl":{"start":{"line":33,"column":22},"end":{"line":33,"column":23}},"loc":{"start":{"line":33,"column":34},"end":{"line":35,"column":17}},"line":33},"6":{"name":"(anonymous_6)","decl":{"start":{"line":36,"column":23},"end":{"line":36,"column":24}},"loc":{"start":{"line":36,"column":30},"end":{"line":36,"column":41}},"line":36},"7":{"name":"(anonymous_7)","decl":{"start":{"line":46,"column":4},"end":{"line":46,"column":5}},"loc":{"start":{"line":46,"column":63},"end":{"line":57,"column":5}},"line":46},"8":{"name":"(anonymous_8)","decl":{"start":{"line":47,"column":27},"end":{"line":47,"column":28}},"loc":{"start":{"line":47,"column":48},"end":{"line":56,"column":9}},"line":47},"9":{"name":"(anonymous_9)","decl":{"start":{"line":52,"column":22},"end":{"line":52,"column":23}},"loc":{"start":{"line":52,"column":34},"end":{"line":54,"column":17}},"line":52},"10":{"name":"(anonymous_10)","decl":{"start":{"line":55,"column":23},"end":{"line":55,"column":24}},"loc":{"start":{"line":55,"column":30},"end":{"line":55,"column":41}},"line":55},"11":{"name":"(anonymous_11)","decl":{"start":{"line":63,"column":4},"end":{"line":63,"column":5}},"loc":{"start":{"line":63,"column":23},"end":{"line":71,"column":5}},"line":63},"12":{"name":"(anonymous_12)","decl":{"start":{"line":64,"column":27},"end":{"line":64,"column":28}},"loc":{"start":{"line":64,"column":48},"end":{"line":70,"column":9}},"line":64},"13":{"name":"(anonymous_13)","decl":{"start":{"line":65,"column":50},"end":{"line":65,"column":51}},"loc":{"start":{"line":65,"column":62},"end":{"line":67,"column":13}},"line":65},"14":{"name":"(anonymous_14)","decl":{"start":{"line":67,"column":21},"end":{"line":67,"column":22}},"loc":{"start":{"line":67,"column":30},"end":{"line":69,"column":13}},"line":67},"15":{"name":"(anonymous_15)","decl":{"start":{"line":78,"column":4},"end":{"line":78,"column":5}},"loc":{"start":{"line":78,"column":42},"end":{"line":88,"column":5}},"line":78},"16":{"name":"(anonymous_16)","decl":{"start":{"line":79,"column":27},"end":{"line":79,"column":28}},"loc":{"start":{"line":79,"column":48},"end":{"line":87,"column":9}},"line":79},"17":{"name":"(anonymous_17)","decl":{"start":{"line":80,"column":62},"end":{"line":80,"column":63}},"loc":{"start":{"line":80,"column":77},"end":{"line":86,"column":13}},"line":80},"18":{"name":"(anonymous_18)","decl":{"start":{"line":93,"column":4},"end":{"line":93,"column":5}},"loc":{"start":{"line":93,"column":30},"end":{"line":120,"column":5}},"line":93},"19":{"name":"(anonymous_19)","decl":{"start":{"line":101,"column":16},"end":{"line":101,"column":17}},"loc":{"start":{"line":101,"column":28},"end":{"line":116,"column":9}},"line":101},"20":{"name":"(anonymous_20)","decl":{"start":{"line":103,"column":34},"end":{"line":103,"column":35}},"loc":{"start":{"line":103,"column":43},"end":{"line":112,"column":13}},"line":103},"21":{"name":"(anonymous_21)","decl":{"start":{"line":106,"column":57},"end":{"line":106,"column":58}},"loc":{"start":{"line":106,"column":66},"end":{"line":108,"column":17}},"line":106},"22":{"name":"(anonymous_22)","decl":{"start":{"line":108,"column":25},"end":{"line":108,"column":26}},"loc":{"start":{"line":108,"column":34},"end":{"line":111,"column":17}},"line":108},"23":{"name":"(anonymous_23)","decl":{"start":{"line":112,"column":21},"end":{"line":112,"column":22}},"loc":{"start":{"line":112,"column":30},"end":{"line":115,"column":13}},"line":112},"24":{"name":"(anonymous_24)","decl":{"start":{"line":116,"column":17},"end":{"line":116,"column":18}},"loc":{"start":{"line":116,"column":26},"end":{"line":119,"column":9}},"line":116}},"branchMap":{"0":{"loc":{"start":{"line":15,"column":16},"end":{"line":17,"column":17}},"type":"if","locations":[{"start":{"line":15,"column":16},"end":{"line":17,"column":17}},{"start":{},"end":{}}],"line":15},"1":{"loc":{"start":{"line":81,"column":16},"end":{"line":85,"column":17}},"type":"if","locations":[{"start":{"line":81,"column":16},"end":{"line":85,"column":17}},{"start":{"line":83,"column":23},"end":{"line":85,"column":17}}],"line":81}},"s":{"0":4,"1":4,"2":4,"3":4,"4":0,"5":0,"6":0,"7":0,"8":0,"9":0,"10":0,"11":0,"12":0,"13":0,"14":0,"15":0,"16":0,"17":0,"18":0,"19":0,"20":0,"21":0,"22":0,"23":0,"24":0,"25":0,"26":0,"27":0,"28":0,"29":0,"30":0,"31":0,"32":0,"33":0,"34":0,"35":0,"36":0,"37":0,"38":0,"39":0},"f":{"0":0,"1":0,"2":0,"3":0,"4":0,"5":0,"6":0,"7":0,"8":0,"9":0,"10":0,"11":0,"12":0,"13":0,"14":0,"15":0,"16":0,"17":0,"18":0,"19":0,"20":0,"21":0,"22":0,"23":0,"24":0},"b":{"0":[0,0],"1":[0,0]},"_coverageSchema":"1a1c01bbd47fc00a2c39e90264f33305004495a9","hash":"34c162f5bf5986f2a7ce01dbad22a0e256e96e5d"}
,"C:\\Users\\kewen\\Documents\\GitHub\\SemesterPlanner-Server\\src\\repository\\conUOpenDataFacultyRepository.js": {"path":"C:\\Users\\kewen\\Documents\\GitHub\\SemesterPlanner-Server\\src\\repository\\conUOpenDataFacultyRepository.js","statementMap":{"0":{"start":{"line":1,"column":32},"end":{"line":1,"column":80}},"1":{"start":{"line":2,"column":24},"end":{"line":2,"column":70}},"2":{"start":{"line":3,"column":14},"end":{"line":3,"column":30}},"3":{"start":{"line":5,"column":0},"end":{"line":129,"column":1}},"4":{"start":{"line":12,"column":8},"end":{"line":20,"column":10}},"5":{"start":{"line":13,"column":39},"end":{"line":13,"column":66}},"6":{"start":{"line":14,"column":12},"end":{"line":19,"column":14}},"7":{"start":{"line":15,"column":16},"end":{"line":17,"column":17}},"8":{"start":{"line":16,"column":20},"end":{"line":16,"column":32}},"9":{"start":{"line":18,"column":16},"end":{"line":18,"column":33}},"10":{"start":{"line":29,"column":8},"end":{"line":37,"column":10}},"11":{"start":{"line":30,"column":12},"end":{"line":36,"column":42}},"12":{"start":{"line":34,"column":20},"end":{"line":34,"column":36}},"13":{"start":{"line":36,"column":30},"end":{"line":36,"column":41}},"14":{"start":{"line":45,"column":8},"end":{"line":62,"column":10}},"15":{"start":{"line":46,"column":12},"end":{"line":61,"column":42}},"16":{"start":{"line":55,"column":42},"end":{"line":55,"column":44}},"17":{"start":{"line":56,"column":20},"end":{"line":58,"column":22}},"18":{"start":{"line":57,"column":24},"end":{"line":57,"column":53}},"19":{"start":{"line":59,"column":20},"end":{"line":59,"column":43}},"20":{"start":{"line":61,"column":30},"end":{"line":61,"column":41}},"21":{"start":{"line":70,"column":8},"end":{"line":76,"column":10}},"22":{"start":{"line":71,"column":12},"end":{"line":75,"column":14}},"23":{"start":{"line":72,"column":16},"end":{"line":72,"column":32}},"24":{"start":{"line":74,"column":16},"end":{"line":74,"column":28}},"25":{"start":{"line":85,"column":8},"end":{"line":93,"column":10}},"26":{"start":{"line":86,"column":12},"end":{"line":92,"column":14}},"27":{"start":{"line":87,"column":16},"end":{"line":91,"column":17}},"28":{"start":{"line":88,"column":20},"end":{"line":88,"column":32}},"29":{"start":{"line":90,"column":20},"end":{"line":90,"column":34}},"30":{"start":{"line":100,"column":8},"end":{"line":100,"column":75}},"31":{"start":{"line":102,"column":8},"end":{"line":127,"column":11}},"32":{"start":{"line":108,"column":12},"end":{"line":108,"column":91}},"33":{"start":{"line":109,"column":23},"end":{"line":109,"column":114}},"34":{"start":{"line":110,"column":12},"end":{"line":110,"column":118}},"35":{"start":{"line":111,"column":12},"end":{"line":123,"column":15}},"36":{"start":{"line":112,"column":16},"end":{"line":112,"column":103}},"37":{"start":{"line":114,"column":16},"end":{"line":119,"column":19}},"38":{"start":{"line":115,"column":20},"end":{"line":115,"column":152}},"39":{"start":{"line":117,"column":20},"end":{"line":117,"column":39}},"40":{"start":{"line":118,"column":20},"end":{"line":118,"column":121}},"41":{"start":{"line":121,"column":16},"end":{"line":121,"column":35}},"42":{"start":{"line":122,"column":16},"end":{"line":122,"column":105}},"43":{"start":{"line":125,"column":12},"end":{"line":125,"column":31}},"44":{"start":{"line":126,"column":12},"end":{"line":126,"column":118}}},"fnMap":{"0":{"name":"(anonymous_0)","decl":{"start":{"line":11,"column":4},"end":{"line":11,"column":5}},"loc":{"start":{"line":11,"column":24},"end":{"line":21,"column":5}},"line":11},"1":{"name":"(anonymous_1)","decl":{"start":{"line":12,"column":27},"end":{"line":12,"column":28}},"loc":{"start":{"line":12,"column":48},"end":{"line":20,"column":9}},"line":12},"2":{"name":"(anonymous_2)","decl":{"start":{"line":14,"column":36},"end":{"line":14,"column":37}},"loc":{"start":{"line":14,"column":54},"end":{"line":19,"column":13}},"line":14},"3":{"name":"(anonymous_3)","decl":{"start":{"line":28,"column":4},"end":{"line":28,"column":5}},"loc":{"start":{"line":28,"column":45},"end":{"line":38,"column":5}},"line":28},"4":{"name":"(anonymous_4)","decl":{"start":{"line":29,"column":27},"end":{"line":29,"column":28}},"loc":{"start":{"line":29,"column":48},"end":{"line":37,"column":9}},"line":29},"5":{"name":"(anonymous_5)","decl":{"start":{"line":33,"column":22},"end":{"line":33,"column":23}},"loc":{"start":{"line":33,"column":34},"end":{"line":35,"column":17}},"line":33},"6":{"name":"(anonymous_6)","decl":{"start":{"line":36,"column":23},"end":{"line":36,"column":24}},"loc":{"start":{"line":36,"column":30},"end":{"line":36,"column":41}},"line":36},"7":{"name":"(anonymous_7)","decl":{"start":{"line":44,"column":4},"end":{"line":44,"column":5}},"loc":{"start":{"line":44,"column":28},"end":{"line":63,"column":5}},"line":44},"8":{"name":"(anonymous_8)","decl":{"start":{"line":45,"column":27},"end":{"line":45,"column":28}},"loc":{"start":{"line":45,"column":48},"end":{"line":62,"column":9}},"line":45},"9":{"name":"(anonymous_9)","decl":{"start":{"line":54,"column":22},"end":{"line":54,"column":23}},"loc":{"start":{"line":54,"column":34},"end":{"line":60,"column":17}},"line":54},"10":{"name":"(anonymous_10)","decl":{"start":{"line":56,"column":35},"end":{"line":56,"column":36}},"loc":{"start":{"line":56,"column":45},"end":{"line":58,"column":21}},"line":56},"11":{"name":"(anonymous_11)","decl":{"start":{"line":61,"column":23},"end":{"line":61,"column":24}},"loc":{"start":{"line":61,"column":30},"end":{"line":61,"column":41}},"line":61},"12":{"name":"(anonymous_12)","decl":{"start":{"line":69,"column":4},"end":{"line":69,"column":5}},"loc":{"start":{"line":69,"column":23},"end":{"line":77,"column":5}},"line":69},"13":{"name":"(anonymous_13)","decl":{"start":{"line":70,"column":27},"end":{"line":70,"column":28}},"loc":{"start":{"line":70,"column":48},"end":{"line":76,"column":9}},"line":70},"14":{"name":"(anonymous_14)","decl":{"start":{"line":71,"column":51},"end":{"line":71,"column":52}},"loc":{"start":{"line":71,"column":63},"end":{"line":73,"column":13}},"line":71},"15":{"name":"(anonymous_15)","decl":{"start":{"line":73,"column":21},"end":{"line":73,"column":22}},"loc":{"start":{"line":73,"column":30},"end":{"line":75,"column":13}},"line":73},"16":{"name":"(anonymous_16)","decl":{"start":{"line":84,"column":4},"end":{"line":84,"column":5}},"loc":{"start":{"line":84,"column":45},"end":{"line":94,"column":5}},"line":84},"17":{"name":"(anonymous_17)","decl":{"start":{"line":85,"column":27},"end":{"line":85,"column":28}},"loc":{"start":{"line":85,"column":48},"end":{"line":93,"column":9}},"line":85},"18":{"name":"(anonymous_18)","decl":{"start":{"line":86,"column":65},"end":{"line":86,"column":66}},"loc":{"start":{"line":86,"column":80},"end":{"line":92,"column":13}},"line":86},"19":{"name":"(anonymous_19)","decl":{"start":{"line":99,"column":4},"end":{"line":99,"column":5}},"loc":{"start":{"line":99,"column":32},"end":{"line":128,"column":5}},"line":99},"20":{"name":"(anonymous_20)","decl":{"start":{"line":107,"column":16},"end":{"line":107,"column":17}},"loc":{"start":{"line":107,"column":28},"end":{"line":124,"column":9}},"line":107},"21":{"name":"(anonymous_21)","decl":{"start":{"line":111,"column":34},"end":{"line":111,"column":35}},"loc":{"start":{"line":111,"column":43},"end":{"line":120,"column":13}},"line":111},"22":{"name":"(anonymous_22)","decl":{"start":{"line":114,"column":51},"end":{"line":114,"column":52}},"loc":{"start":{"line":114,"column":60},"end":{"line":116,"column":17}},"line":114},"23":{"name":"(anonymous_23)","decl":{"start":{"line":116,"column":25},"end":{"line":116,"column":26}},"loc":{"start":{"line":116,"column":34},"end":{"line":119,"column":17}},"line":116},"24":{"name":"(anonymous_24)","decl":{"start":{"line":120,"column":21},"end":{"line":120,"column":22}},"loc":{"start":{"line":120,"column":30},"end":{"line":123,"column":13}},"line":120},"25":{"name":"(anonymous_25)","decl":{"start":{"line":124,"column":17},"end":{"line":124,"column":18}},"loc":{"start":{"line":124,"column":26},"end":{"line":127,"column":9}},"line":124}},"branchMap":{"0":{"loc":{"start":{"line":15,"column":16},"end":{"line":17,"column":17}},"type":"if","locations":[{"start":{"line":15,"column":16},"end":{"line":17,"column":17}},{"start":{},"end":{}}],"line":15},"1":{"loc":{"start":{"line":87,"column":16},"end":{"line":91,"column":17}},"type":"if","locations":[{"start":{"line":87,"column":16},"end":{"line":91,"column":17}},{"start":{"line":89,"column":23},"end":{"line":91,"column":17}}],"line":87}},"s":{"0":4,"1":4,"2":4,"3":4,"4":0,"5":0,"6":0,"7":0,"8":0,"9":0,"10":0,"11":0,"12":0,"13":0,"14":0,"15":0,"16":0,"17":0,"18":0,"19":0,"20":0,"21":0,"22":0,"23":0,"24":0,"25":0,"26":0,"27":0,"28":0,"29":0,"30":0,"31":0,"32":0,"33":0,"34":0,"35":0,"36":0,"37":0,"38":0,"39":0,"40":0,"41":0,"42":0,"43":0,"44":0},"f":{"0":0,"1":0,"2":0,"3":0,"4":0,"5":0,"6":0,"7":0,"8":0,"9":0,"10":0,"11":0,"12":0,"13":0,"14":0,"15":0,"16":0,"17":0,"18":0,"19":0,"20":0,"21":0,"22":0,"23":0,"24":0,"25":0},"b":{"0":[0,0],"1":[0,0]},"_coverageSchema":"1a1c01bbd47fc00a2c39e90264f33305004495a9","hash":"652c88e55874cbb921cc74bfa6066db63d3330e0"}
,"C:\\Users\\kewen\\Documents\\GitHub\\SemesterPlanner-Server\\src\\repository\\conUOpenDataImportantDateRepository.js": {"path":"C:\\Users\\kewen\\Documents\\GitHub\\SemesterPlanner-Server\\src\\repository\\conUOpenDataImportantDateRepository.js","statementMap":{"0":{"start":{"line":1,"column":38},"end":{"line":1,"column":92}},"1":{"start":{"line":2,"column":30},"end":{"line":2,"column":82}},"2":{"start":{"line":3,"column":12},"end":{"line":3,"column":26}},"3":{"start":{"line":4,"column":16},"end":{"line":4,"column":34}},"4":{"start":{"line":6,"column":0},"end":{"line":146,"column":1}},"5":{"start":{"line":13,"column":8},"end":{"line":21,"column":10}},"6":{"start":{"line":14,"column":45},"end":{"line":14,"column":78}},"7":{"start":{"line":15,"column":12},"end":{"line":20,"column":14}},"8":{"start":{"line":16,"column":16},"end":{"line":18,"column":17}},"9":{"start":{"line":17,"column":20},"end":{"line":17,"column":32}},"10":{"start":{"line":19,"column":16},"end":{"line":19,"column":39}},"11":{"start":{"line":29,"column":8},"end":{"line":35,"column":10}},"12":{"start":{"line":30,"column":12},"end":{"line":34,"column":42}},"13":{"start":{"line":32,"column":20},"end":{"line":32,"column":36}},"14":{"start":{"line":34,"column":30},"end":{"line":34,"column":41}},"15":{"start":{"line":44,"column":21},"end":{"line":44,"column":23}},"16":{"start":{"line":46,"column":8},"end":{"line":52,"column":10}},"17":{"start":{"line":47,"column":12},"end":{"line":51,"column":65}},"18":{"start":{"line":48,"column":16},"end":{"line":48,"column":49}},"19":{"start":{"line":49,"column":19},"end":{"line":51,"column":65}},"20":{"start":{"line":50,"column":16},"end":{"line":51,"column":65}},"21":{"start":{"line":51,"column":20},"end":{"line":51,"column":65}},"22":{"start":{"line":53,"column":8},"end":{"line":53,"column":29}},"23":{"start":{"line":61,"column":28},"end":{"line":61,"column":32}},"24":{"start":{"line":62,"column":28},"end":{"line":62,"column":52}},"25":{"start":{"line":63,"column":29},"end":{"line":63,"column":31}},"26":{"start":{"line":66,"column":23},"end":{"line":66,"column":140}},"27":{"start":{"line":68,"column":8},"end":{"line":88,"column":11}},"28":{"start":{"line":69,"column":12},"end":{"line":87,"column":15}},"29":{"start":{"line":70,"column":26},"end":{"line":70,"column":53}},"30":{"start":{"line":71,"column":16},"end":{"line":83,"column":18}},"31":{"start":{"line":72,"column":20},"end":{"line":74,"column":21}},"32":{"start":{"line":73,"column":24},"end":{"line":73,"column":46}},"33":{"start":{"line":75,"column":35},"end":{"line":75,"column":164}},"34":{"start":{"line":76,"column":33},"end":{"line":76,"column":63}},"35":{"start":{"line":77,"column":40},"end":{"line":77,"column":89}},"36":{"start":{"line":78,"column":42},"end":{"line":81,"column":21}},"37":{"start":{"line":82,"column":20},"end":{"line":82,"column":55}},"38":{"start":{"line":84,"column":16},"end":{"line":84,"column":40}},"39":{"start":{"line":86,"column":16},"end":{"line":86,"column":28}},"40":{"start":{"line":96,"column":8},"end":{"line":102,"column":10}},"41":{"start":{"line":97,"column":12},"end":{"line":101,"column":14}},"42":{"start":{"line":98,"column":16},"end":{"line":98,"column":32}},"43":{"start":{"line":100,"column":16},"end":{"line":100,"column":28}},"44":{"start":{"line":111,"column":8},"end":{"line":119,"column":10}},"45":{"start":{"line":112,"column":12},"end":{"line":118,"column":14}},"46":{"start":{"line":113,"column":16},"end":{"line":117,"column":17}},"47":{"start":{"line":114,"column":20},"end":{"line":114,"column":32}},"48":{"start":{"line":116,"column":20},"end":{"line":116,"column":34}},"49":{"start":{"line":126,"column":8},"end":{"line":144,"column":10}},"50":{"start":{"line":127,"column":12},"end":{"line":127,"column":100}},"51":{"start":{"line":129,"column":12},"end":{"line":140,"column":15}},"52":{"start":{"line":130,"column":16},"end":{"line":130,"column":108}},"53":{"start":{"line":131,"column":16},"end":{"line":136,"column":19}},"54":{"start":{"line":132,"column":20},"end":{"line":132,"column":155}},"55":{"start":{"line":134,"column":20},"end":{"line":134,"column":39}},"56":{"start":{"line":135,"column":20},"end":{"line":135,"column":126}},"57":{"start":{"line":138,"column":16},"end":{"line":138,"column":35}},"58":{"start":{"line":139,"column":16},"end":{"line":139,"column":110}},"59":{"start":{"line":142,"column":12},"end":{"line":142,"column":31}},"60":{"start":{"line":143,"column":12},"end":{"line":143,"column":124}}},"fnMap":{"0":{"name":"(anonymous_0)","decl":{"start":{"line":12,"column":4},"end":{"line":12,"column":5}},"loc":{"start":{"line":12,"column":24},"end":{"line":22,"column":5}},"line":12},"1":{"name":"(anonymous_1)","decl":{"start":{"line":13,"column":27},"end":{"line":13,"column":28}},"loc":{"start":{"line":13,"column":48},"end":{"line":21,"column":9}},"line":13},"2":{"name":"(anonymous_2)","decl":{"start":{"line":15,"column":42},"end":{"line":15,"column":43}},"loc":{"start":{"line":15,"column":66},"end":{"line":20,"column":13}},"line":15},"3":{"name":"(anonymous_3)","decl":{"start":{"line":28,"column":4},"end":{"line":28,"column":5}},"loc":{"start":{"line":28,"column":34},"end":{"line":36,"column":5}},"line":28},"4":{"name":"(anonymous_4)","decl":{"start":{"line":29,"column":27},"end":{"line":29,"column":28}},"loc":{"start":{"line":29,"column":48},"end":{"line":35,"column":9}},"line":29},"5":{"name":"(anonymous_5)","decl":{"start":{"line":31,"column":22},"end":{"line":31,"column":23}},"loc":{"start":{"line":31,"column":34},"end":{"line":33,"column":17}},"line":31},"6":{"name":"(anonymous_6)","decl":{"start":{"line":34,"column":23},"end":{"line":34,"column":24}},"loc":{"start":{"line":34,"column":30},"end":{"line":34,"column":41}},"line":34},"7":{"name":"(anonymous_7)","decl":{"start":{"line":43,"column":4},"end":{"line":43,"column":5}},"loc":{"start":{"line":43,"column":29},"end":{"line":54,"column":5}},"line":43},"8":{"name":"(anonymous_8)","decl":{"start":{"line":46,"column":34},"end":{"line":46,"column":35}},"loc":{"start":{"line":46,"column":44},"end":{"line":52,"column":9}},"line":46},"9":{"name":"(anonymous_9)","decl":{"start":{"line":60,"column":4},"end":{"line":60,"column":5}},"loc":{"start":{"line":60,"column":31},"end":{"line":89,"column":5}},"line":60},"10":{"name":"(anonymous_10)","decl":{"start":{"line":68,"column":27},"end":{"line":68,"column":28}},"loc":{"start":{"line":68,"column":48},"end":{"line":88,"column":9}},"line":68},"11":{"name":"(anonymous_11)","decl":{"start":{"line":69,"column":29},"end":{"line":69,"column":30}},"loc":{"start":{"line":69,"column":41},"end":{"line":85,"column":13}},"line":69},"12":{"name":"(anonymous_12)","decl":{"start":{"line":71,"column":35},"end":{"line":71,"column":36}},"loc":{"start":{"line":71,"column":51},"end":{"line":83,"column":17}},"line":71},"13":{"name":"(anonymous_13)","decl":{"start":{"line":85,"column":21},"end":{"line":85,"column":22}},"loc":{"start":{"line":85,"column":28},"end":{"line":87,"column":13}},"line":85},"14":{"name":"(anonymous_14)","decl":{"start":{"line":95,"column":4},"end":{"line":95,"column":5}},"loc":{"start":{"line":95,"column":23},"end":{"line":103,"column":5}},"line":95},"15":{"name":"(anonymous_15)","decl":{"start":{"line":96,"column":27},"end":{"line":96,"column":28}},"loc":{"start":{"line":96,"column":48},"end":{"line":102,"column":9}},"line":96},"16":{"name":"(anonymous_16)","decl":{"start":{"line":97,"column":57},"end":{"line":97,"column":58}},"loc":{"start":{"line":97,"column":69},"end":{"line":99,"column":13}},"line":97},"17":{"name":"(anonymous_17)","decl":{"start":{"line":99,"column":21},"end":{"line":99,"column":22}},"loc":{"start":{"line":99,"column":30},"end":{"line":101,"column":13}},"line":99},"18":{"name":"(anonymous_18)","decl":{"start":{"line":110,"column":4},"end":{"line":110,"column":5}},"loc":{"start":{"line":110,"column":55},"end":{"line":120,"column":5}},"line":110},"19":{"name":"(anonymous_19)","decl":{"start":{"line":111,"column":27},"end":{"line":111,"column":28}},"loc":{"start":{"line":111,"column":48},"end":{"line":119,"column":9}},"line":111},"20":{"name":"(anonymous_20)","decl":{"start":{"line":112,"column":75},"end":{"line":112,"column":76}},"loc":{"start":{"line":112,"column":90},"end":{"line":118,"column":13}},"line":112},"21":{"name":"(anonymous_21)","decl":{"start":{"line":125,"column":4},"end":{"line":125,"column":5}},"loc":{"start":{"line":125,"column":38},"end":{"line":145,"column":5}},"line":125},"22":{"name":"(anonymous_22)","decl":{"start":{"line":126,"column":38},"end":{"line":126,"column":39}},"loc":{"start":{"line":126,"column":50},"end":{"line":141,"column":9}},"line":126},"23":{"name":"(anonymous_23)","decl":{"start":{"line":129,"column":34},"end":{"line":129,"column":35}},"loc":{"start":{"line":129,"column":43},"end":{"line":137,"column":13}},"line":129},"24":{"name":"(anonymous_24)","decl":{"start":{"line":131,"column":59},"end":{"line":131,"column":60}},"loc":{"start":{"line":131,"column":68},"end":{"line":133,"column":17}},"line":131},"25":{"name":"(anonymous_25)","decl":{"start":{"line":133,"column":25},"end":{"line":133,"column":26}},"loc":{"start":{"line":133,"column":34},"end":{"line":136,"column":17}},"line":133},"26":{"name":"(anonymous_26)","decl":{"start":{"line":137,"column":21},"end":{"line":137,"column":22}},"loc":{"start":{"line":137,"column":30},"end":{"line":140,"column":13}},"line":137},"27":{"name":"(anonymous_27)","decl":{"start":{"line":141,"column":17},"end":{"line":141,"column":18}},"loc":{"start":{"line":141,"column":26},"end":{"line":144,"column":9}},"line":141}},"branchMap":{"0":{"loc":{"start":{"line":16,"column":16},"end":{"line":18,"column":17}},"type":"if","locations":[{"start":{"line":16,"column":16},"end":{"line":18,"column":17}},{"start":{},"end":{}}],"line":16},"1":{"loc":{"start":{"line":47,"column":12},"end":{"line":51,"column":65}},"type":"if","locations":[{"start":{"line":47,"column":12},"end":{"line":51,"column":65}},{"start":{"line":49,"column":19},"end":{"line":51,"column":65}}],"line":47},"2":{"loc":{"start":{"line":49,"column":19},"end":{"line":51,"column":65}},"type":"if","locations":[{"start":{"line":49,"column":19},"end":{"line":51,"column":65}},{"start":{},"end":{}}],"line":49},"3":{"loc":{"start":{"line":50,"column":16},"end":{"line":51,"column":65}},"type":"if","locations":[{"start":{"line":50,"column":16},"end":{"line":51,"column":65}},{"start":{},"end":{}}],"line":50},"4":{"loc":{"start":{"line":72,"column":20},"end":{"line":74,"column":21}},"type":"if","locations":[{"start":{"line":72,"column":20},"end":{"line":74,"column":21}},{"start":{},"end":{}}],"line":72},"5":{"loc":{"start":{"line":75,"column":77},"end":{"line":75,"column":122}},"type":"cond-expr","locations":[{"start":{"line":75,"column":93},"end":{"line":75,"column":104}},{"start":{"line":75,"column":107},"end":{"line":75,"column":122}}],"line":75},"6":{"loc":{"start":{"line":113,"column":16},"end":{"line":117,"column":17}},"type":"if","locations":[{"start":{"line":113,"column":16},"end":{"line":117,"column":17}},{"start":{"line":115,"column":23},"end":{"line":117,"column":17}}],"line":113}},"s":{"0":4,"1":4,"2":4,"3":4,"4":4,"5":0,"6":0,"7":0,"8":0,"9":0,"10":0,"11":0,"12":0,"13":0,"14":0,"15":0,"16":0,"17":0,"18":0,"19":0,"20":0,"21":0,"22":0,"23":0,"24":0,"25":0,"26":0,"27":0,"28":0,"29":0,"30":0,"31":0,"32":0,"33":0,"34":0,"35":0,"36":0,"37":0,"38":0,"39":0,"40":0,"41":0,"42":0,"43":0,"44":0,"45":0,"46":0,"47":0,"48":0,"49":0,"50":0,"51":0,"52":0,"53":0,"54":0,"55":0,"56":0,"57":0,"58":0,"59":0,"60":0},"f":{"0":0,"1":0,"2":0,"3":0,"4":0,"5":0,"6":0,"7":0,"8":0,"9":0,"10":0,"11":0,"12":0,"13":0,"14":0,"15":0,"16":0,"17":0,"18":0,"19":0,"20":0,"21":0,"22":0,"23":0,"24":0,"25":0,"26":0,"27":0},"b":{"0":[0,0],"1":[0,0],"2":[0,0],"3":[0,0],"4":[0,0],"5":[0,0],"6":[0,0]},"_coverageSchema":"1a1c01bbd47fc00a2c39e90264f33305004495a9","hash":"7c85e128ded362de2315eb5f27e55f867f8cb5c1"}
,"C:\\Users\\kewen\\Documents\\GitHub\\SemesterPlanner-Server\\src\\repository\\courseNotesRepository.js": {"path":"C:\\Users\\kewen\\Documents\\GitHub\\SemesterPlanner-Server\\src\\repository\\courseNotesRepository.js","statementMap":{"0":{"start":{"line":1,"column":20},"end":{"line":1,"column":58}},"1":{"start":{"line":2,"column":26},"end":{"line":2,"column":66}},"2":{"start":{"line":4,"column":0},"end":{"line":63,"column":1}},"3":{"start":{"line":12,"column":8},"end":{"line":18,"column":10}},"4":{"start":{"line":13,"column":35},"end":{"line":13,"column":58}},"5":{"start":{"line":14,"column":12},"end":{"line":17,"column":14}},"6":{"start":{"line":15,"column":16},"end":{"line":15,"column":41}},"7":{"start":{"line":15,"column":27},"end":{"line":15,"column":39}},"8":{"start":{"line":16,"column":16},"end":{"line":16,"column":31}},"9":{"start":{"line":27,"column":8},"end":{"line":32,"column":10}},"10":{"start":{"line":28,"column":12},"end":{"line":31,"column":42}},"11":{"start":{"line":29,"column":16},"end":{"line":29,"column":37}},"12":{"start":{"line":31,"column":30},"end":{"line":31,"column":41}},"13":{"start":{"line":41,"column":8},"end":{"line":46,"column":10}},"14":{"start":{"line":42,"column":12},"end":{"line":45,"column":42}},"15":{"start":{"line":43,"column":16},"end":{"line":43,"column":37}},"16":{"start":{"line":45,"column":30},"end":{"line":45,"column":41}},"17":{"start":{"line":55,"column":8},"end":{"line":61,"column":10}},"18":{"start":{"line":56,"column":12},"end":{"line":60,"column":42}},"19":{"start":{"line":58,"column":20},"end":{"line":58,"column":49}},"20":{"start":{"line":60,"column":30},"end":{"line":60,"column":41}}},"fnMap":{"0":{"name":"(anonymous_0)","decl":{"start":{"line":11,"column":4},"end":{"line":11,"column":5}},"loc":{"start":{"line":11,"column":24},"end":{"line":19,"column":5}},"line":11},"1":{"name":"(anonymous_1)","decl":{"start":{"line":12,"column":27},"end":{"line":12,"column":28}},"loc":{"start":{"line":12,"column":48},"end":{"line":18,"column":9}},"line":12},"2":{"name":"(anonymous_2)","decl":{"start":{"line":14,"column":32},"end":{"line":14,"column":33}},"loc":{"start":{"line":14,"column":48},"end":{"line":17,"column":13}},"line":14},"3":{"name":"(anonymous_3)","decl":{"start":{"line":26,"column":4},"end":{"line":26,"column":5}},"loc":{"start":{"line":26,"column":45},"end":{"line":33,"column":5}},"line":26},"4":{"name":"(anonymous_4)","decl":{"start":{"line":27,"column":27},"end":{"line":27,"column":28}},"loc":{"start":{"line":27,"column":48},"end":{"line":32,"column":9}},"line":27},"5":{"name":"(anonymous_5)","decl":{"start":{"line":28,"column":75},"end":{"line":28,"column":76}},"loc":{"start":{"line":28,"column":92},"end":{"line":30,"column":13}},"line":28},"6":{"name":"(anonymous_6)","decl":{"start":{"line":31,"column":23},"end":{"line":31,"column":24}},"loc":{"start":{"line":31,"column":30},"end":{"line":31,"column":41}},"line":31},"7":{"name":"(anonymous_7)","decl":{"start":{"line":40,"column":4},"end":{"line":40,"column":5}},"loc":{"start":{"line":40,"column":34},"end":{"line":47,"column":5}},"line":40},"8":{"name":"(anonymous_8)","decl":{"start":{"line":41,"column":27},"end":{"line":41,"column":28}},"loc":{"start":{"line":41,"column":48},"end":{"line":46,"column":9}},"line":41},"9":{"name":"(anonymous_9)","decl":{"start":{"line":42,"column":82},"end":{"line":42,"column":83}},"loc":{"start":{"line":42,"column":99},"end":{"line":44,"column":13}},"line":42},"10":{"name":"(anonymous_10)","decl":{"start":{"line":45,"column":23},"end":{"line":45,"column":24}},"loc":{"start":{"line":45,"column":30},"end":{"line":45,"column":41}},"line":45},"11":{"name":"(anonymous_11)","decl":{"start":{"line":54,"column":4},"end":{"line":54,"column":5}},"loc":{"start":{"line":54,"column":36},"end":{"line":62,"column":5}},"line":54},"12":{"name":"(anonymous_12)","decl":{"start":{"line":55,"column":27},"end":{"line":55,"column":28}},"loc":{"start":{"line":55,"column":48},"end":{"line":61,"column":9}},"line":55},"13":{"name":"(anonymous_13)","decl":{"start":{"line":57,"column":22},"end":{"line":57,"column":23}},"loc":{"start":{"line":57,"column":34},"end":{"line":59,"column":17}},"line":57},"14":{"name":"(anonymous_14)","decl":{"start":{"line":60,"column":23},"end":{"line":60,"column":24}},"loc":{"start":{"line":60,"column":30},"end":{"line":60,"column":41}},"line":60}},"branchMap":{"0":{"loc":{"start":{"line":15,"column":16},"end":{"line":15,"column":41}},"type":"if","locations":[{"start":{"line":15,"column":16},"end":{"line":15,"column":41}},{"start":{},"end":{}}],"line":15}},"s":{"0":4,"1":4,"2":4,"3":0,"4":0,"5":0,"6":0,"7":0,"8":0,"9":0,"10":0,"11":0,"12":0,"13":0,"14":0,"15":0,"16":0,"17":0,"18":0,"19":0,"20":0},"f":{"0":0,"1":0,"2":0,"3":0,"4":0,"5":0,"6":0,"7":0,"8":0,"9":0,"10":0,"11":0,"12":0,"13":0,"14":0},"b":{"0":[0,0]},"_coverageSchema":"1a1c01bbd47fc00a2c39e90264f33305004495a9","hash":"e3e4e5ea23c7e3c7add911c050b38cdc1d78d19b"}
,"C:\\Users\\kewen\\Documents\\GitHub\\SemesterPlanner-Server\\src\\repository\\eventRepository.js": {"path":"C:\\Users\\kewen\\Documents\\GitHub\\SemesterPlanner-Server\\src\\repository\\eventRepository.js","statementMap":{"0":{"start":{"line":1,"column":14},"end":{"line":1,"column":46}},"1":{"start":{"line":2,"column":24},"end":{"line":2,"column":58}},"2":{"start":{"line":3,"column":23},"end":{"line":3,"column":61}},"3":{"start":{"line":5,"column":0},"end":{"line":101,"column":1}},"4":{"start":{"line":13,"column":8},"end":{"line":25,"column":10}},"5":{"start":{"line":14,"column":12},"end":{"line":24,"column":45}},"6":{"start":{"line":15,"column":33},"end":{"line":15,"column":50}},"7":{"start":{"line":16,"column":16},"end":{"line":22,"column":49}},"8":{"start":{"line":17,"column":20},"end":{"line":20,"column":22}},"9":{"start":{"line":18,"column":24},"end":{"line":18,"column":49}},"10":{"start":{"line":18,"column":35},"end":{"line":18,"column":47}},"11":{"start":{"line":19,"column":24},"end":{"line":19,"column":39}},"12":{"start":{"line":22,"column":35},"end":{"line":22,"column":47}},"13":{"start":{"line":24,"column":31},"end":{"line":24,"column":43}},"14":{"start":{"line":34,"column":8},"end":{"line":39,"column":10}},"15":{"start":{"line":35,"column":12},"end":{"line":38,"column":42}},"16":{"start":{"line":36,"column":16},"end":{"line":36,"column":32}},"17":{"start":{"line":38,"column":30},"end":{"line":38,"column":41}},"18":{"start":{"line":48,"column":8},"end":{"line":53,"column":10}},"19":{"start":{"line":49,"column":12},"end":{"line":52,"column":42}},"20":{"start":{"line":50,"column":16},"end":{"line":50,"column":31}},"21":{"start":{"line":52,"column":30},"end":{"line":52,"column":41}},"22":{"start":{"line":62,"column":8},"end":{"line":67,"column":10}},"23":{"start":{"line":63,"column":12},"end":{"line":66,"column":42}},"24":{"start":{"line":64,"column":16},"end":{"line":64,"column":31}},"25":{"start":{"line":66,"column":30},"end":{"line":66,"column":41}},"26":{"start":{"line":76,"column":8},"end":{"line":82,"column":10}},"27":{"start":{"line":77,"column":12},"end":{"line":81,"column":42}},"28":{"start":{"line":79,"column":20},"end":{"line":79,"column":49}},"29":{"start":{"line":81,"column":30},"end":{"line":81,"column":41}},"30":{"start":{"line":91,"column":8},"end":{"line":99,"column":10}},"31":{"start":{"line":92,"column":12},"end":{"line":98,"column":45}},"32":{"start":{"line":93,"column":16},"end":{"line":96,"column":18}},"33":{"start":{"line":94,"column":20},"end":{"line":94,"column":45}},"34":{"start":{"line":94,"column":31},"end":{"line":94,"column":43}},"35":{"start":{"line":95,"column":20},"end":{"line":95,"column":35}},"36":{"start":{"line":98,"column":31},"end":{"line":98,"column":43}}},"fnMap":{"0":{"name":"(anonymous_0)","decl":{"start":{"line":12,"column":4},"end":{"line":12,"column":5}},"loc":{"start":{"line":12,"column":24},"end":{"line":26,"column":5}},"line":12},"1":{"name":"(anonymous_1)","decl":{"start":{"line":13,"column":27},"end":{"line":13,"column":28}},"loc":{"start":{"line":13,"column":48},"end":{"line":25,"column":9}},"line":13},"2":{"name":"(anonymous_2)","decl":{"start":{"line":14,"column":60},"end":{"line":14,"column":61}},"loc":{"start":{"line":14,"column":66},"end":{"line":23,"column":13}},"line":14},"3":{"name":"(anonymous_3)","decl":{"start":{"line":16,"column":65},"end":{"line":16,"column":66}},"loc":{"start":{"line":16,"column":71},"end":{"line":21,"column":17}},"line":16},"4":{"name":"(anonymous_4)","decl":{"start":{"line":17,"column":34},"end":{"line":17,"column":35}},"loc":{"start":{"line":17,"column":50},"end":{"line":20,"column":21}},"line":17},"5":{"name":"(anonymous_5)","decl":{"start":{"line":22,"column":27},"end":{"line":22,"column":28}},"loc":{"start":{"line":22,"column":35},"end":{"line":22,"column":47}},"line":22},"6":{"name":"(anonymous_6)","decl":{"start":{"line":24,"column":23},"end":{"line":24,"column":24}},"loc":{"start":{"line":24,"column":31},"end":{"line":24,"column":43}},"line":24},"7":{"name":"(anonymous_7)","decl":{"start":{"line":33,"column":4},"end":{"line":33,"column":5}},"loc":{"start":{"line":33,"column":46},"end":{"line":40,"column":5}},"line":33},"8":{"name":"(anonymous_8)","decl":{"start":{"line":34,"column":27},"end":{"line":34,"column":28}},"loc":{"start":{"line":34,"column":48},"end":{"line":39,"column":9}},"line":34},"9":{"name":"(anonymous_9)","decl":{"start":{"line":35,"column":63},"end":{"line":35,"column":64}},"loc":{"start":{"line":35,"column":75},"end":{"line":37,"column":13}},"line":35},"10":{"name":"(anonymous_10)","decl":{"start":{"line":38,"column":23},"end":{"line":38,"column":24}},"loc":{"start":{"line":38,"column":30},"end":{"line":38,"column":41}},"line":38},"11":{"name":"(anonymous_11)","decl":{"start":{"line":47,"column":4},"end":{"line":47,"column":5}},"loc":{"start":{"line":47,"column":28},"end":{"line":54,"column":5}},"line":47},"12":{"name":"(anonymous_12)","decl":{"start":{"line":48,"column":27},"end":{"line":48,"column":28}},"loc":{"start":{"line":48,"column":48},"end":{"line":53,"column":9}},"line":48},"13":{"name":"(anonymous_13)","decl":{"start":{"line":49,"column":64},"end":{"line":49,"column":65}},"loc":{"start":{"line":49,"column":75},"end":{"line":51,"column":13}},"line":49},"14":{"name":"(anonymous_14)","decl":{"start":{"line":52,"column":23},"end":{"line":52,"column":24}},"loc":{"start":{"line":52,"column":30},"end":{"line":52,"column":41}},"line":52},"15":{"name":"(anonymous_15)","decl":{"start":{"line":61,"column":4},"end":{"line":61,"column":5}},"loc":{"start":{"line":61,"column":28},"end":{"line":68,"column":5}},"line":61},"16":{"name":"(anonymous_16)","decl":{"start":{"line":62,"column":27},"end":{"line":62,"column":28}},"loc":{"start":{"line":62,"column":48},"end":{"line":67,"column":9}},"line":62},"17":{"name":"(anonymous_17)","decl":{"start":{"line":63,"column":37},"end":{"line":63,"column":38}},"loc":{"start":{"line":63,"column":48},"end":{"line":65,"column":13}},"line":63},"18":{"name":"(anonymous_18)","decl":{"start":{"line":66,"column":23},"end":{"line":66,"column":24}},"loc":{"start":{"line":66,"column":30},"end":{"line":66,"column":41}},"line":66},"19":{"name":"(anonymous_19)","decl":{"start":{"line":75,"column":4},"end":{"line":75,"column":5}},"loc":{"start":{"line":75,"column":30},"end":{"line":83,"column":5}},"line":75},"20":{"name":"(anonymous_20)","decl":{"start":{"line":76,"column":27},"end":{"line":76,"column":28}},"loc":{"start":{"line":76,"column":48},"end":{"line":82,"column":9}},"line":76},"21":{"name":"(anonymous_21)","decl":{"start":{"line":78,"column":22},"end":{"line":78,"column":23}},"loc":{"start":{"line":78,"column":34},"end":{"line":80,"column":17}},"line":78},"22":{"name":"(anonymous_22)","decl":{"start":{"line":81,"column":23},"end":{"line":81,"column":24}},"loc":{"start":{"line":81,"column":30},"end":{"line":81,"column":41}},"line":81},"23":{"name":"(anonymous_23)","decl":{"start":{"line":90,"column":4},"end":{"line":90,"column":5}},"loc":{"start":{"line":90,"column":28},"end":{"line":100,"column":5}},"line":90},"24":{"name":"(anonymous_24)","decl":{"start":{"line":91,"column":27},"end":{"line":91,"column":28}},"loc":{"start":{"line":91,"column":48},"end":{"line":99,"column":9}},"line":91},"25":{"name":"(anonymous_25)","decl":{"start":{"line":92,"column":61},"end":{"line":92,"column":62}},"loc":{"start":{"line":92,"column":67},"end":{"line":97,"column":13}},"line":92},"26":{"name":"(anonymous_26)","decl":{"start":{"line":93,"column":27},"end":{"line":93,"column":28}},"loc":{"start":{"line":93,"column":43},"end":{"line":96,"column":17}},"line":93},"27":{"name":"(anonymous_27)","decl":{"start":{"line":98,"column":23},"end":{"line":98,"column":24}},"loc":{"start":{"line":98,"column":31},"end":{"line":98,"column":43}},"line":98}},"branchMap":{"0":{"loc":{"start":{"line":18,"column":24},"end":{"line":18,"column":49}},"type":"if","locations":[{"start":{"line":18,"column":24},"end":{"line":18,"column":49}},{"start":{},"end":{}}],"line":18},"1":{"loc":{"start":{"line":94,"column":20},"end":{"line":94,"column":45}},"type":"if","locations":[{"start":{"line":94,"column":20},"end":{"line":94,"column":45}},{"start":{},"end":{}}],"line":94}},"s":{"0":4,"1":4,"2":4,"3":4,"4":1,"5":1,"6":1,"7":1,"8":1,"9":1,"10":0,"11":1,"12":0,"13":0,"14":0,"15":0,"16":0,"17":0,"18":1,"19":1,"20":1,"21":0,"22":0,"23":0,"24":0,"25":0,"26":0,"27":0,"28":0,"29":0,"30":0,"31":0,"32":0,"33":0,"34":0,"35":0,"36":0},"f":{"0":1,"1":1,"2":1,"3":1,"4":1,"5":0,"6":0,"7":0,"8":0,"9":0,"10":0,"11":1,"12":1,"13":1,"14":0,"15":0,"16":0,"17":0,"18":0,"19":0,"20":0,"21":0,"22":0,"23":0,"24":0,"25":0,"26":0,"27":0},"b":{"0":[0,1],"1":[0,0]},"_coverageSchema":"1a1c01bbd47fc00a2c39e90264f33305004495a9","hash":"73a5e11133a43d96a9b1640bf45d8003ce286e78"}
,"C:\\Users\\kewen\\Documents\\GitHub\\SemesterPlanner-Server\\src\\repository\\friendRequestRepository.js": {"path":"C:\\Users\\kewen\\Documents\\GitHub\\SemesterPlanner-Server\\src\\repository\\friendRequestRepository.js","statementMap":{"0":{"start":{"line":1,"column":22},"end":{"line":1,"column":62}},"1":{"start":{"line":3,"column":0},"end":{"line":114,"column":1}},"2":{"start":{"line":11,"column":8},"end":{"line":15,"column":10}},"3":{"start":{"line":12,"column":12},"end":{"line":14,"column":48}},"4":{"start":{"line":13,"column":34},"end":{"line":13,"column":49}},"5":{"start":{"line":14,"column":34},"end":{"line":14,"column":47}},"6":{"start":{"line":24,"column":8},"end":{"line":28,"column":10}},"7":{"start":{"line":25,"column":12},"end":{"line":27,"column":48}},"8":{"start":{"line":26,"column":34},"end":{"line":26,"column":49}},"9":{"start":{"line":27,"column":34},"end":{"line":27,"column":47}},"10":{"start":{"line":37,"column":8},"end":{"line":43,"column":11}},"11":{"start":{"line":38,"column":12},"end":{"line":42,"column":48}},"12":{"start":{"line":40,"column":20},"end":{"line":40,"column":36}},"13":{"start":{"line":42,"column":34},"end":{"line":42,"column":47}},"14":{"start":{"line":47,"column":8},"end":{"line":51,"column":10}},"15":{"start":{"line":48,"column":12},"end":{"line":50,"column":50}},"16":{"start":{"line":49,"column":34},"end":{"line":49,"column":49}},"17":{"start":{"line":50,"column":34},"end":{"line":50,"column":47}},"18":{"start":{"line":60,"column":8},"end":{"line":69,"column":15}},"19":{"start":{"line":62,"column":16},"end":{"line":68,"column":22}},"20":{"start":{"line":64,"column":24},"end":{"line":64,"column":40}},"21":{"start":{"line":67,"column":24},"end":{"line":67,"column":37}},"22":{"start":{"line":79,"column":8},"end":{"line":83,"column":10}},"23":{"start":{"line":80,"column":12},"end":{"line":82,"column":50}},"24":{"start":{"line":81,"column":34},"end":{"line":81,"column":49}},"25":{"start":{"line":82,"column":34},"end":{"line":82,"column":47}},"26":{"start":{"line":92,"column":8},"end":{"line":97,"column":11}},"27":{"start":{"line":93,"column":12},"end":{"line":95,"column":48}},"28":{"start":{"line":94,"column":34},"end":{"line":94,"column":49}},"29":{"start":{"line":95,"column":34},"end":{"line":95,"column":47}},"30":{"start":{"line":106,"column":8},"end":{"line":112,"column":11}},"31":{"start":{"line":107,"column":12},"end":{"line":111,"column":48}},"32":{"start":{"line":109,"column":20},"end":{"line":109,"column":35}},"33":{"start":{"line":111,"column":34},"end":{"line":111,"column":47}}},"fnMap":{"0":{"name":"(anonymous_0)","decl":{"start":{"line":10,"column":4},"end":{"line":10,"column":5}},"loc":{"start":{"line":10,"column":48},"end":{"line":16,"column":5}},"line":10},"1":{"name":"(anonymous_1)","decl":{"start":{"line":11,"column":33},"end":{"line":11,"column":34}},"loc":{"start":{"line":11,"column":54},"end":{"line":15,"column":9}},"line":11},"2":{"name":"(anonymous_2)","decl":{"start":{"line":13,"column":22},"end":{"line":13,"column":23}},"loc":{"start":{"line":13,"column":34},"end":{"line":13,"column":49}},"line":13},"3":{"name":"(anonymous_3)","decl":{"start":{"line":14,"column":23},"end":{"line":14,"column":24}},"loc":{"start":{"line":14,"column":34},"end":{"line":14,"column":47}},"line":14},"4":{"name":"(anonymous_4)","decl":{"start":{"line":23,"column":4},"end":{"line":23,"column":5}},"loc":{"start":{"line":23,"column":31},"end":{"line":29,"column":5}},"line":23},"5":{"name":"(anonymous_5)","decl":{"start":{"line":24,"column":33},"end":{"line":24,"column":34}},"loc":{"start":{"line":24,"column":54},"end":{"line":28,"column":9}},"line":24},"6":{"name":"(anonymous_6)","decl":{"start":{"line":26,"column":22},"end":{"line":26,"column":23}},"loc":{"start":{"line":26,"column":34},"end":{"line":26,"column":49}},"line":26},"7":{"name":"(anonymous_7)","decl":{"start":{"line":27,"column":23},"end":{"line":27,"column":24}},"loc":{"start":{"line":27,"column":34},"end":{"line":27,"column":47}},"line":27},"8":{"name":"(anonymous_8)","decl":{"start":{"line":36,"column":4},"end":{"line":36,"column":5}},"loc":{"start":{"line":36,"column":36},"end":{"line":44,"column":5}},"line":36},"9":{"name":"(anonymous_9)","decl":{"start":{"line":37,"column":27},"end":{"line":37,"column":28}},"loc":{"start":{"line":37,"column":48},"end":{"line":43,"column":9}},"line":37},"10":{"name":"(anonymous_10)","decl":{"start":{"line":39,"column":22},"end":{"line":39,"column":23}},"loc":{"start":{"line":39,"column":34},"end":{"line":41,"column":17}},"line":39},"11":{"name":"(anonymous_11)","decl":{"start":{"line":42,"column":23},"end":{"line":42,"column":24}},"loc":{"start":{"line":42,"column":34},"end":{"line":42,"column":47}},"line":42},"12":{"name":"(anonymous_12)","decl":{"start":{"line":46,"column":4},"end":{"line":46,"column":5}},"loc":{"start":{"line":46,"column":31},"end":{"line":52,"column":5}},"line":46},"13":{"name":"(anonymous_13)","decl":{"start":{"line":47,"column":27},"end":{"line":47,"column":28}},"loc":{"start":{"line":47,"column":48},"end":{"line":51,"column":9}},"line":47},"14":{"name":"(anonymous_14)","decl":{"start":{"line":49,"column":22},"end":{"line":49,"column":23}},"loc":{"start":{"line":49,"column":32},"end":{"line":49,"column":51}},"line":49},"15":{"name":"(anonymous_15)","decl":{"start":{"line":50,"column":23},"end":{"line":50,"column":24}},"loc":{"start":{"line":50,"column":32},"end":{"line":50,"column":49}},"line":50},"16":{"name":"(anonymous_16)","decl":{"start":{"line":59,"column":4},"end":{"line":59,"column":5}},"loc":{"start":{"line":59,"column":38},"end":{"line":70,"column":5}},"line":59},"17":{"name":"(anonymous_17)","decl":{"start":{"line":61,"column":12},"end":{"line":61,"column":13}},"loc":{"start":{"line":61,"column":33},"end":{"line":69,"column":13}},"line":61},"18":{"name":"(anonymous_18)","decl":{"start":{"line":63,"column":26},"end":{"line":63,"column":27}},"loc":{"start":{"line":63,"column":36},"end":{"line":65,"column":21}},"line":63},"19":{"name":"(anonymous_19)","decl":{"start":{"line":66,"column":27},"end":{"line":66,"column":28}},"loc":{"start":{"line":66,"column":36},"end":{"line":68,"column":21}},"line":66},"20":{"name":"(anonymous_20)","decl":{"start":{"line":78,"column":4},"end":{"line":78,"column":5}},"loc":{"start":{"line":78,"column":58},"end":{"line":84,"column":5}},"line":78},"21":{"name":"(anonymous_21)","decl":{"start":{"line":79,"column":33},"end":{"line":79,"column":34}},"loc":{"start":{"line":79,"column":54},"end":{"line":83,"column":9}},"
[...]
olumn":5}},"line":134},"8":{"name":"(anonymous_8)","decl":{"start":{"line":135,"column":27},"end":{"line":135,"column":28}},"loc":{"start":{"line":135,"column":54},"end":{"line":169,"column":9}},"line":135},"9":{"name":"(anonymous_9)","decl":{"start":{"line":178,"column":4},"end":{"line":178,"column":5}},"loc":{"start":{"line":178,"column":39},"end":{"line":196,"column":5}},"line":178},"10":{"name":"(anonymous_10)","decl":{"start":{"line":179,"column":27},"end":{"line":179,"column":28}},"loc":{"start":{"line":179,"column":54},"end":{"line":195,"column":9}},"line":179}},"branchMap":{"0":{"loc":{"start":{"line":26,"column":12},"end":{"line":34,"column":13}},"type":"if","locations":[{"start":{"line":26,"column":12},"end":{"line":34,"column":13}},{"start":{"line":29,"column":17},"end":{"line":34,"column":13}}],"line":26},"1":{"loc":{"start":{"line":26,"column":16},"end":{"line":26,"column":69}},"type":"binary-expr","locations":[{"start":{"line":26,"column":16},"end":{"line":26,"column":44}},{"start":{"line":26,"column":48},"end":{"line":26,"column":69}}],"line":26},"2":{"loc":{"start":{"line":31,"column":16},"end":{"line":33,"column":17}},"type":"if","locations":[{"start":{"line":31,"column":16},"end":{"line":33,"column":17}},{"start":{},"end":{}}],"line":31},"3":{"loc":{"start":{"line":35,"column":12},"end":{"line":37,"column":13}},"type":"if","locations":[{"start":{"line":35,"column":12},"end":{"line":37,"column":13}},{"start":{},"end":{}}],"line":35},"4":{"loc":{"start":{"line":38,"column":12},"end":{"line":40,"column":13}},"type":"if","locations":[{"start":{"line":38,"column":12},"end":{"line":40,"column":13}},{"start":{},"end":{}}],"line":38},"5":{"loc":{"start":{"line":41,"column":12},"end":{"line":43,"column":13}},"type":"if","locations":[{"start":{"line":41,"column":12},"end":{"line":43,"column":13}},{"start":{},"end":{}}],"line":41},"6":{"loc":{"start":{"line":45,"column":12},"end":{"line":47,"column":13}},"type":"if","locations":[{"start":{"line":45,"column":12},"end":{"line":47,"column":13}},{"start":{},"end":{}}],"line":45},"7":{"loc":{"start":{"line":60,"column":12},"end":{"line":67,"column":13}},"type":"if","locations":[{"start":{"line":60,"column":12},"end":{"line":67,"column":13}},{"start":{"line":63,"column":17},"end":{"line":67,"column":13}}],"line":60},"8":{"loc":{"start":{"line":60,"column":16},"end":{"line":60,"column":69}},"type":"binary-expr","locations":[{"start":{"line":60,"column":16},"end":{"line":60,"column":44}},{"start":{"line":60,"column":48},"end":{"line":60,"column":69}}],"line":60},"9":{"loc":{"start":{"line":64,"column":16},"end":{"line":66,"column":17}},"type":"if","locations":[{"start":{"line":64,"column":16},"end":{"line":66,"column":17}},{"start":{},"end":{}}],"line":64},"10":{"loc":{"start":{"line":68,"column":12},"end":{"line":70,"column":13}},"type":"if","locations":[{"start":{"line":68,"column":12},"end":{"line":70,"column":13}},{"start":{},"end":{}}],"line":68},"11":{"loc":{"start":{"line":71,"column":12},"end":{"line":73,"column":13}},"type":"if","locations":[{"start":{"line":71,"column":12},"end":{"line":73,"column":13}},{"start":{},"end":{}}],"line":71},"12":{"loc":{"start":{"line":74,"column":12},"end":{"line":76,"column":13}},"type":"if","locations":[{"start":{"line":74,"column":12},"end":{"line":76,"column":13}},{"start":{},"end":{}}],"line":74},"13":{"loc":{"start":{"line":77,"column":12},"end":{"line":79,"column":13}},"type":"if","locations":[{"start":{"line":77,"column":12},"end":{"line":79,"column":13}},{"start":{},"end":{}}],"line":77},"14":{"loc":{"start":{"line":80,"column":12},"end":{"line":82,"column":13}},"type":"if","locations":[{"start":{"line":80,"column":12},"end":{"line":82,"column":13}},{"start":{},"end":{}}],"line":80},"15":{"loc":{"start":{"line":98,"column":12},"end":{"line":106,"column":13}},"type":"if","locations":[{"start":{"line":98,"column":12},"end":{"line":106,"column":13}},{"start":{"line":101,"column":17},"end":{"line":106,"column":13}}],"line":98},"16":{"loc":{"start":{"line":98,"column":16},"end":{"line":98,"column":61}},"type":"binary-expr","locations":[{"start":{"line":98,"column":16},"end":{"line":98,"column":40}},{"start":{"line":98,"column":44},"end":{"line":98,"column":61}}],"line":98},"17":{"loc":{"start":{"line":103,"column":16},"end":{"line":105,"column":17}},"type":"if","locations":[{"start":{"line":103,"column":16},"end":{"line":105,"column":17}},{"start":{},"end":{}}],"line":103},"18":{"loc":{"start":{"line":107,"column":12},"end":{"line":115,"column":13}},"type":"if","locations":[{"start":{"line":107,"column":12},"end":{"line":115,"column":13}},{"start":{"line":110,"column":17},"end":{"line":115,"column":13}}],"line":107},"19":{"loc":{"start":{"line":107,"column":16},"end":{"line":107,"column":61}},"type":"binary-expr","locations":[{"start":{"line":107,"column":16},"end":{"line":107,"column":40}},{"start":{"line":107,"column":44},"end":{"line":107,"column":61}}],"line":107},"20":{"loc":{"start":{"line":112,"column":16},"end":{"line":114,"column":17}},"type":"if","locations":[{"start":{"line":112,"column":16},"end":{"line":114,"column":17}},{"start":{},"end":{}}],"line":112},"21":{"loc":{"start":{"line":116,"column":12},"end":{"line":120,"column":13}},"type":"if","locations":[{"start":{"line":116,"column":12},"end":{"line":120,"column":13}},{"start":{},"end":{}}],"line":116},"22":{"loc":{"start":{"line":116,"column":16},"end":{"line":116,"column":31}},"type":"binary-expr","locations":[{"start":{"line":116,"column":16},"end":{"line":116,"column":23}},{"start":{"line":116,"column":27},"end":{"line":116,"column":31}}],"line":116},"23":{"loc":{"start":{"line":117,"column":16},"end":{"line":119,"column":17}},"type":"if","locations":[{"start":{"line":117,"column":16},"end":{"line":119,"column":17}},{"start":{},"end":{}}],"line":117},"24":{"loc":{"start":{"line":121,"column":12},"end":{"line":123,"column":13}},"type":"if","locations":[{"start":{"line":121,"column":12},"end":{"line":123,"column":13}},{"start":{},"end":{}}],"line":121},"25":{"loc":{"start":{"line":139,"column":12},"end":{"line":147,"column":13}},"type":"if","locations":[{"start":{"line":139,"column":12},"end":{"line":147,"column":13}},{"start":{"line":142,"column":17},"end":{"line":147,"column":13}}],"line":139},"26":{"loc":{"start":{"line":139,"column":16},"end":{"line":139,"column":49}},"type":"binary-expr","locations":[{"start":{"line":139,"column":16},"end":{"line":139,"column":34}},{"start":{"line":139,"column":38},"end":{"line":139,"column":49}}],"line":139},"27":{"loc":{"start":{"line":144,"column":16},"end":{"line":146,"column":17}},"type":"if","locations":[{"start":{"line":144,"column":16},"end":{"line":146,"column":17}},{"start":{},"end":{}}],"line":144},"28":{"loc":{"start":{"line":148,"column":12},"end":{"line":156,"column":13}},"type":"if","locations":[{"start":{"line":148,"column":12},"end":{"line":156,"column":13}},{"start":{"line":151,"column":17},"end":{"line":156,"column":13}}],"line":148},"29":{"loc":{"start":{"line":148,"column":16},"end":{"line":148,"column":61}},"type":"binary-expr","locations":[{"start":{"line":148,"column":16},"end":{"line":148,"column":40}},{"start":{"line":148,"column":44},"end":{"line":148,"column":61}}],"line":148},"30":{"loc":{"start":{"line":153,"column":16},"end":{"line":155,"column":17}},"type":"if","locations":[{"start":{"line":153,"column":16},"end":{"line":155,"column":17}},{"start":{},"end":{}}],"line":153},"31":{"loc":{"start":{"line":157,"column":12},"end":{"line":164,"column":13}},"type":"if","locations":[{"start":{"line":157,"column":12},"end":{"line":164,"column":13}},{"start":{},"end":{}}],"line":157},"32":{"loc":{"start":{"line":157,"column":16},"end":{"line":157,"column":31}},"type":"binary-expr","locations":[{"start":{"line":157,"column":16},"end":{"line":157,"column":23}},{"start":{"line":157,"column":27},"end":{"line":157,"column":31}}],"line":157},"33":{"loc":{"start":{"line":158,"column":16},"end":{"line":160,"column":17}},"type":"if","locations":[{"start":{"line":158,"column":16},"end":{"line":160,"column":17}},{"start":{},"end":{}}],"line":158},"34":{"loc":{"start":{"line":161,"column":16},"end":{"line":163,"column":17}},"type":"if","locations":[{"start":{"line":161,"column":16},"end":{"line":163,"column":17}},{"start":{},"end":{}}],"line":161},"35":{"loc":{"start":{"line":165,"column":12},"end":{"line":167,"column":13}},"type":"if","locations":[{"start":{"line":165,"column":12},"end":{"line":167,"column":13}},{"start":{},"end":{}}],"line":165},"36":{"loc":{"start":{"line":182,"column":12},"end":{"line":190,"column":13}},"type":"if","locations":[{"start":{"line":182,"column":12},"end":{"line":190,"column":13}},{"start":{"line":185,"column":17},"end":{"line":190,"column":13}}],"line":182},"37":{"loc":{"start":{"line":182,"column":16},"end":{"line":182,"column":61}},"type":"binary-expr","locations":[{"start":{"line":182,"column":16},"end":{"line":182,"column":40}},{"start":{"line":182,"column":44},"end":{"line":182,"column":61}}],"line":182},"38":{"loc":{"start":{"line":187,"column":16},"end":{"line":189,"column":17}},"type":"if","locations":[{"start":{"line":187,"column":16},"end":{"line":189,"column":17}},{"start":{},"end":{}}],"line":187},"39":{"loc":{"start":{"line":191,"column":12},"end":{"line":193,"column":13}},"type":"if","locations":[{"start":{"line":191,"column":12},"end":{"line":193,"column":13}},{"start":{},"end":{}}],"line":191}},"s":{"0":4,"1":4,"2":4,"3":4,"4":7,"5":6,"6":6,"7":6,"8":0,"9":6,"10":6,"11":1,"12":6,"13":1,"14":6,"15":1,"16":6,"17":1,"18":6,"19":1,"20":6,"21":1,"22":1,"23":1,"24":0,"25":1,"26":0,"27":1,"28":0,"29":1,"30":0,"31":1,"32":0,"33":1,"34":0,"35":1,"36":0,"37":1,"38":9,"39":9,"40":9,"41":9,"42":9,"43":0,"44":9,"45":9,"46":1,"47":9,"48":0,"49":9,"50":9,"51":1,"52":9,"53":8,"54":1,"55":9,"56":2,"57":9,"58":4,"59":4,"60":4,"61":4,"62":4,"63":0,"64":4,"65":4,"66":1,"67":4,"68":0,"69":4,"70":4,"71":1,"72":4,"73":3,"74":1,"75":3,"76":1,"77":4,"78":3,"79":4,"80":2,"81":2,"82":2,"83":2,"84":0,"85":2,"86":2,"87":1,"88":2,"89":1,"90":2},"f":{"0":7,"1":6,"2":6,"3":1,"4":1,"5":9,"6":9,"7":4,"8":4,"9":2,"10":2},"b":{"0":[0,6],"1":[6,6],"2":[1,5],"3":[1,5],"4":[1,5],"5":[1,5],"6":[1,5],"7":[0,1],"8":[1,1],"9":[0,1],"10":[0,1],"11":[0,1],"12":[0,1],"13":[0,1],"14":[0,1],"15":[0,9],"16":[9,9],"17":[1,8],"18":[0,9],"19":[9,9],"20":[1,8],"21":[8,1],"22":[9,8],"23":[1,7],"24":[2,7],"25":[0,4],"26":[4,4],"27":[1,3],"28":[0,4],"29":[4,4],"30":[1,3],"31":[3,1],"32":[4,3],"33":[1,2],"34":[1,2],"35":[3,1],"36":[0,2],"37":[2,2],"38":[1,1],"39":[1,1]},"_coverageSchema":"1a1c01bbd47fc00a2c39e90264f33305004495a9","hash":"483e09759385fa41ea23ca33c5369ddeb576b2f7"}
,"C:\\Users\\kewen\\Documents\\GitHub\\SemesterPlanner-Server\\src\\validator\\studentValidator.js": {"path":"C:\\Users\\kewen\\Documents\\GitHub\\SemesterPlanner-Server\\src\\validator\\studentValidator.js","statementMap":{"0":{"start":{"line":1,"column":16},"end":{"line":1,"column":50}},"1":{"start":{"line":3,"column":0},"end":{"line":93,"column":1}},"2":{"start":{"line":11,"column":8},"end":{"line":41,"column":10}},"3":{"start":{"line":12,"column":22},"end":{"line":12,"column":38}},"4":{"start":{"line":13,"column":12},"end":{"line":15,"column":13}},"5":{"start":{"line":14,"column":16},"end":{"line":14,"column":52}},"6":{"start":{"line":16,"column":12},"end":{"line":18,"column":13}},"7":{"start":{"line":17,"column":16},"end":{"line":17,"column":49}},"8":{"start":{"line":19,"column":12},"end":{"line":21,"column":13}},"9":{"start":{"line":20,"column":16},"end":{"line":20,"column":52}},"10":{"start":{"line":22,"column":12},"end":{"line":24,"column":13}},"11":{"start":{"line":23,"column":16},"end":{"line":23,"column":98}},"12":{"start":{"line":26,"column":12},"end":{"line":35,"column":13}},"13":{"start":{"line":27,"column":30},"end":{"line":27,"column":91}},"14":{"start":{"line":28,"column":16},"end":{"line":30,"column":17}},"15":{"start":{"line":29,"column":20},"end":{"line":29,"column":63}},"16":{"start":{"line":31,"column":16},"end":{"line":31,"column":81}},"17":{"start":{"line":32,"column":16},"end":{"line":34,"column":17}},"18":{"start":{"line":33,"column":20},"end":{"line":33,"column":60}},"19":{"start":{"line":36,"column":12},"end":{"line":38,"column":13}},"20":{"start":{"line":37,"column":16},"end":{"line":37,"column":28}},"21":{"start":{"line":39,"column":12},"end":{"line":39,"column":22}},"22":{"start":{"line":52,"column":8},"end":{"line":66,"column":10}},"23":{"start":{"line":53,"column":22},"end":{"line":53,"column":38}},"24":{"start":{"line":55,"column":12},"end":{"line":57,"column":13}},"25":{"start":{"line":56,"column":16},"end":{"line":56,"column":97}},"26":{"start":{"line":61,"column":12},"end":{"line":63,"column":13}},"27":{"start":{"line":62,"column":16},"end":{"line":62,"column":28}},"28":{"start":{"line":64,"column":12},"end":{"line":64,"column":22}},"29":{"start":{"line":75,"column":8},"end":{"line":91,"column":10}},"30":{"start":{"line":76,"column":26},"end":{"line":76,"column":35}},"31":{"start":{"line":77,"column":22},"end":{"line":77,"column":38}},"32":{"start":{"line":78,"column":12},"end":{"line":86,"column":13}},"33":{"start":{"line":79,"column":16},"end":{"line":79,"column":49}},"34":{"start":{"line":82,"column":16},"end":{"line":82,"column":76}},"35":{"start":{"line":83,"column":16},"end":{"line":85,"column":17}},"36":{"start":{"line":84,"column":20},"end":{"line":84,"column":62}},"37":{"start":{"line":87,"column":12},"end":{"line":89,"column":13}},"38":{"start":{"line":88,"column":16},"end":{"line":88,"column":28}},"39":{"start":{"line":90,"column":12},"end":{"line":90,"column":22}}},"fnMap":{"0":{"name":"(anonymous_0)","decl":{"start":{"line":10,"column":4},"end":{"line":10,"column":5}},"loc":{"start":{"line":10,"column":36},"end":{"line":44,"column":5}},"line":10},"1":{"name":"(anonymous_1)","decl":{"start":{"line":11,"column":27},"end":{"line":11,"column":28}},"loc":{"start":{"line":11,"column":54},"end":{"line":41,"column":9}},"line":11},"2":{"name":"(anonymous_2)","decl":{"start":{"line":51,"column":4},"end":{"line":51,"column":5}},"loc":{"start":{"line":51,"column":39},"end":{"line":67,"column":5}},"line":51},"3":{"name":"(anonymous_3)","decl":{"start":{"line":52,"column":27},"end":{"line":52,"column":28}},"loc":{"start":{"line":52,"column":48},"end":{"line":66,"column":9}},"line":52},"4":{"name":"(anonymous_4)","decl":{"start":{"line":74,"column":4},"end":{"line":74,"column":5}},"loc":{"start":{"line":74,"column":33},"end":{"line":92,"column":5}},"line":74},"5":{"name":"(anonymous_5)","decl":{"start":{"line":75,"column":27},"end":{"line":75,"column":28}},"loc":{"start":{"line":75,"column":54},"end":{"line":91,"column":9}},"line":75}},"branchMap":{"0":{"loc":{"start":{"line":13,"column":12},"end":{"line":15,"column":13}},"type":"if","locations":[{"start":{"line":13,"column":12},"end":{"line":15,"column":13}},{"start":{},"end":{}}],"line":13},"1":{"loc":{"start":{"line":13,"column":16},"end":{"line":13,"column":65}},"type":"binary-expr","locations":[{"start":{"line":13,"column":16},"end":{"line":13,"column":42}},{"start":{"line":13,"column":46},"end":{"line":13,"column":65}}],"line":13},"2":{"loc":{"start":{"line":16,"column":12},"end":{"line":18,"column":13}},"type":"if","locations":[{"start":{"line":16,"column":12},"end":{"line":18,"column":13}},{"start":{},"end":{}}],"line":16},"3":{"loc":{"start":{"line":16,"column":16},"end":{"line":16,"column":59}},"type":"binary-expr","locations":[{"start":{"line":16,"column":16},"end":{"line":16,"column":39}},{"start":{"line":16,"column":43},"end":{"line":16,"column":59}}],"line":16},"4":{"loc":{"start":{"line":19,"column":12},"end":{"line":21,"column":13}},"type":"if","locations":[{"start":{"line":19,"column":12},"end":{"line":21,"column":13}},{"start":{},"end":{}}],"line":19},"5":{"loc":{"start":{"line":19,"column":16},"end":{"line":19,"column":65}},"type":"binary-expr","locations":[{"start":{"line":19,"column":16},"end":{"line":19,"column":42}},{"start":{"line":19,"column":46},"end":{"line":19,"column":65}}],"line":19},"6":{"loc":{"start":{"line":22,"column":12},"end":{"line":24,"column":13}},"type":"if","locations":[{"start":{"line":22,"column":12},"end":{"line":24,"column":13}},{"start":{},"end":{}}],"line":22},"7":{"loc":{"start":{"line":22,"column":16},"end":{"line":22,"column":115}},"type":"binary-expr","locations":[{"start":{"line":22,"column":16},"end":{"line":22,"column":45}},{"start":{"line":22,"column":49},"end":{"line":22,"column":79}},{"start":{"line":22,"column":83},"end":{"line":22,"column":115}}],"line":22},"8":{"loc":{"start":{"line":26,"column":12},"end":{"line":35,"column":13}},"type":"if","locations":[{"start":{"line":26,"column":12},"end":{"line":35,"column":13}},{"start":{},"end":{}}],"line":26},"9":{"loc":{"start":{"line":26,"column":16},"end":{"line":26,"column":43}},"type":"binary-expr","locations":[{"start":{"line":26,"column":16},"end":{"line":26,"column":29}},{"start":{"line":26,"column":33},"end":{"line":26,"column":43}}],"line":26},"10":{"loc":{"start":{"line":28,"column":16},"end":{"line":30,"column":17}},"type":"if","locations":[{"start":{"line":28,"column":16},"end":{"line":30,"column":17}},{"start":{},"end":{}}],"line":28},"11":{"loc":{"start":{"line":32,"column":16},"end":{"line":34,"column":17}},"type":"if","locations":[{"start":{"line":32,"column":16},"end":{"line":34,"column":17}},{"start":{},"end":{}}],"line":32},"12":{"loc":{"start":{"line":36,"column":12},"end":{"line":38,"column":13}},"type":"if","locations":[{"start":{"line":36,"column":12},"end":{"line":38,"column":13}},{"start":{},"end":{}}],"line":36},"13":{"loc":{"start":{"line":55,"column":12},"end":{"line":57,"column":13}},"type":"if","locations":[{"start":{"line":55,"column":12},"end":{"line":57,"column":13}},{"start":{},"end":{}}],"line":55},"14":{"loc":{"start":{"line":55,"column":16},"end":{"line":55,"column":182}},"type":"binary-expr","locations":[{"start":{"line":55,"column":17},"end":{"line":55,"column":60}},{"start":{"line":55,"column":64},"end":{"line":55,"column":108}},{"start":{"line":55,"column":114},"end":{"line":55,"column":149}},{"start":{"line":55,"column":153},"end":{"line":55,"column":181}}],"line":55},"15":{"loc":{"start":{"line":61,"column":12},"end":{"line":63,"column":13}},"type":"if","locations":[{"start":{"line":61,"column":12},"end":{"line":63,"column":13}},{"start":{},"end":{}}],"line":61},"16":{"loc":{"start":{"line":78,"column":12},"end":{"line":86,"column":13}},"type":"if","locations":[{"start":{"line":78,"column":12},"end":{"line":86,"column":13}},{"start":{"line":81,"column":17},"end":{"line":86,"column":13}}],"line":78},"17":{"loc":{"start":{"line":78,"column":16},"end":{"line":78,"column":49}},"type":"binary-expr","locations":[{"start":{"line":78,"column":16},"end":{"line":78,"column":34}},{"start":{"line":78,"column":38},"end":{"line":78,"column":49}}],"line":78},"18":{"loc":{"start":{"line":83,"column":16},"end":{"line":85,"column":17}},"type":"if","locations":[{"start":{"line":83,"column":16},"end":{"line":85,"column":17}},{"start":{},"end":{}}],"line":83},"19":{"loc":{"start":{"line":87,"column":12},"end":{"line":89,"column":13}},"type":"if","locations":[{"start":{"line":87,"column":12},"end":{"line":89,"column":13}},{"start":{},"end":{}}],"line":87}},"s":{"0":4,"1":4,"2":13,"3":13,"4":13,"5":0,"6":13,"7":0,"8":13,"9":1,"10":13,"11":0,"12":13,"13":13,"14":13,"15":1,"16":13,"17":13,"18":1,"19":13,"20":2,"21":13,"22":1,"23":1,"24":1,"25":0,"26":1,"27":0,"28":1,"29":3,"30":3,"31":3,"32":3,"33":0,"34":3,"35":3,"36":1,"37":3,"38":1,"39":3},"f":{"0":13,"1":13,"2":1,"3":1,"4":3,"5":3},"b":{"0":[0,13],"1":[13,13],"2":[0,13],"3":[13,13],"4":[1,12],"5":[13,12],"6":[0,13],"7":[13,1,1],"8":[13,0],"9":[13,13],"10":[1,12],"11":[1,12],"12":[2,11],"13":[0,1],"14":[1,0,1,1],"15":[0,1],"16":[0,3],"17":[3,3],"18":[1,2],"19":[1,2]},"_coverageSchema":"1a1c01bbd47fc00a2c39e90264f33305004495a9","hash":"8d31cee8a45d4e6a8b838fc90899006b5e512d9f"}
}
