TN:
SF:__test__/helper/app.js
FNF:0
FNH:0
DA:2,2
DA:3,2
DA:4,2
DA:5,2
DA:6,2
DA:10,2
LF:6
LH:6
BRF:0
BRH:0
end_of_record
TN:
SF:__test__/helper/db-handler.js
FN:8,(anonymous_0)
FN:23,(anonymous_1)
FN:32,(anonymous_2)
FNF:3
FNH:3
FNDA:2,(anonymous_0)
FNDA:2,(anonymous_1)
FNDA:2,(anonymous_2)
DA:1,2
DA:2,2
DA:8,2
DA:9,2
DA:10,2
DA:12,2
DA:17,2
DA:23,2
DA:24,2
DA:25,2
DA:26,2
DA:32,2
DA:33,2
DA:35,2
DA:36,12
DA:37,12
LF:16
LH:16
BRF:0
BRH:0
end_of_record
TN:
SF:__test__/helper/room_test_data.js
FNF:0
FNH:0
DA:1,2
DA:11,2
LF:2
LH:2
BRF:0
BRH:0
end_of_record
TN:
SF:src/server.js
FN:14,(anonymous_0)
FN:40,(anonymous_1)
FN:64,(anonymous_2)
FN:65,(anonymous_3)
FN:72,(anonymous_4)
FN:75,(anonymous_5)
FNF:6
FNH:0
FNDA:0,(anonymous_0)
FNDA:0,(anonymous_1)
FNDA:0,(anonymous_2)
FNDA:0,(anonymous_3)
FNDA:0,(anonymous_4)
FNDA:0,(anonymous_5)
DA:1,2
DA:2,2
DA:3,2
DA:4,2
DA:7,2
DA:9,2
DA:10,2
DA:13,2
DA:14,0
DA:17,2
DA:23,2
DA:26,2
DA:27,2
DA:28,2
DA:33,2
DA:34,2
DA:35,0
DA:39,0
DA:40,0
DA:41,0
DA:45,2
DA:49,2
DA:50,2
DA:51,2
DA:52,2
DA:53,2
DA:54,2
DA:56,2
DA:57,2
DA:58,2
DA:59,2
DA:60,2
DA:61,2
DA:64,2
DA:65,0
DA:66,0
DA:67,0
DA:72,2
DA:73,0
DA:75,0
DA:78,2
LF:41
LH:31
BRDA:10,0,0,2
BRDA:10,0,1,2
BRDA:13,1,0,0
BRDA:13,1,1,2
BRDA:34,2,0,0
BRDA:34,2,1,2
BRF:6
BRH:4
end_of_record
TN:
SF:src/factory/courseNotesFactory.js
FN:4,createCourseNotes
FNF:1
FNH:0
FNDA:0,createCourseNotes
DA:1,2
DA:2,2
DA:5,0
DA:6,0
DA:20,2
LF:5
LH:3
BRF:0
BRH:0
end_of_record
TN:
SF:src/factory/eventFactory.js
FN:4,createEvent
FNF:1
FNH:0
FNDA:0,createEvent
DA:1,2
DA:2,2
DA:5,0
DA:6,0
DA:7,0
DA:8,0
DA:9,0
DA:10,0
DA:11,0
DA:12,0
DA:13,0
DA:14,0
DA:15,0
DA:16,0
DA:31,2
LF:15
LH:3
BRF:0
BRH:0
end_of_record
TN:
SF:src/factory/friendRequestFactory.js
FN:3,createFriendRequest
FNF:1
FNH:0
FNDA:0,createFriendRequest
DA:1,2
DA:4,0
DA:10,2
LF:3
LH:2
BRF:0
BRH:0
end_of_record
TN:
SF:src/factory/messageFactory.js
FN:4,createMessage
FNF:1
FNH:0
FNDA:0,createMessage
DA:1,2
DA:2,2
DA:5,0
DA:6,0
DA:15,2
LF:5
LH:3
BRF:0
BRH:0
end_of_record
TN:
SF:src/factory/roomFactory.js
FN:4,createStudyRoom
FNF:1
FNH:1
FNDA:1,createStudyRoom
DA:1,2
DA:2,2
DA:5,1
DA:6,1
DA:7,1
DA:8,1
DA:9,1
DA:10,1
DA:11,1
DA:12,1
DA:22,2
LF:11
LH:11
BRF:0
BRH:0
end_of_record
TN:
SF:src/factory/studentFactory.js
FN:4,createStudent
FNF:1
FNH:1
FNDA:5,createStudent
DA:1,2
DA:2,2
DA:5,5
DA:6,5
DA:7,5
DA:8,5
DA:9,5
DA:10,5
DA:11,5
DA:12,5
DA:14,5
DA:25,2
LF:12
LH:12
BRF:0
BRH:0
end_of_record
TN:
SF:src/models/courseNotes.model.js
FNF:0
FNH:0
DA:1,2
DA:3,2
DA:5,2
DA:20,2
DA:22,2
LF:5
LH:5
BRF:0
BRH:0
end_of_record
TN:
SF:src/models/event.model.js
FNF:0
FNH:0
DA:1,2
DA:3,2
DA:5,2
DA:12,2
DA:19,2
DA:35,2
DA:37,2
LF:7
LH:7
BRF:0
BRH:0
end_of_record
TN:
SF:src/models/friendRequest.model.js
FNF:0
FNH:0
DA:1,2
DA:3,2
DA:5,2
DA:12,2
DA:14,2
LF:5
LH:5
BRF:0
BRH:0
end_of_record
TN:
SF:src/models/message.model.js
FNF:0
FNH:0
DA:1,2
DA:3,2
DA:5,2
DA:15,2
DA:17,2
LF:5
LH:5
BRF:0
BRH:0
end_of_record
TN:
SF:src/models/student.model.js
FNF:0
FNH:0
DA:1,2
DA:3,2
DA:5,2
DA:24,2
DA:26,2
LF:5
LH:5
BRF:0
BRH:0
end_of_record
TN:
SF:src/models/studyRoom.model.js
FNF:0
FNH:0
DA:1,2
DA:3,2
DA:5,2
DA:17,2
DA:19,2
LF:5
LH:5
BRF:0
BRH:0
end_of_record
TN:
SF:src/repository/courseNotesRepository.js
FN:11,(anonymous_0)
FN:12,(anonymous_1)
FN:14,(anonymous_2)
FN:26,(anonymous_3)
FN:27,(anonymous_4)
FN:28,(anonymous_5)
FN:31,(anonymous_6)
FN:40,(anonymous_7)
FN:41,(anonymous_8)
FN:42,(anonymous_9)
FN:45,(anonymous_10)
FN:54,(anonymous_11)
FN:55,(anonymous_12)
FN:57,(anonymous_13)
FN:60,(anonymous_14)
FNF:15
FNH:0
FNDA:0,(anonymous_0)
FNDA:0,(anonymous_1)
FNDA:0,(anonymous_2)
FNDA:0,(anonymous_3)
FNDA:0,(anonymous_4)
FNDA:0,(anonymous_5)
FNDA:0,(anonymous_6)
FNDA:0,(anonymous_7)
FNDA:0,(anonymous_8)
FNDA:0,(anonymous_9)
FNDA:0,(anonymous_10)
FNDA:0,(anonymous_11)
FNDA:0,(anonymous_12)
FNDA:0,(anonymous_13)
FNDA:0,(anonymous_14)
DA:1,2
DA:2,2
DA:4,2
DA:12,0
DA:13,0
DA:14,0
DA:15,0
DA:16,0
DA:27,0
DA:28,0
DA:29,0
DA:31,0
DA:41,0
DA:42,0
DA:43,0
DA:45,0
DA:55,0
DA:56,0
DA:58,0
DA:60,0
LF:20
LH:3
BRDA:15,0,0,0
BRDA:15,0,1,0
BRF:2
BRH:0
end_of_record
TN:
SF:src/repository/eventRepository.js
FN:11,(anonymous_0)
FN:12,(anonymous_1)
FN:14,(anonymous_2)
FN:26,(anonymous_3)
FN:27,(anonymous_4)
FN:28,(anonymous_5)
FN:31,(anonymous_6)
FN:40,(anonymous_7)
FN:41,(anonymous_8)
FN:42,(anonymous_9)
FN:45,(anonymous_10)
FN:55,(anonymous_11)
FN:56,(anonymous_12)
FN:57,(anonymous_13)
FN:60,(anonymous_14)
FN:69,(anonymous_15)
FN:70,(anonymous_16)
FN:72,(anonymous_17)
FN:75,(anonymous_18)
FN:84,(anonymous_19)
FN:85,(anonymous_20)
FN:86,(anonymous_21)
FNF:22
FNH:0
FNDA:0,(anonymous_0)
FNDA:0,(anonymous_1)
FNDA:0,(anonymous_2)
FNDA:0,(anonymous_3)
FNDA:0,(anonymous_4)
FNDA:0,(anonymous_5)
FNDA:0,(anonymous_6)
FNDA:0,(anonymous_7)
FNDA:0,(anonymous_8)
FNDA:0,(anonymous_9)
FNDA:0,(anonymous_10)
FNDA:0,(anonymous_11)
FNDA:0,(anonymous_12)
FNDA:0,(anonymous_13)
FNDA:0,(anonymous_14)
FNDA:0,(anonymous_15)
FNDA:0,(anonymous_16)
FNDA:0,(anonymous_17)
FNDA:0,(anonymous_18)
FNDA:0,(anonymous_19)
FNDA:0,(anonymous_20)
FNDA:0,(anonymous_21)
DA:1,2
DA:2,2
DA:4,2
DA:12,0
DA:13,0
DA:14,0
DA:15,0
DA:16,0
DA:27,0
DA:28,0
DA:29,0
DA:31,0
DA:41,0
DA:42,0
DA:43,0
DA:46,0
DA:56,0
DA:57,0
DA:58,0
DA:60,0
DA:70,0
DA:71,0
DA:73,0
DA:75,0
DA:85,0
DA:86,0
DA:87,0
DA:88,0
LF:28
LH:3
BRDA:15,0,0,0
BRDA:15,0,1,0
BRDA:87,1,0,0
BRDA:87,1,1,0
BRF:4
BRH:0
end_of_record
TN:
SF:src/repository/friendRequestRepository.js
FN:10,(anonymous_0)
FN:11,(anonymous_1)
FN:13,(anonymous_2)
FN:16,(anonymous_3)
FN:20,(anonymous_4)
FN:21,(anonymous_5)
FN:23,(anonymous_6)
FN:24,(anonymous_7)
FN:33,(anonymous_8)
FN:35,(anonymous_9)
FN:37,(anonymous_10)
FN:40,(anonymous_11)
FN:52,(anonymous_12)
FN:53,(anonymous_13)
FN:55,(anonymous_14)
FN:56,(anonymous_15)
FN:65,(anonymous_16)
FN:66,(anonymous_17)
FN:68,(anonymous_18)
FN:69,(anonymous_19)
FN:79,(anonymous_20)
FN:80,(anonymous_21)
FN:82,(anonymous_22)
FN:85,(anonymous_23)
FNF:24
FNH:0
FNDA:0,(anonymous_0)
FNDA:0,(anonymous_1)
FNDA:0,(anonymous_2)
FNDA:0,(anonymous_3)
FNDA:0,(anonymous_4)
FNDA:0,(anonymous_5)
FNDA:0,(anonymous_6)
FNDA:0,(anonymous_7)
FNDA:0,(anonymous_8)
FNDA:0,(anonymous_9)
FNDA:0,(anonymous_10)
FNDA:0,(anonymous_11)
FNDA:0,(anonymous_12)
FNDA:0,(anonymous_13)
FNDA:0,(anonymous_14)
FNDA:0,(anonymous_15)
FNDA:0,(anonymous_16)
FNDA:0,(anonymous_17)
FNDA:0,(anonymous_18)
FNDA:0,(anonymous_19)
FNDA:0,(anonymous_20)
FNDA:0,(anonymous_21)
FNDA:0,(anonymous_22)
FNDA:0,(anonymous_23)
DA:1,2
DA:3,2
DA:11,0
DA:12,0
DA:14,0
DA:16,0
DA:21,0
DA:22,0
DA:23,0
DA:24,0
DA:34,0
DA:36,0
DA:38,0
DA:41,0
DA:53,0
DA:54,0
DA:55,0
DA:56,0
DA:66,0
DA:67,0
DA:68,0
DA:69,0
DA:80,0
DA:81,0
DA:83,0
DA:85,0
LF:26
LH:2
BRF:0
BRH:0
end_of_record
TN:
SF:src/repository/messageRepository.js
FN:11,(anonymous_0)
FN:12,(anonymous_1)
FN:14,(anonymous_2)
FN:26,(anonymous_3)
FN:27,(anonymous_4)
FN:29,(anonymous_5)
FN:32,(anonymous_6)
FN:42,(anonymous_7)
FN:43,(anonymous_8)
FN:45,(anonymous_9)
FN:48,(anonymous_10)
FNF:11
FNH:0
FNDA:0,(anonymous_0)
FNDA:0,(anonymous_1)
FNDA:0,(anonymous_2)
FNDA:0,(anonymous_3)
FNDA:0,(anonymous_4)
FNDA:0,(anonymous_5)
FNDA:0,(anonymous_6)
FNDA:0,(anonymous_7)
FNDA:0,(anonymous_8)
FNDA:0,(anonymous_9)
FNDA:0,(anonymous_10)
DA:1,2
DA:2,2
DA:4,2
DA:12,0
DA:13,0
DA:14,0
DA:15,0
DA:16,0
DA:27,0
DA:28,0
DA:30,0
DA:32,0
DA:43,0
DA:44,0
DA:46,0
DA:48,0
LF:16
LH:3
BRDA:15,0,0,0
BRDA:15,0,1,0
BRF:2
BRH:0
end_of_record
TN:
SF:src/repository/studentRepository.js
FN:11,(anonymous_0)
FN:12,(anonymous_1)
FN:13,(anonymous_2)
FN:14,(anonymous_3)
FN:26,(anonymous_4)
FN:27,(anonymous_5)
FN:28,(anonymous_6)
FN:31,(anonymous_7)
FN:40,(anonymous_8)
FN:41,(anonymous_9)
FN:43,(anonymous_10)
FN:46,(anonymous_11)
FN:55,(anonymous_12)
FN:56,(anonymous_13)
FN:58,(anonymous_14)
FN:61,(anonymous_15)
FN:70,(anonymous_16)
FN:71,(anonymous_17)
FN:73,(anonymous_18)
FN:76,(anonymous_19)
FN:85,(anonymous_20)
FN:86,(anonymous_21)
FN:89,(anonymous_22)
FN:96,(anonymous_23)
FN:103,(anonymous_24)
FN:118,(anonymous_25)
FN:119,(anonymous_26)
FN:120,(anonymous_27)
FN:133,(anonymous_28)
FN:134,(anonymous_29)
FN:137,(anonymous_30)
FN:138,(anonymous_31)
FN:149,(anonymous_32)
FN:150,(anonymous_33)
FN:154,(anonymous_34)
FN:155,(anonymous_35)
FN:165,(anonymous_36)
FN:166,(anonymous_37)
FN:168,(anonymous_38)
FN:171,(anonymous_39)
FN:172,(anonymous_40)
FN:174,(anonymous_41)
FN:185,(anonymous_42)
FN:186,(anonymous_43)
FN:188,(anonymous_44)
FN:189,(anonymous_45)
FN:191,(anonymous_46)
FNF:47
FNH:10
FNDA:5,(anonymous_0)
FNDA:5,(anonymous_1)
FNDA:5,(anonymous_2)
FNDA:5,(anonymous_3)
FNDA:0,(anonymous_4)
FNDA:0,(anonymous_5)
FNDA:0,(anonymous_6)
FNDA:0,(anonymous_7)
FNDA:1,(anonymous_8)
FNDA:1,(anonymous_9)
FNDA:1,(anonymous_10)
FNDA:0,(anonymous_11)
FNDA:0,(anonymous_12)
FNDA:0,(anonymous_13)
FNDA:0,(anonymous_14)
FNDA:0,(anonymous_15)
FNDA:0,(anonymous_16)
FNDA:0,(anonymous_17)
FNDA:0,(anonymous_18)
FNDA:0,(anonymous_19)
FNDA:1,(anonymous_20)
FNDA:1,(anonymous_21)
FNDA:1,(anonymous_22)
FNDA:0,(anonymous_23)
FNDA:0,(anonymous_24)
FNDA:0,(anonymous_25)
FNDA:0,(anonymous_26)
FNDA:0,(anonymous_27)
FNDA:0,(anonymous_28)
FNDA:0,(anonymous_29)
FNDA:0,(anonymous_30)
FNDA:0,(anonymous_31)
FNDA:0,(anonymous_32)
FNDA:0,(anonymous_33)
FNDA:0,(anonymous_34)
FNDA:0,(anonymous_35)
FNDA:0,(anonymous_36)
FNDA:0,(anonymous_37)
FNDA:0,(anonymous_38)
FNDA:0,(anonymous_39)
FNDA:0,(anonymous_40)
FNDA:0,(anonymous_41)
FNDA:0,(anonymous_42)
FNDA:0,(anonymous_43)
FNDA:0,(anonymous_44)
FNDA:0,(anonymous_45)
FNDA:0,(anonymous_46)
DA:1,2
DA:2,2
DA:4,2
DA:12,5
DA:13,5
DA:14,5
DA:15,5
DA:16,5
DA:27,0
DA:28,0
DA:29,0
DA:31,0
DA:41,1
DA:42,1
DA:44,1
DA:46,0
DA:56,0
DA:57,0
DA:59,0
DA:61,0
DA:71,0
DA:72,0
DA:74,0
DA:76,0
DA:86,1
DA:87,1
DA:88,1
DA:90,1
DA:91,1
DA:94,0
DA:95,0
DA:97,0
DA:98,0
DA:101,0
DA:102,0
DA:104,0
DA:105,0
DA:108,0
DA:119,0
DA:120,0
DA:121,0
DA:122,0
DA:134,0
DA:135,0
DA:137,0
DA:138,0
DA:150,0
DA:151,0
DA:154,0
DA:155,0
DA:166,0
DA:167,0
DA:169,0
DA:170,0
DA:171,0
DA:172,0
DA:174,0
DA:186,0
DA:187,0
DA:189,0
DA:191,0
LF:61
LH:16
BRDA:15,0,0,0
BRDA:15,0,1,5
BRDA:87,1,0,1
BRDA:87,1,1,0
BRDA:90,2,0,0
BRDA:90,2,1,1
BRDA:94,3,0,0
BRDA:94,3,1,0
BRDA:97,4,0,0
BRDA:97,4,1,0
BRDA:101,5,0,0
BRDA:101,5,1,0
BRDA:104,6,0,0
BRDA:104,6,1,0
BRDA:121,7,0,0
BRDA:121,7,1,0
BRDA:189,8,0,0
BRDA:189,8,1,0
BRF:18
BRH:3
end_of_record
TN:
SF:src/repository/studyRoomRepository.js
FN:11,(anonymous_0)
FN:12,(anonymous_1)
FN:14,(anonymous_2)
FN:26,(anonymous_3)
FN:27,(anonymous_4)
FN:28,(anonymous_5)
FN:31,(anonymous_6)
FN:40,(anonymous_7)
FN:41,(anonymous_8)
FN:43,(anonymous_9)
FN:46,(anonymous_10)
FN:55,(anonymous_11)
FN:56,(anonymous_12)
FN:57,(anonymous_13)
FN:70,(anonymous_14)
FN:71,(anonymous_15)
FN:75,(anonymous_16)
FN:76,(anonymous_17)
FN:85,(anonymous_18)
FN:86,(anonymous_19)
FN:90,(anonymous_20)
FN:93,(anonymous_21)
FNF:22
FNH:6
FNDA:1,(anonymous_0)
FNDA:1,(anonymous_1)
FNDA:1,(anonymous_2)
FNDA:1,(anonymous_3)
FNDA:1,(anonymous_4)
FNDA:1,(anonymous_5)
FNDA:0,(anonymous_6)
FNDA:0,(anonymous_7)
FNDA:0,(anonymous_8)
FNDA:0,(anonymous_9)
FNDA:0,(anonymous_10)
FNDA:0,(anonymous_11)
FNDA:0,(anonymous_12)
FNDA:0,(anonymous_13)
FNDA:0,(anonymous_14)
FNDA:0,(anonymous_15)
FNDA:0,(anonymous_16)
FNDA:0,(anonymous_17)
FNDA:0,(anonymous_18)
FNDA:0,(anonymous_19)
FNDA:0,(anonymous_20)
FNDA:0,(anonymous_21)
DA:1,2
DA:2,2
DA:3,2
DA:5,2
DA:12,1
DA:13,1
DA:14,1
DA:15,1
DA:16,1
DA:27,1
DA:28,1
DA:29,1
DA:31,0
DA:41,0
DA:42,0
DA:44,0
DA:46,0
DA:56,0
DA:57,0
DA:58,0
DA:59,0
DA:71,0
DA:72,0
DA:75,0
DA:76,0
DA:86,0
DA:87,0
DA:91,0
DA:93,0
LF:29
LH:12
BRDA:15,0,0,0
BRDA:15,0,1,1
BRDA:58,1,0,0
BRDA:58,1,1,0
BRF:4
BRH:1
end_of_record
TN:
SF:src/routes/events.js
FN:7,(anonymous_0)
FN:9,(anonymous_1)
FN:10,(anonymous_2)
FN:16,(anonymous_3)
FN:18,(anonymous_4)
FN:19,(anonymous_5)
FN:25,(anonymous_6)
FN:27,(anonymous_7)
FN:28,(anonymous_8)
FN:34,(anonymous_9)
FN:36,(anonymous_10)
FN:65,(anonymous_11)
FN:66,(anonymous_12)
FN:68,(anonymous_13)
FN:74,(anonymous_14)
FN:76,(anonymous_15)
FN:77,(anonymous_16)
FNF:17
FNH:0
FNDA:0,(anonymous_0)
FNDA:0,(anonymous_1)
FNDA:0,(anonymous_2)
FNDA:0,(anonymous_3)
FNDA:0,(anonymous_4)
FNDA:0,(anonymous_5)
FNDA:0,(anonymous_6)
FNDA:0,(anonymous_7)
FNDA:0,(anonymous_8)
FNDA:0,(anonymous_9)
FNDA:0,(anonymous_10)
FNDA:0,(anonymous_11)
FNDA:0,(anonymous_12)
FNDA:0,(anonymous_13)
FNDA:0,(anonymous_14)
FNDA:0,(anonymous_15)
FNDA:0,(anonymous_16)
DA:1,2
DA:2,2
DA:7,2
DA:8,0
DA:9,0
DA:10,0
DA:16,2
DA:17,0
DA:18,0
DA:19,0
DA:25,2
DA:26,0
DA:27,0
DA:28,0
DA:34,2
DA:35,0
DA:37,0
DA:38,0
DA:40,0
DA:41,0
DA:43,0
DA:44,0
DA:46,0
DA:47,0
DA:49,0
DA:50,0
DA:52,0
DA:53,0
DA:55,0
DA:56,0
DA:58,0
DA:59,0
DA:61,0
DA:62,0
DA:64,0
DA:65,0
DA:66,0
DA:68,0
DA:74,2
DA:75,0
DA:76,0
DA:77,0
DA:80,2
LF:43
LH:8
BRDA:37,0,0,0
BRDA:37,0,1,0
BRDA:40,1,0,0
BRDA:40,1,1,0
BRDA:43,2,0,0
BRDA:43,2,1,0
BRDA:46,3,0,0
BRDA:46,3,1,0
BRDA:49,4,0,0
BRDA:49,4,1,0
BRDA:52,5,0,0
BRDA:52,5,1,0
BRDA:55,6,0,0
BRDA:55,6,1,0
BRDA:58,7,0,0
BRDA:58,7,1,0
BRDA:61,8,0,0
BRDA:61,8,1,0
BRF:18
BRH:0
end_of_record
TN:
SF:src/routes/friend.js
FN:14,(anonymous_0)
FN:39,validateNewRequest
FN:51,(anonymous_2)
FN:70,(anonymous_3)
FN:74,(anonymous_4)
FN:74,(anonymous_5)
FN:77,(anonymous_6)
FN:101,(anonymous_7)
FN:122,addToFriendLists
FN:135,(anonymous_9)
FN:158,(anonymous_10)
FN:180,(anonymous_11)
FN:198,(anonymous_12)
FNF:13
FNH:0
FNDA:0,(anonymous_0)
FNDA:0,validateNewRequest
FNDA:0,(anonymous_2)
FNDA:0,(anonymous_3)
FNDA:0,(anonymous_4)
FNDA:0,(anonymous_5)
FNDA:0,(anonymous_6)
FNDA:0,(anonymous_7)
FNDA:0,addToFriendLists
FNDA:0,(anonymous_9)
FNDA:0,(anonymous_10)
FNDA:0,(anonymous_11)
FNDA:0,(anonymous_12)
DA:1,2
DA:2,2
DA:3,2
DA:4,2
DA:5,2
DA:14,2
DA:16,0
DA:17,0
DA:18,0
DA:19,0
DA:21,0
DA:22,0
DA:24,0
DA:25,0
DA:26,0
DA:28,0
DA:29,0
DA:33,0
DA:40,0
DA:51,2
DA:52,0
DA:53,0
DA:55,0
DA:56,0
DA:58,0
DA:70,2
DA:71,0
DA:72,0
DA:73,0
DA:74,0
DA:75,0
DA:76,0
DA:77,0
DA:78,0
DA:79,0
DA:84,0
DA:85,0
DA:86,0
DA:88,0
DA:101,2
DA:102,0
DA:103,0
DA:104,0
DA:105,0
DA:106,0
DA:108,0
DA:109,0
DA:110,0
DA:112,0
DA:115,0
DA:123,0
DA:124,0
DA:125,0
DA:135,2
DA:137,0
DA:138,0
DA:140,0
DA:141,0
DA:143,0
DA:144,0
DA:146,0
DA:158,2
DA:159,0
DA:160,0
DA:162,0
DA:163,0
DA:165,0
DA:166,0
DA:168,0
DA:180,2
DA:181,0
DA:183,0
DA:184,0
DA:185,0
DA:187,0
DA:198,2
DA:199,0
DA:201,0
DA:203,0
DA:204,0
DA:206,0
DA:207,0
DA:209,0
DA:213,2
LF:84
LH:14
BRDA:16,0,0,0
BRDA:16,0,1,0
BRDA:18,1,0,0
BRDA:18,1,1,0
BRDA:24,2,0,0
BRDA:24,2,1,0
BRDA:28,3,0,0
BRDA:28,3,1,0
BRDA:40,4,0,0
BRDA:40,4,1,0
BRDA:40,4,2,0
BRDA:55,5,0,0
BRDA:55,5,1,0
BRDA:85,6,0,0
BRDA:85,6,1,0
BRDA:105,7,0,0
BRDA:105,7,1,0
BRDA:108,8,0,0
BRDA:108,8,1,0
BRDA:124,9,0,0
BRDA:124,9,1,0
BRDA:137,10,0,0
BRDA:137,10,1,0
BRDA:143,11,0,0
BRDA:143,11,1,0
BRDA:159,12,0,0
BRDA:159,12,1,0
BRDA:165,13,0,0
BRDA:165,13,1,0
BRDA:184,14,0,0
BRDA:184,14,1,0
BRDA:203,15,0,0
BRDA:203,15,1,0
BRDA:206,16,0,0
BRDA:206,16,1,0
BRDA:206,17,0,0
BRDA:206,17,1,0
BRF:37
BRH:0
end_of_record
TN:
SF:src/routes/login.js
FN:9,(anonymous_0)
FN:13,(anonymous_1)
FN:43,(anonymous_2)
FN:46,(anonymous_3)
FN:48,(anonymous_4)
FN:59,(anonymous_5)
FNF:6
FNH:2
FNDA:1,(anonymous_0)
FNDA:1,(anonymous_1)
FNDA:0,(anonymous_2)
FNDA:0,(anonymous_3)
FNDA:0,(anonymous_4)
FNDA:0,(anonymous_5)
DA:1,2
DA:2,2
DA:3,2
DA:4,2
DA:9,2
DA:10,1
DA:13,1
DA:15,1
DA:16,0
DA:19,1
DA:21,1
DA:22,0
DA:25,1
DA:29,1
DA:30,1
DA:41,1
DA:43,0
DA:46,2
DA:47,0
DA:49,0
DA:50,0
DA:52,0
DA:53,0
DA:55,0
DA:59,0
DA:62,2
LF:26
LH:16
BRDA:15,0,0,0
BRDA:15,0,1,1
BRDA:21,1,0,0
BRDA:21,1,1,1
BRDA:49,2,0,0
BRDA:49,2,1,0
BRDA:52,3,0,0
BRDA:52,3,1,0
BRF:8
BRH:2
end_of_record
TN:
SF:src/routes/message.js
FN:6,(anonymous_0)
FN:9,(anonymous_1)
FN:18,(anonymous_2)
FN:20,(anonymous_3)
FN:21,(anonymous_4)
FN:25,(anonymous_5)
FN:27,(anonymous_6)
FN:28,(anonymous_7)
FN:34,(anonymous_8)
FN:36,(anonymous_9)
FN:40,(anonymous_10)
FNF:11
FNH:0
FNDA:0,(anonymous_0)
FNDA:0,(anonymous_1)
FNDA:0,(anonymous_2)
FNDA:0,(anonymous_3)
FNDA:0,(anonymous_4)
FNDA:0,(anonymous_5)
FNDA:0,(anonymous_6)
FNDA:0,(anonymous_7)
FNDA:0,(anonymous_8)
FNDA:0,(anonymous_9)
FNDA:0,(anonymous_10)
DA:1,2
DA:2,2
DA:6,2
DA:7,0
DA:8,0
DA:10,0
DA:11,0
DA:12,0
DA:18,2
DA:19,0
DA:20,0
DA:21,0
DA:25,2
DA:26,0
DA:27,0
DA:28,0
DA:34,2
DA:35,0
DA:37,0
DA:38,0
DA:40,0
DA:43,2
LF:22
LH:7
BRF:0
BRH:0
end_of_record
TN:
SF:src/routes/room.js
FN:7,(anonymous_0)
FN:9,(anonymous_1)
FN:29,(anonymous_2)
FN:30,(anonymous_3)
FN:32,(anonymous_4)
FN:37,(anonymous_5)
FN:39,(anonymous_6)
FN:40,(anonymous_7)
FN:48,(anonymous_8)
FN:51,(anonymous_9)
FN:52,(anonymous_10)
FN:58,(anonymous_11)
FN:62,(anonymous_12)
FN:73,(anonymous_13)
FN:75,(anonymous_14)
FN:79,(anonymous_15)
FN:80,(anonymous_16)
FN:82,(anonymous_17)
FN:84,(anonymous_18)
FN:89,(anonymous_19)
FN:94,(anonymous_20)
FN:105,(anonymous_21)
FN:107,(anonymous_22)
FN:113,(anonymous_23)
FN:114,(anonymous_24)
FN:121,(anonymous_25)
FN:123,(anonymous_26)
FN:125,(anonymous_27)
FN:133,(anonymous_28)
FN:136,(anonymous_29)
FN:137,(anonymous_30)
FN:141,(anonymous_31)
FN:144,(anonymous_32)
FN:145,(anonymous_33)
FN:151,(anonymous_34)
FN:153,(anonymous_35)
FN:154,(anonymous_36)
FN:158,(anonymous_37)
FN:160,(anonymous_38)
FN:161,(anonymous_39)
FN:164,(anonymous_40)
FN:166,(anonymous_41)
FN:167,(anonymous_42)
FN:171,(anonymous_43)
FN:173,(anonymous_44)
FN:174,(anonymous_45)
FNF:46
FNH:4
FNDA:0,(anonymous_0)
FNDA:0,(anonymous_1)
FNDA:0,(anonymous_2)
FNDA:0,(anonymous_3)
FNDA:0,(anonymous_4)
FNDA:1,(anonymous_5)
FNDA:1,(anonymous_6)
FNDA:0,(anonymous_7)
FNDA:1,(anonymous_8)
FNDA:1,(anonymous_9)
FNDA:0,(anonymous_10)
FNDA:0,(anonymous_11)
FNDA:0,(anonymous_12)
FNDA:0,(anonymous_13)
FNDA:0,(anonymous_14)
FNDA:0,(anonymous_15)
FNDA:0,(anonymous_16)
FNDA:0,(anonymous_17)
FNDA:0,(anonymous_18)
FNDA:0,(anonymous_19)
FNDA:0,(anonymous_20)
FNDA:0,(anonymous_21)
FNDA:0,(anonymous_22)
FNDA:0,(anonymous_23)
FNDA:0,(anonymous_24)
FNDA:0,(anonymous_25)
FNDA:0,(anonymous_26)
FNDA:0,(anonymous_27)
FNDA:0,(anonymous_28)
FNDA:0,(anonymous_29)
FNDA:0,(anonymous_30)
FNDA:0,(anonymous_31)
FNDA:0,(anonymous_32)
FNDA:0,(anonymous_33)
FNDA:0,(anonymous_34)
FNDA:0,(anonymous_35)
FNDA:0,(anonymous_36)
FNDA:0,(anonymous_37)
FNDA:0,(anonymous_38)
FNDA:0,(anonymous_39)
FNDA:0,(anonymous_40)
FNDA:0,(anonymous_41)
FNDA:0,(anonymous_42)
FNDA:0,(anonymous_43)
FNDA:0,(anonymous_44)
FNDA:0,(anonymous_45)
DA:1,2
DA:2,2
DA:3,2
DA:4,2
DA:7,2
DA:8,0
DA:10,0
DA:11,0
DA:13,0
DA:14,0
DA:16,0
DA:17,0
DA:19,0
DA:20,0
DA:22,0
DA:23,0
DA:25,0
DA:26,0
DA:28,0
DA:29,0
DA:30,0
DA:32,0
DA:37,2
DA:38,1
DA:39,1
DA:40,0
DA:48,2
DA:49,1
DA:50,1
DA:51,1
DA:52,0
DA:58,2
DA:59,0
DA:60,0
DA:61,0
DA:63,0
DA:64,0
DA:65,0
DA:68,0
DA:69,0
DA:72,0
DA:74,0
DA:76,0
DA:77,0
DA:78,0
DA:79,0
DA:80,0
DA:82,0
DA:84,0
DA:89,2
DA:90,0
DA:91,0
DA:93,0
DA:95,0
DA:96,0
DA:97,0
DA:98,0
DA:101,0
DA:102,0
DA:104,0
DA:106,0
DA:108,0
DA:109,0
DA:110,0
DA:111,0
DA:112,0
DA:113,0
DA:114,0
DA:117,0
DA:118,0
DA:121,0
DA:123,0
DA:125,0
DA:133,2
DA:134,0
DA:135,0
DA:136,0
DA:137,0
DA:141,2
DA:142,0
DA:143,0
DA:144,0
DA:145,0
DA:151,2
DA:152,0
DA:153,0
DA:154,0
DA:158,2
DA:159,0
DA:160,0
DA:161,0
DA:164,2
DA:165,0
DA:166,0
DA:167,0
DA:171,2
DA:172,0
DA:173,0
DA:174,0
DA:178,2
LF:100
LH:21
BRDA:10,0,0,0
BRDA:10,0,1,0
BRDA:13,1,0,0
BRDA:13,1,1,0
BRDA:16,2,0,0
BRDA:16,2,1,0
BRDA:19,3,0,0
BRDA:19,3,1,0
BRDA:22,4,0,0
BRDA:22,4,1,0
BRDA:25,5,0,0
BRDA:25,5,1,0
BRDA:64,6,0,0
BRDA:64,6,1,0
BRDA:97,7,0,0
BRDA:97,7,1,0
BRDA:110,8,0,0
BRDA:110,8,1,0
BRF:18
BRH:0
end_of_record
TN:
SF:src/routes/student.js
FN:8,(anonymous_0)
FN:10,(anonymous_1)
FN:11,(anonymous_2)
FN:17,(anonymous_3)
FN:19,(anonymous_4)
FN:20,(anonymous_5)
FN:26,(anonymous_6)
FN:28,(anonymous_7)
FN:29,(anonymous_8)
FN:35,(anonymous_9)
FN:37,(anonymous_10)
FN:38,(anonymous_11)
FN:44,(anonymous_12)
FN:46,(anonymous_13)
FN:47,(anonymous_14)
FN:53,(anonymous_15)
FN:55,(anonymous_16)
FN:56,(anonymous_17)
FN:62,(anonymous_18)
FN:64,(anonymous_19)
FN:83,(anonymous_20)
FN:84,(anonymous_21)
FN:86,(anonymous_22)
FN:92,(anonymous_23)
FN:94,(anonymous_24)
FN:95,(anonymous_25)
FNF:26
FNH:4
FNDA:0,(anonymous_0)
FNDA:0,(anonymous_1)
FNDA:0,(anonymous_2)
FNDA:0,(anonymous_3)
FNDA:0,(anonymous_4)
FNDA:0,(anonymous_5)
FNDA:0,(anonymous_6)
FNDA:0,(anonymous_7)
FNDA:0,(anonymous_8)
FNDA:0,(anonymous_9)
FNDA:0,(anonymous_10)
FNDA:0,(anonymous_11)
FNDA:0,(anonymous_12)
FNDA:0,(anonymous_13)
FNDA:0,(anonymous_14)
FNDA:1,(anonymous_15)
FNDA:1,(anonymous_16)
FNDA:0,(anonymous_17)
FNDA:0,(anonymous_18)
FNDA:0,(anonymous_19)
FNDA:0,(anonymous_20)
FNDA:0,(anonymous_21)
FNDA:0,(anonymous_22)
FNDA:5,(anonymous_23)
FNDA:5,(anonymous_24)
FNDA:0,(anonymous_25)
DA:1,2
DA:2,2
DA:3,2
DA:8,2
DA:9,0
DA:10,0
DA:11,0
DA:17,2
DA:18,0
DA:19,0
DA:20,0
DA:26,2
DA:27,0
DA:28,0
DA:29,0
DA:35,2
DA:36,0
DA:37,0
DA:38,0
DA:44,2
DA:45,0
DA:46,0
DA:47,0
DA:53,2
DA:54,1
DA:55,1
DA:56,0
DA:62,2
DA:63,0
DA:65,0
DA:66,0
DA:68,0
DA:69,0
DA:71,0
DA:72,0
DA:74,0
DA:75,0
DA:77,0
DA:78,0
DA:80,0
DA:82,0
DA:83,0
DA:84,0
DA:86,0
DA:92,2
DA:93,5
DA:94,5
DA:95,0
DA:99,2
LF:49
LH:16
BRDA:65,0,0,0
BRDA:65,0,1,0
BRDA:68,1,0,0
BRDA:68,1,1,0
BRDA:71,2,0,0
BRDA:71,2,1,0
BRDA:74,3,0,0
BRDA:74,3,1,0
BRDA:77,4,0,0
BRDA:77,4,1,0
BRF:10
BRH:0
end_of_record
TN:
SF:src/routes/tokenVerification.js
FN:3,(anonymous_0)
FN:10,(anonymous_1)
FNF:2
FNH:0
FNDA:0,(anonymous_0)
FNDA:0,(anonymous_1)
DA:1,2
DA:3,2
DA:4,0
DA:5,0
DA:7,0
DA:9,0
DA:10,0
DA:11,0
DA:13,0
DA:15,0
DA:17,0
DA:23,2
LF:12
LH:3
BRDA:5,0,0,0
BRDA:5,0,1,0
BRDA:11,1,0,0
BRDA:11,1,1,0
BRF:4
BRH:0
end_of_record
