TN:
SF:__test__\helper\app.js
FN:9,generateString
FNF:1
FNH:1
FNDA:66,generateString
DA:2,4
DA:3,4
DA:4,4
DA:5,4
DA:7,4
DA:10,66
DA:11,66
DA:12,66
DA:13,58860
DA:16,66
DA:19,4
LF:11
LH:11
BRF:0
BRH:0
end_of_record
TN:
SF:__test__\helper\db-handler.js
FN:8,(anonymous_0)
FN:23,(anonymous_1)
FN:32,(anonymous_2)
FNF:3
FNH:3
FNDA:4,(anonymous_0)
FNDA:4,(anonymous_1)
FNDA:4,(anonymous_2)
DA:1,4
DA:2,4
DA:8,4
DA:9,4
DA:10,4
DA:12,4
DA:17,4
DA:23,4
DA:24,4
DA:25,4
DA:26,4
DA:32,4
DA:33,4
DA:35,4
DA:36,36
DA:37,36
LF:16
LH:16
BRF:0
BRH:0
end_of_record
TN:
SF:__test__\helper\room_test_data.js
FN:1,createRoom
FNF:1
FNH:1
FNDA:5,createRoom
DA:2,5
DA:12,2
LF:2
LH:2
BRF:0
BRH:0
end_of_record
TN:
SF:__test__\helper\student_test_data.js
FN:2,createUser
FNF:1
FNH:1
FNDA:11,createUser
DA:3,11
DA:17,4
LF:2
LH:2
BRF:0
BRH:0
end_of_record
TN:
SF:src\server.js
FN:14,(anonymous_0)
FN:40,(anonymous_1)
FN:66,(anonymous_2)
FN:67,(anonymous_3)
FN:74,(anonymous_4)
FN:80,(anonymous_5)
FNF:6
FNH:0
FNDA:0,(anonymous_0)
FNDA:0,(anonymous_1)
FNDA:0,(anonymous_2)
FNDA:0,(anonymous_3)
FNDA:0,(anonymous_4)
FNDA:0,(anonymous_5)
DA:1,4
DA:2,4
DA:3,4
DA:4,4
DA:7,4
DA:9,4
DA:10,4
DA:13,4
DA:14,0
DA:17,4
DA:23,4
DA:26,4
DA:27,4
DA:28,4
DA:33,4
DA:34,4
DA:35,0
DA:39,0
DA:40,0
DA:41,0
DA:45,4
DA:49,4
DA:50,4
DA:51,4
DA:52,4
DA:53,4
DA:54,4
DA:55,4
DA:57,4
DA:58,4
DA:59,4
DA:60,4
DA:61,4
DA:62,4
DA:63,4
DA:66,4
DA:67,0
DA:68,0
DA:69,0
DA:74,4
DA:75,0
DA:77,0
DA:80,4
DA:81,0
DA:83,0
DA:86,4
LF:46
LH:34
BRDA:10,0,0,4
BRDA:10,0,1,4
BRDA:13,1,0,0
BRDA:13,1,1,4
BRDA:34,2,0,0
BRDA:34,2,1,4
BRF:6
BRH:4
end_of_record
TN:
SF:src\factory\conUOpenDataCourseFactory.js
FN:3,createOpenDataCourse
FNF:1
FNH:0
FNDA:0,createOpenDataCourse
DA:1,4
DA:4,0
DA:5,0
DA:6,0
DA:7,0
DA:8,0
DA:9,0
DA:10,0
DA:11,0
DA:13,0
DA:24,4
LF:11
LH:2
BRF:0
BRH:0
end_of_record
TN:
SF:src\factory\conUOpenDataFacultyFactory.js
FN:3,createOpenDataFaculty
FNF:1
FNH:0
FNDA:0,createOpenDataFaculty
DA:1,4
DA:4,0
DA:5,0
DA:6,0
DA:7,0
DA:9,0
DA:16,4
LF:7
LH:2
BRF:0
BRH:0
end_of_record
TN:
SF:src\factory\conUOpenDataImportantDateFactory.js
FN:3,createOpenDataImportantDate
FNF:1
FNH:0
FNDA:0,createOpenDataImportantDate
DA:1,4
DA:4,0
DA:5,0
DA:7,0
DA:12,4
LF:5
LH:2
BRF:0
BRH:0
end_of_record
TN:
SF:src\factory\courseNotesFactory.js
FN:4,createCourseNotes
FNF:1
FNH:0
FNDA:0,createCourseNotes
DA:1,4
DA:2,4
DA:5,0
DA:6,0
DA:20,4
LF:5
LH:3
BRF:0
BRH:0
end_of_record
TN:
SF:src\factory\eventFactory.js
FN:4,createEvent
FNF:1
FNH:1
FNDA:1,createEvent
DA:1,4
DA:2,4
DA:5,1
DA:6,1
DA:7,1
DA:8,1
DA:9,1
DA:11,1
DA:12,1
DA:13,1
DA:15,1
DA:16,1
DA:17,1
DA:18,1
DA:19,1
DA:20,1
DA:21,1
DA:22,1
DA:23,0
DA:25,1
DA:40,4
LF:21
LH:20
BRDA:8,0,0,1
BRDA:8,0,1,0
BRDA:12,1,0,1
BRDA:12,1,1,0
BRDA:22,2,0,0
BRDA:22,2,1,1
BRF:6
BRH:3
end_of_record
TN:
SF:src\factory\friendRequestFactory.js
FN:3,createFriendRequest
FNF:1
FNH:1
FNDA:4,createFriendRequest
DA:1,4
DA:4,4
DA:10,4
LF:3
LH:3
BRF:0
BRH:0
end_of_record
TN:
SF:src\factory\messageFactory.js
FN:4,createMessage
FNF:1
FNH:1
FNDA:51,createMessage
DA:1,4
DA:2,4
DA:5,51
DA:6,51
DA:15,4
LF:5
LH:5
BRF:0
BRH:0
end_of_record
TN:
SF:src\factory\roomFactory.js
FN:4,createStudyRoom
FNF:1
FNH:1
FNDA:6,createStudyRoom
DA:1,4
DA:2,4
DA:5,6
DA:6,6
DA:7,6
DA:8,6
DA:9,6
DA:11,6
DA:12,6
DA:13,6
DA:15,6
DA:16,6
DA:17,6
DA:19,6
DA:20,6
DA:21,6
DA:31,4
LF:17
LH:17
BRDA:8,0,0,6
BRDA:8,0,1,0
BRDA:12,1,0,6
BRDA:12,1,1,0
BRDA:16,2,0,6
BRDA:16,2,1,0
BRF:6
BRH:3
end_of_record
TN:
SF:src\factory\studentFactory.js
FN:4,createStudent
FNF:1
FNH:1
FNDA:11,createStudent
DA:1,4
DA:2,4
DA:5,11
DA:6,11
DA:7,11
DA:8,11
DA:9,11
DA:10,11
DA:11,11
DA:12,11
DA:14,11
DA:25,4
LF:12
LH:12
BRF:0
BRH:0
end_of_record
TN:
SF:src\models\conUOpenDataCourse.model.js
FNF:0
FNH:0
DA:1,4
DA:3,4
DA:5,4
DA:18,4
DA:20,4
LF:5
LH:5
BRF:0
BRH:0
end_of_record
TN:
SF:src\models\conUOpenDataFaculty.model.js
FNF:0
FNH:0
DA:1,4
DA:3,4
DA:5,4
DA:14,4
DA:16,4
LF:5
LH:5
BRF:0
BRH:0
end_of_record
TN:
SF:src\models\conUOpenDataImportantDate.model.js
FNF:0
FNH:0
DA:1,4
DA:3,4
DA:5,4
DA:12,4
DA:14,4
LF:5
LH:5
BRF:0
BRH:0
end_of_record
TN:
SF:src\models\courseNotes.model.js
FNF:0
FNH:0
DA:1,4
DA:3,4
DA:5,4
DA:20,4
DA:22,4
LF:5
LH:5
BRF:0
BRH:0
end_of_record
TN:
SF:src\models\event.model.js
FNF:0
FNH:0
DA:1,4
DA:3,4
DA:5,4
DA:12,4
DA:28,4
DA:30,4
LF:6
LH:6
BRF:0
BRH:0
end_of_record
TN:
SF:src\models\friendRequest.model.js
FNF:0
FNH:0
DA:1,4
DA:3,4
DA:5,4
DA:12,4
DA:14,4
LF:5
LH:5
BRF:0
BRH:0
end_of_record
TN:
SF:src\models\message.model.js
FNF:0
FNH:0
DA:1,4
DA:3,4
DA:5,4
DA:15,4
DA:17,4
LF:5
LH:5
BRF:0
BRH:0
end_of_record
TN:
SF:src\models\student.model.js
FNF:0
FNH:0
DA:1,4
DA:3,4
DA:5,4
DA:24,4
DA:26,4
LF:5
LH:5
BRF:0
BRH:0
end_of_record
TN:
SF:src\models\studyRoom.model.js
FNF:0
FNH:0
DA:1,4
DA:3,4
DA:5,4
DA:17,4
DA:19,4
LF:5
LH:5
BRF:0
BRH:0
end_of_record
TN:
SF:src\repository\conUOpenDataCourseRepository.js
FN:11,(anonymous_0)
FN:12,(anonymous_1)
FN:14,(anonymous_2)
FN:28,(anonymous_3)
FN:29,(anonymous_4)
FN:33,(anonymous_5)
FN:36,(anonymous_6)
FN:46,(anonymous_7)
FN:47,(anonymous_8)
FN:52,(anonymous_9)
FN:55,(anonymous_10)
FN:63,(anonymous_11)
FN:64,(anonymous_12)
FN:65,(anonymous_13)
FN:67,(anonymous_14)
FN:78,(anonymous_15)
FN:79,(anonymous_16)
FN:80,(anonymous_17)
FN:93,(anonymous_18)
FN:101,(anonymous_19)
FN:103,(anonymous_20)
FN:106,(anonymous_21)
FN:108,(anonymous_22)
FN:112,(anonymous_23)
FN:116,(anonymous_24)
FNF:25
FNH:0
FNDA:0,(anonymous_0)
FNDA:0,(anonymous_1)
FNDA:0,(anonymous_2)
FNDA:0,(anonymous_3)
FNDA:0,(anonymous_4)
FNDA:0,(anonymous_5)
FNDA:0,(anonymous_6)
FNDA:0,(anonymous_7)
FNDA:0,(anonymous_8)
FNDA:0,(anonymous_9)
FNDA:0,(anonymous_10)
FNDA:0,(anonymous_11)
FNDA:0,(anonymous_12)
FNDA:0,(anonymous_13)
FNDA:0,(anonymous_14)
FNDA:0,(anonymous_15)
FNDA:0,(anonymous_16)
FNDA:0,(anonymous_17)
FNDA:0,(anonymous_18)
FNDA:0,(anonymous_19)
FNDA:0,(anonymous_20)
FNDA:0,(anonymous_21)
FNDA:0,(anonymous_22)
FNDA:0,(anonymous_23)
FNDA:0,(anonymous_24)
DA:1,4
DA:2,4
DA:3,4
DA:5,4
DA:12,0
DA:13,0
DA:14,0
DA:15,0
DA:16,0
DA:18,0
DA:29,0
DA:30,0
DA:34,0
DA:36,0
DA:47,0
DA:48,0
DA:53,0
DA:55,0
DA:64,0
DA:65,0
DA:66,0
DA:68,0
DA:79,0
DA:80,0
DA:81,0
DA:82,0
DA:84,0
DA:94,0
DA:96,0
DA:102,0
DA:103,0
DA:104,0
DA:106,0
DA:107,0
DA:109,0
DA:110,0
DA:113,0
DA:114,0
DA:117,0
DA:118,0
LF:40
LH:4
BRDA:15,0,0,0
BRDA:15,0,1,0
BRDA:81,1,0,0
BRDA:81,1,1,0
BRF:4
BRH:0
end_of_record
TN:
SF:src\repository\conUOpenDataFacultyRepository.js
FN:11,(anonymous_0)
FN:12,(anonymous_1)
FN:14,(anonymous_2)
FN:28,(anonymous_3)
FN:29,(anonymous_4)
FN:33,(anonymous_5)
FN:36,(anonymous_6)
FN:44,(anonymous_7)
FN:45,(anonymous_8)
FN:54,(anonymous_9)
FN:56,(anonymous_10)
FN:61,(anonymous_11)
FN:69,(anonymous_12)
FN:70,(anonymous_13)
FN:71,(anonymous_14)
FN:73,(anonymous_15)
FN:84,(anonymous_16)
FN:85,(anonymous_17)
FN:86,(anonymous_18)
FN:99,(anonymous_19)
FN:107,(anonymous_20)
FN:111,(anonymous_21)
FN:114,(anonymous_22)
FN:116,(anonymous_23)
FN:120,(anonymous_24)
FN:124,(anonymous_25)
FNF:26
FNH:0
FNDA:0,(anonymous_0)
FNDA:0,(anonymous_1)
FNDA:0,(anonymous_2)
FNDA:0,(anonymous_3)
FNDA:0,(anonymous_4)
FNDA:0,(anonymous_5)
FNDA:0,(anonymous_6)
FNDA:0,(anonymous_7)
FNDA:0,(anonymous_8)
FNDA:0,(anonymous_9)
FNDA:0,(anonymous_10)
FNDA:0,(anonymous_11)
FNDA:0,(anonymous_12)
FNDA:0,(anonymous_13)
FNDA:0,(anonymous_14)
FNDA:0,(anonymous_15)
FNDA:0,(anonymous_16)
FNDA:0,(anonymous_17)
FNDA:0,(anonymous_18)
FNDA:0,(anonymous_19)
FNDA:0,(anonymous_20)
FNDA:0,(anonymous_21)
FNDA:0,(anonymous_22)
FNDA:0,(anonymous_23)
FNDA:0,(anonymous_24)
FNDA:0,(anonymous_25)
DA:1,4
DA:2,4
DA:3,4
DA:5,4
DA:12,0
DA:13,0
DA:14,0
DA:15,0
DA:16,0
DA:18,0
DA:29,0
DA:30,0
DA:34,0
DA:36,0
DA:45,0
DA:46,0
DA:55,0
DA:56,0
DA:57,0
DA:59,0
DA:61,0
DA:70,0
DA:71,0
DA:72,0
DA:74,0
DA:85,0
DA:86,0
DA:87,0
DA:88,0
DA:90,0
DA:100,0
DA:102,0
DA:108,0
DA:109,0
DA:110,0
DA:111,0
DA:112,0
DA:114,0
DA:115,0
DA:117,0
DA:118,0
DA:121,0
DA:122,0
DA:125,0
DA:126,0
LF:45
LH:4
BRDA:15,0,0,0
BRDA:15,0,1,0
BRDA:87,1,0,0
BRDA:87,1,1,0
BRF:4
BRH:0
end_of_record
TN:
SF:src\repository\conUOpenDataImportantDateRepository.js
FN:12,(anonymous_0)
FN:13,(anonymous_1)
FN:15,(anonymous_2)
FN:28,(anonymous_3)
FN:29,(anonymous_4)
FN:31,(anonymous_5)
FN:34,(anonymous_6)
FN:43,(anonymous_7)
FN:46,(anonymous_8)
FN:60,(anonymous_9)
FN:68,(anonymous_10)
FN:69,(anonymous_11)
FN:71,(anonymous_12)
FN:85,(anonymous_13)
FN:95,(anonymous_14)
FN:96,(anonymous_15)
FN:97,(anonymous_16)
FN:99,(anonymous_17)
FN:110,(anonymous_18)
FN:111,(anonymous_19)
FN:112,(anonymous_20)
FN:125,(anonymous_21)
FN:126,(anonymous_22)
FN:129,(anonymous_23)
FN:131,(anonymous_24)
FN:133,(anonymous_25)
FN:137,(anonymous_26)
FN:141,(anonymous_27)
FNF:28
FNH:0
FNDA:0,(anonymous_0)
FNDA:0,(anonymous_1)
FNDA:0,(anonymous_2)
FNDA:0,(anonymous_3)
FNDA:0,(anonymous_4)
FNDA:0,(anonymous_5)
FNDA:0,(anonymous_6)
FNDA:0,(anonymous_7)
FNDA:0,(anonymous_8)
FNDA:0,(anonymous_9)
FNDA:0,(anonymous_10)
FNDA:0,(anonymous_11)
FNDA:0,(anonymous_12)
FNDA:0,(anonymous_13)
FNDA:0,(anonymous_14)
FNDA:0,(anonymous_15)
FNDA:0,(anonymous_16)
FNDA:0,(anonymous_17)
FNDA:0,(anonymous_18)
FNDA:0,(anonymous_19)
FNDA:0,(anonymous_20)
FNDA:0,(anonymous_21)
FNDA:0,(anonymous_22)
FNDA:0,(anonymous_23)
FNDA:0,(anonymous_24)
FNDA:0,(anonymous_25)
FNDA:0,(anonymous_26)
FNDA:0,(anonymous_27)
DA:1,4
DA:2,4
DA:3,4
DA:4,4
DA:6,4
DA:13,0
DA:14,0
DA:15,0
DA:16,0
DA:17,0
DA:19,0
DA:29,0
DA:30,0
DA:32,0
DA:34,0
DA:44,0
DA:46,0
DA:47,0
DA:48,0
DA:49,0
DA:50,0
DA:51,0
DA:53,0
DA:61,0
DA:62,0
DA:63,0
DA:66,0
DA:68,0
DA:69,0
DA:70,0
DA:71,0
DA:72,0
DA:73,0
DA:75,0
DA:76,0
DA:77,0
DA:78,0
DA:82,0
DA:84,0
DA:86,0
DA:96,0
DA:97,0
DA:98,0
DA:100,0
DA:111,0
DA:112,0
DA:113,0
DA:114,0
DA:116,0
DA:126,0
DA:127,0
DA:129,0
DA:130,0
DA:131,0
DA:132,0
DA:134,0
DA:135,0
DA:138,0
DA:139,0
DA:142,0
DA:143,0
LF:61
LH:5
BRDA:16,0,0,0
BRDA:16,0,1,0
BRDA:47,1,0,0
BRDA:47,1,1,0
BRDA:49,2,0,0
BRDA:49,2,1,0
BRDA:50,3,0,0
BRDA:50,3,1,0
BRDA:72,4,0,0
BRDA:72,4,1,0
BRDA:75,5,0,0
BRDA:75,5,1,0
BRDA:113,6,0,0
BRDA:113,6,1,0
BRF:14
BRH:0
end_of_record
TN:
SF:src\repository\courseNotesRepository.js
FN:11,(anonymous_0)
FN:12,(anonymous_1)
FN:14,(anonymous_2)
FN:26,(anonymous_3)
FN:27,(anonymous_4)
FN:28,(anonymous_5)
FN:31,(anonymous_6)
FN:40,(anonymous_7)
FN:41,(anonymous_8)
FN:42,(anonymous_9)
FN:45,(anonymous_10)
FN:54,(anonymous_11)
FN:55,(anonymous_12)
FN:57,(anonymous_13)
FN:60,(anonymous_14)
FNF:15
FNH:0
FNDA:0,(anonymous_0)
FNDA:0,(anonymous_1)
FNDA:0,(anonymous_2)
FNDA:0,(anonymous_3)
FNDA:0,(anonymous_4)
FNDA:0,(anonymous_5)
FNDA:0,(anonymous_6)
FNDA:0,(anonymous_7)
FNDA:0,(anonymous_8)
FNDA:0,(anonymous_9)
FNDA:0,(anonymous_10)
FNDA:0,(anonymous_11)
FNDA:0,(anonymous_12)
FNDA:0,(anonymous_13)
FNDA:0,(anonymous_14)
DA:1,4
DA:2,4
DA:4,4
DA:12,0
DA:13,0
DA:14,0
DA:15,0
DA:16,0
DA:27,0
DA:28,0
DA:29,0
DA:31,0
DA:41,0
DA:42,0
DA:43,0
DA:45,0
DA:55,0
DA:56,0
DA:58,0
DA:60,0
LF:20
LH:3
BRDA:15,0,0,0
BRDA:15,0,1,0
BRF:2
BRH:0
end_of_record
TN:
SF:src\repository\eventRepository.js
FN:12,(anonymous_0)
FN:13,(anonymous_1)
FN:14,(anonymous_2)
FN:16,(anonymous_3)
FN:17,(anonymous_4)
FN:22,(anonymous_5)
FN:24,(anonymous_6)
FN:33,(anonymous_7)
FN:34,(anonymous_8)
FN:35,(anonymous_9)
FN:38,(anonymous_10)
FN:47,(anonymous_11)
FN:48,(anonymous_12)
FN:49,(anonymous_13)
FN:52,(anonymous_14)
FN:61,(anonymous_15)
FN:62,(anonymous_16)
FN:63,(anonymous_17)
FN:66,(anonymous_18)
FN:75,(anonymous_19)
FN:76,(anonymous_20)
FN:78,(anonymous_21)
FN:81,(anonymous_22)
FN:90,(anonymous_23)
FN:91,(anonymous_24)
FN:92,(anonymous_25)
FN:93,(anonymous_26)
FN:98,(anonymous_27)
FNF:28
FNH:8
FNDA:1,(anonymous_0)
FNDA:1,(anonymous_1)
FNDA:1,(anonymous_2)
FNDA:1,(anonymous_3)
FNDA:1,(anonymous_4)
FNDA:0,(anonymous_5)
FNDA:0,(anonymous_6)
FNDA:0,(anonymous_7)
FNDA:0,(anonymous_8)
FNDA:0,(anonymous_9)
FNDA:0,(anonymous_10)
FNDA:1,(anonymous_11)
FNDA:1,(anonymous_12)
FNDA:1,(anonymous_13)
FNDA:0,(anonymous_14)
FNDA:0,(anonymous_15)
FNDA:0,(anonymous_16)
FNDA:0,(anonymous_17)
FNDA:0,(anonymous_18)
FNDA:0,(anonymous_19)
FNDA:0,(anonymous_20)
FNDA:0,(anonymous_21)
FNDA:0,(anonymous_22)
FNDA:0,(anonymous_23)
FNDA:0,(anonymous_24)
FNDA:0,(anonymous_25)
FNDA:0,(anonymous_26)
FNDA:0,(anonymous_27)
DA:1,4
DA:2,4
DA:3,4
DA:5,4
DA:13,1
DA:14,1
DA:15,1
DA:16,1
DA:17,1
DA:18,1
DA:19,1
DA:22,0
DA:24,0
DA:34,0
DA:35,0
DA:36,0
DA:38,0
DA:48,1
DA:49,1
DA:50,1
DA:52,0
DA:62,0
DA:63,0
DA:64,0
DA:66,0
DA:76,0
DA:77,0
DA:79,0
DA:81,0
DA:91,0
DA:92,0
DA:93,0
DA:94,0
DA:95,0
DA:98,0
LF:35
LH:14
BRDA:18,0,0,0
BRDA:18,0,1,1
BRDA:94,1,0,0
BRDA:94,1,1,0
BRF:4
BRH:1
end_of_record
TN:
SF:src\repository\friendRequestRepository.js
FN:10,(anonymous_0)
FN:11,(anonymous_1)
FN:13,(anonymous_2)
FN:14,(anonymous_3)
FN:23,(anonymous_4)
FN:24,(anonymous_5)
FN:26,(anonymous_6)
FN:27,(anonymous_7)
FN:36,(anonymous_8)
FN:37,(anonymous_9)
FN:39,(anonymous_10)
FN:42,(anonymous_11)
FN:46,(anonymous_12)
FN:47,(anonymous_13)
FN:49,(anonymous_14)
FN:50,(anonymous_15)
FN:59,(anonymous_16)
FN:61,(anonymous_17)
FN:63,(anonymous_18)
FN:66,(anonymous_19)
FN:78,(anonymous_20)
FN:79,(anonymous_21)
FN:81,(anonymous_22)
FN:82,(anonymous_23)
FN:91,(anonymous_24)
FN:92,(anonymous_25)
FN:94,(anonymous_26)
FN:95,(anonymous_27)
FN:105,(anonymous_28)
FN:106,(anonymous_29)
FN:108,(anonymous_30)
FN:111,(anonymous_31)
FNF:32
FNH:15
FNDA:4,(anonymous_0)
FNDA:4,(anonymous_1)
FNDA:4,(anonymous_2)
FNDA:0,(anonymous_3)
FNDA:4,(anonymous_4)
FNDA:4,(anonymous_5)
FNDA:4,(anonymous_6)
FNDA:0,(anonymous_7)
FNDA:4,(anonymous_8)
FNDA:4,(anonymous_9)
FNDA:4,(anonymous_10)
FNDA:0,(anonymous_11)
FNDA:0,(anonymous_12)
FNDA:0,(anonymous_13)
FNDA:0,(anonymous_14)
FNDA:0,(anonymous_15)
FNDA:4,(anonymous_16)
FNDA:4,(anonymous_17)
FNDA:4,(anonymous_18)
FNDA:0,(anonymous_19)
FNDA:0,(anonymous_20)
FNDA:0,(anonymous_21)
FNDA:0,(anonymous_22)
FNDA:0,(anonymous_23)
FNDA:0,(anonymous_24)
FNDA:0,(anonymous_25)
FNDA:0,(anonymous_26)
FNDA:0,(anonymous_27)
FNDA:4,(anonymous_28)
FNDA:4,(anonymous_29)
FNDA:4,(anonymous_30)
FNDA:0,(anonymous_31)
DA:1,4
DA:3,4
DA:11,4
DA:12,4
DA:13,4
DA:14,0
DA:24,4
DA:25,4
DA:26,4
DA:27,0
DA:37,4
DA:38,4
DA:40,4
DA:42,0
DA:47,0
DA:48,0
DA:49,0
DA:50,0
DA:60,4
DA:62,4
DA:64,4
DA:67,0
DA:79,0
DA:80,0
DA:81,0
DA:82,0
DA:92,0
DA:93,0
DA:94,0
DA:95,0
DA:106,4
DA:107,4
DA:109,4
DA:111,0
LF:34
LH:17
BRF:0
BRH:0
end_of_record
TN:
SF:src\repository\messageRepository.js
FN:11,(anonymous_0)
FN:12,(anonymous_1)
FN:14,(anonymous_2)
FN:26,(anonymous_3)
FN:27,(anonymous_4)
FN:29,(anonymous_5)
FN:32,(anonymous_6)
FN:42,(anonymous_7)
FN:43,(anonymous_8)
FN:45,(anonymous_9)
FN:48,(anonymous_10)
FNF:11
FNH:9
FNDA:51,(anonymous_0)
FNDA:51,(anonymous_1)
FNDA:51,(anonymous_2)
FNDA:1,(anonymous_3)
FNDA:1,(anonymous_4)
FNDA:1,(anonymous_5)
FNDA:0,(anonymous_6)
FNDA:2,(anonymous_7)
FNDA:2,(anonymous_8)
FNDA:2,(anonymous_9)
FNDA:0,(anonymous_10)
DA:1,4
DA:2,4
DA:4,4
DA:12,51
DA:13,51
DA:14,51
DA:15,51
DA:16,51
DA:27,1
DA:28,1
DA:30,1
DA:32,0
DA:43,2
DA:44,2
DA:46,2
DA:48,0
LF:16
LH:14
BRDA:15,0,0,0
BRDA:15,0,1,51
BRF:2
BRH:1
end_of_record
TN:
SF:src\repository\studentRepository.js
FN:12,(anonymous_0)
FN:13,(anonymous_1)
FN:14,(anonymous_2)
FN:15,(anonymous_3)
FN:16,(anonymous_4)
FN:22,(anonymous_5)
FN:31,(anonymous_6)
FN:32,(anonymous_7)
FN:33,(anonymous_8)
FN:36,(anonymous_9)
FN:45,(anonymous_10)
FN:46,(anonymous_11)
FN:48,(anonymous_12)
FN:51,(anonymous_13)
FN:60,(anonymous_14)
FN:61,(anonymous_15)
FN:63,(anonymous_16)
FN:66,(anonymous_17)
FN:75,(anonymous_18)
FN:76,(anonymous_19)
FN:78,(anonymous_20)
FN:81,(anonymous_21)
FN:90,(anonymous_22)
FN:91,(anonymous_23)
FN:94,(anonymous_24)
FN:101,(anonymous_25)
FN:108,(anonymous_26)
FN:123,(anonymous_27)
FN:124,(anonymous_28)
FN:126,(anonymous_29)
FN:127,(anonymous_30)
FN:132,(anonymous_31)
FN:143,(anonymous_32)
FN:144,(anonymous_33)
FN:147,(anonymous_34)
FN:148,(anonymous_35)
FN:159,(anonymous_36)
FN:160,(anonymous_37)
FN:164,(anonymous_38)
FN:165,(anonymous_39)
FN:175,(anonymous_40)
FN:176,(anonymous_41)
FN:178,(anonymous_42)
FN:181,(anonymous_43)
FN:182,(anonymous_44)
FN:184,(anonymous_45)
FN:195,(anonymous_46)
FN:196,(anonymous_47)
FN:198,(anonymous_48)
FN:199,(anonymous_49)
FN:201,(anonymous_50)
FNF:51
FNH:32
FNDA:13,(anonymous_0)
FNDA:13,(anonymous_1)
FNDA:11,(anonymous_2)
FNDA:11,(anonymous_3)
FNDA:11,(anonymous_4)
FNDA:2,(anonymous_5)
FNDA:0,(anonymous_6)
FNDA:0,(anonymous_7)
FNDA:0,(anonymous_8)
FNDA:0,(anonymous_9)
FNDA:34,(anonymous_10)
FNDA:34,(anonymous_11)
FNDA:34,(anonymous_12)
FNDA:0,(anonymous_13)
FNDA:1,(anonymous_14)
FNDA:1,(anonymous_15)
FNDA:1,(anonymous_16)
FNDA:0,(anonymous_17)
FNDA:0,(anonymous_18)
FNDA:0,(anonymous_19)
FNDA:0,(anonymous_20)
FNDA:0,(anonymous_21)
FNDA:2,(anonymous_22)
FNDA:2,(anonymous_23)
FNDA:2,(anonymous_24)
FNDA:0,(anonymous_25)
FNDA:0,(anonymous_26)
FNDA:1,(anonymous_27)
FNDA:1,(anonymous_28)
FNDA:1,(anonymous_29)
FNDA:1,(anonymous_30)
FNDA:0,(anonymous_31)
FNDA:1,(anonymous_32)
FNDA:1,(anonymous_33)
FNDA:1,(anonymous_34)
FNDA:0,(anonymous_35)
FNDA:16,(anonymous_36)
FNDA:16,(anonymous_37)
FNDA:16,(anonymous_38)
FNDA:0,(anonymous_39)
FNDA:4,(anonymous_40)
FNDA:4,(anonymous_41)
FNDA:4,(anonymous_42)
FNDA:4,(anonymous_43)
FNDA:0,(anonymous_44)
FNDA:0,(anonymous_45)
FNDA:5,(anonymous_46)
FNDA:5,(anonymous_47)
FNDA:5,(anonymous_48)
FNDA:0,(anonymous_49)
FNDA:0,(anonymous_50)
DA:1,4
DA:2,4
DA:3,4
DA:5,4
DA:13,13
DA:14,13
DA:15,11
DA:16,11
DA:17,11
DA:18,11
DA:22,2
DA:32,0
DA:33,0
DA:34,0
DA:36,0
DA:46,34
DA:47,34
DA:49,34
DA:51,0
DA:61,1
DA:62,1
DA:64,1
DA:66,0
DA:76,0
DA:77,0
DA:79,0
DA:81,0
DA:91,2
DA:92,2
DA:93,2
DA:95,2
DA:96,2
DA:99,0
DA:100,0
DA:102,0
DA:103,0
DA:106,0
DA:107,0
DA:109,0
DA:110,0
DA:113,0
DA:124,1
DA:125,1
DA:127,1
DA:128,1
DA:129,1
DA:132,0
DA:144,1
DA:145,1
DA:147,1
DA:148,0
DA:160,16
DA:161,16
DA:164,16
DA:165,0
DA:176,4
DA:177,4
DA:179,4
DA:180,4
DA:181,4
DA:182,0
DA:184,0
DA:196,5
DA:197,5
DA:199,5
DA:201,0
LF:66
LH:41
BRDA:17,0,0,0
BRDA:17,0,1,11
BRDA:92,1,0,2
BRDA:92,1,1,0
BRDA:95,2,0,0
BRDA:95,2,1,2
BRDA:99,3,0,0
BRDA:99,3,1,0
BRDA:102,4,0,0
BRDA:102,4,1,0
BRDA:106,5,0,0
BRDA:106,5,1,0
BRDA:109,6,0,0
BRDA:109,6,1,0
BRDA:128,7,0,0
BRDA:128,7,1,1
BRDA:199,8,0,5
BRDA:199,8,1,5
BRF:18
BRH:6
end_of_record
TN:
SF:src\repository\studyRoomRepository.js
FN:11,(anonymous_0)
FN:12,(anonymous_1)
FN:14,(anonymous_2)
FN:15,(anonymous_3)
FN:20,(anonymous_4)
FN:29,(anonymous_5)
FN:30,(anonymous_6)
FN:31,(anonymous_7)
FN:34,(anonymous_8)
FN:43,(anonymous_9)
FN:44,(anonymous_10)
FN:46,(anonymous_11)
FN:49,(anonymous_12)
FN:58,(anonymous_13)
FN:59,(anonymous_14)
FN:60,(anonymous_15)
FN:61,(anonymous_16)
FN:66,(anonymous_17)
FN:76,(anonymous_18)
FN:77,(anonymous_19)
FN:81,(anonymous_20)
FN:82,(anonymous_21)
FN:91,(anonymous_22)
FN:92,(anonymous_23)
FN:96,(anonymous_24)
FN:99,(anonymous_25)
FNF:26
FNH:21
FNDA:6,(anonymous_0)
FNDA:6,(anonymous_1)
FNDA:5,(anonymous_2)
FNDA:5,(anonymous_3)
FNDA:1,(anonymous_4)
FNDA:14,(anonymous_5)
FNDA:14,(anonymous_6)
FNDA:14,(anonymous_7)
FNDA:0,(anonymous_8)
FNDA:2,(anonymous_9)
FNDA:2,(anonymous_10)
FNDA:2,(anonymous_11)
FNDA:0,(anonymous_12)
FNDA:1,(anonymous_13)
FNDA:1,(anonymous_14)
FNDA:1,(anonymous_15)
FNDA:1,(anonymous_16)
FNDA:0,(anonymous_17)
FNDA:9,(anonymous_18)
FNDA:9,(anonymous_19)
FNDA:9,(anonymous_20)
FNDA:0,(anonymous_21)
FNDA:5,(anonymous_22)
FNDA:5,(anonymous_23)
FNDA:5,(anonymous_24)
FNDA:0,(anonymous_25)
DA:1,4
DA:2,4
DA:3,4
DA:5,4
DA:12,6
DA:13,6
DA:14,6
DA:15,5
DA:16,5
DA:17,5
DA:20,1
DA:30,14
DA:31,14
DA:32,14
DA:34,0
DA:44,2
DA:45,2
DA:47,2
DA:49,0
DA:59,1
DA:60,1
DA:61,1
DA:62,1
DA:63,1
DA:66,0
DA:77,9
DA:78,9
DA:81,9
DA:82,0
DA:92,5
DA:93,5
DA:97,5
DA:99,0
LF:33
LH:28
BRDA:16,0,0,0
BRDA:16,0,1,5
BRDA:62,1,0,0
BRDA:62,1,1,1
BRF:4
BRH:2
end_of_record
TN:
SF:src\routes\events.js
FN:8,(anonymous_0)
FN:10,(anonymous_1)
FN:11,(anonymous_2)
FN:17,(anonymous_3)
FN:19,(anonymous_4)
FN:20,(anonymous_5)
FN:26,(anonymous_6)
FN:28,(anonymous_7)
FN:29,(anonymous_8)
FN:35,(anonymous_9)
FN:37,(anonymous_10)
FN:66,(anonymous_11)
FN:67,(anonymous_12)
FN:69,(anonymous_13)
FN:75,(anonymous_14)
FN:77,(anonymous_15)
FN:78,(anonymous_16)
FNF:17
FNH:4
FNDA:0,(anonymous_0)
FNDA:0,(anonymous_1)
FNDA:0,(anonymous_2)
FNDA:1,(anonymous_3)
FNDA:1,(anonymous_4)
FNDA:0,(anonymous_5)
FNDA:0,(anonymous_6)
FNDA:0,(anonymous_7)
FNDA:0,(anonymous_8)
FNDA:0,(anonymous_9)
FNDA:0,(anonymous_10)
FNDA:0,(anonymous_11)
FNDA:0,(anonymous_12)
FNDA:0,(anonymous_13)
FNDA:1,(anonymous_14)
FNDA:1,(anonymous_15)
FNDA:0,(anonymous_16)
DA:1,4
DA:2,4
DA:3,4
DA:8,4
DA:9,0
DA:10,0
DA:11,0
DA:17,4
DA:18,1
DA:19,1
DA:20,0
DA:26,4
DA:27,0
DA:28,0
DA:29,0
DA:35,4
DA:36,0
DA:38,0
DA:39,0
DA:41,0
DA:42,0
DA:44,0
DA:45,0
DA:47,0
DA:48,0
DA:50,0
DA:51,0
DA:53,0
DA:54,0
DA:56,0
DA:57,0
DA:59,0
DA:60,0
DA:62,0
DA:63,0
DA:65,0
DA:66,0
DA:67,0
DA:69,0
DA:75,4
DA:76,1
DA:77,1
DA:78,0
DA:81,4
LF:44
LH:13
BRDA:38,0,0,0
BRDA:38,0,1,0
BRDA:41,1,0,0
BRDA:41,1,1,0
BRDA:44,2,0,0
BRDA:44,2,1,0
BRDA:47,3,0,0
BRDA:47,3,1,0
BRDA:50,4,0,0
BRDA:50,4,1,0
BRDA:53,5,0,0
BRDA:53,5,1,0
BRDA:56,6,0,0
BRDA:56,6,1,0
BRDA:59,7,0,0
BRDA:59,7,1,0
BRDA:62,8,0,0
BRDA:62,8,1,0
BRF:18
BRH:0
end_of_record
TN:
SF:src\routes\friend.js
FN:15,(anonymous_0)
FN:17,(anonymous_1)
FN:20,(anonymous_2)
FN:23,(anonymous_3)
FN:25,(anonymous_4)
FN:34,(anonymous_5)
FN:45,(anonymous_6)
FN:48,(anonymous_7)
FN:51,(anonymous_8)
FN:54,(anonymous_9)
FN:57,(anonymous_10)
FN:67,(anonymous_11)
FN:71,(anonymous_12)
FN:71,(anonymous_13)
FN:74,(anonymous_14)
FN:99,(anonymous_15)
FN:101,(anonymous_16)
FN:103,(anonymous_17)
FN:113,(anonymous_18)
FN:120,addToFriendLists
FN:133,(anonymous_20)
FN:135,(anonymous_21)
FN:146,(anonymous_22)
FN:155,(anonymous_23)
FN:156,(anonymous_24)
FN:166,(anonymous_25)
FN:177,(anonymous_26)
FN:179,(anonymous_27)
FN:189,(anonymous_28)
FN:199,(anonymous_29)
FNF:30
FNH:18
FNDA:6,(anonymous_0)
FNDA:4,(anonymous_1)
FNDA:4,(anonymous_2)
FNDA:0,(anonymous_3)
FNDA:2,(anonymous_4)
FNDA:0,(anonymous_5)
FNDA:0,(anonymous_6)
FNDA:0,(anonymous_7)
FNDA:2,(anonymous_8)
FNDA:2,(anonymous_9)
FNDA:0,(anonymous_10)
FNDA:0,(anonymous_11)
FNDA:0,(anonymous_12)
FNDA:0,(anonymous_13)
FNDA:0,(anonymous_14)
FNDA:3,(anonymous_15)
FNDA:2,(anonymous_16)
FNDA:2,(anonymous_17)
FNDA:1,(anonymous_18)
FNDA:2,addToFriendLists
FNDA:2,(anonymous_20)
FNDA:2,(anonymous_21)
FNDA:0,(anonymous_22)
FNDA:2,(anonymous_23)
FNDA:2,(anonymous_24)
FNDA:0,(anonymous_25)
FNDA:2,(anonymous_26)
FNDA:1,(anonymous_27)
FNDA:1,(anonymous_28)
FNDA:0,(anonymous_29)
DA:1,4
DA:2,4
DA:3,4
DA:4,4
DA:5,4
DA:6,4
DA:15,4
DA:17,6
DA:18,4
DA:19,4
DA:21,4
DA:23,0
DA:25,2
DA:34,4
DA:35,0
DA:36,0
DA:38,0
DA:39,0
DA:41,0
DA:44,0
DA:46,0
DA:48,0
DA:51,4
DA:53,2
DA:55,2
DA:57,0
DA:67,4
DA:68,0
DA:69,0
DA:70,0
DA:71,0
DA:72,0
DA:73,0
DA:74,0
DA:75,0
DA:76,0
DA:81,0
DA:82,0
DA:83,0
DA:85,0
DA:99,4
DA:101,3
DA:102,2
DA:103,2
DA:104,2
DA:105,2
DA:106,2
DA:108,0
DA:110,2
DA:113,1
DA:121,2
DA:122,2
DA:123,2
DA:133,4
DA:135,2
DA:136,2
DA:137,2
DA:139,2
DA:140,2
DA:142,0
DA:146,0
DA:155,4
DA:156,2
DA:157,2
DA:158,2
DA:160,2
DA:161,2
DA:163,0
DA:166,0
DA:177,4
DA:179,2
DA:180,1
DA:182,1
DA:183,1
DA:184,1
DA:186,0
DA:189,1
DA:199,4
DA:200,0
DA:202,0
DA:204,0
DA:205,0
DA:207,0
DA:208,0
DA:210,0
DA:214,4
LF:86
LH:50
BRDA:38,0,0,0
BRDA:38,0,1,0
BRDA:82,1,0,0
BRDA:82,1,1,0
BRDA:104,2,0,2
BRDA:104,2,1,0
BRDA:122,3,0,2
BRDA:122,3,1,0
BRDA:139,4,0,2
BRDA:139,4,1,0
BRDA:160,5,0,2
BRDA:160,5,1,0
BRDA:183,6,0,1
BRDA:183,6,1,0
BRDA:204,7,0,0
BRDA:204,7,1,0
BRDA:207,8,0,0
BRDA:207,8,1,0
BRDA:207,9,0,0
BRDA:207,9,1,0
BRF:20
BRH:5
end_of_record
TN:
SF:src\routes\login.js
FN:10,(anonymous_0)
FN:12,(anonymous_1)
FN:14,(anonymous_2)
FN:46,(anonymous_3)
FN:48,(anonymous_4)
FN:51,(anonymous_5)
FN:53,(anonymous_6)
FN:64,(anonymous_7)
FNF:8
FNH:4
FNDA:3,(anonymous_0)
FNDA:2,(anonymous_1)
FNDA:2,(anonymous_2)
FNDA:0,(anonymous_3)
FNDA:1,(anonymous_4)
FNDA:0,(anonymous_5)
FNDA:0,(anonymous_6)
FNDA:0,(anonymous_7)
DA:1,4
DA:2,4
DA:3,4
DA:4,4
DA:5,4
DA:10,4
DA:11,3
DA:12,3
DA:14,2
DA:16,2
DA:17,0
DA:18,0
DA:21,2
DA:23,2
DA:24,1
DA:25,1
DA:28,1
DA:32,1
DA:33,1
DA:44,1
DA:46,0
DA:48,1
DA:51,4
DA:52,0
DA:54,0
DA:55,0
DA:57,0
DA:58,0
DA:60,0
DA:64,0
DA:67,4
LF:31
LH:21
BRDA:16,0,0,0
BRDA:16,0,1,2
BRDA:23,1,0,1
BRDA:23,1,1,1
BRDA:54,2,0,0
BRDA:54,2,1,0
BRDA:57,3,0,0
BRDA:57,3,1,0
BRF:8
BRH:3
end_of_record
TN:
SF:src\routes\message.js
FN:6,(anonymous_0)
FN:8,(anonymous_1)
FN:10,(anonymous_2)
FN:16,(anonymous_3)
FN:20,(anonymous_4)
FN:23,(anonymous_5)
FN:24,(anonymous_6)
FN:28,(anonymous_7)
FN:29,(anonymous_8)
FN:31,(anonymous_9)
FN:32,(anonymous_10)
FN:34,(anonymous_11)
FN:40,(anonymous_12)
FN:41,(anonymous_13)
FN:43,(anonymous_14)
FN:47,(anonymous_15)
FN:49,(anonymous_16)
FNF:17
FNH:14
FNDA:53,(anonymous_0)
FNDA:51,(anonymous_1)
FNDA:51,(anonymous_2)
FNDA:2,(anonymous_3)
FNDA:1,(anonymous_4)
FNDA:1,(anonymous_5)
FNDA:0,(anonymous_6)
FNDA:2,(anonymous_7)
FNDA:1,(anonymous_8)
FNDA:1,(anonymous_9)
FNDA:0,(anonymous_10)
FNDA:1,(anonymous_11)
FNDA:2,(anonymous_12)
FNDA:1,(anonymous_13)
FNDA:1,(anonymous_14)
FNDA:0,(anonymous_15)
FNDA:1,(anonymous_16)
DA:1,4
DA:2,4
DA:3,4
DA:6,4
DA:7,53
DA:8,53
DA:9,51
DA:11,51
DA:12,51
DA:13,51
DA:16,2
DA:20,4
DA:22,1
DA:23,1
DA:24,0
DA:28,4
DA:29,2
DA:30,1
DA:31,1
DA:32,0
DA:34,1
DA:40,4
DA:41,2
DA:42,1
DA:44,1
DA:45,1
DA:47,0
DA:49,1
DA:52,4
LF:29
LH:26
BRF:0
BRH:0
end_of_record
TN:
SF:src\routes\opendata.js
FN:13,openDataRefresh
FN:29,(anonymous_1)
FN:31,(anonymous_2)
FN:35,(anonymous_3)
FN:42,(anonymous_4)
FN:44,(anonymous_5)
FN:49,(anonymous_6)
FN:57,(anonymous_7)
FN:60,(anonymous_8)
FN:64,(anonymous_9)
FN:79,(anonymous_10)
FN:81,(anonymous_11)
FN:85,(anonymous_12)
FN:93,(anonymous_13)
FN:96,(anonymous_14)
FN:100,(anonymous_15)
FN:109,(anonymous_16)
FN:113,(anonymous_17)
FN:117,(anonymous_18)
FN:124,(anonymous_19)
FN:127,(anonymous_20)
FN:130,(anonymous_21)
FNF:22
FNH:0
FNDA:0,openDataRefresh
FNDA:0,(anonymous_1)
FNDA:0,(anonymous_2)
FNDA:0,(anonymous_3)
FNDA:0,(anonymous_4)
FNDA:0,(anonymous_5)
FNDA:0,(anonymous_6)
FNDA:0,(anonymous_7)
FNDA:0,(anonymous_8)
FNDA:0,(anonymous_9)
FNDA:0,(anonymous_10)
FNDA:0,(anonymous_11)
FNDA:0,(anonymous_12)
FNDA:0,(anonymous_13)
FNDA:0,(anonymous_14)
FNDA:0,(anonymous_15)
FNDA:0,(anonymous_16)
FNDA:0,(anonymous_17)
FNDA:0,(anonymous_18)
FNDA:0,(anonymous_19)
FNDA:0,(anonymous_20)
FNDA:0,(anonymous_21)
DA:1,4
DA:2,4
DA:3,4
DA:4,4
DA:11,4
DA:12,0
DA:14,0
DA:15,0
DA:16,0
DA:18,0
DA:29,4
DA:30,0
DA:32,0
DA:33,0
DA:35,0
DA:42,4
DA:43,0
DA:45,0
DA:46,0
DA:47,0
DA:49,0
DA:57,4
DA:58,0
DA:59,0
DA:61,0
DA:62,0
DA:64,0
DA:79,4
DA:80,0
DA:82,0
DA:83,0
DA:85,0
DA:93,4
DA:94,0
DA:95,0
DA:97,0
DA:98,0
DA:100,0
DA:109,4
DA:110,0
DA:111,0
DA:112,0
DA:114,0
DA:115,0
DA:117,0
DA:124,4
DA:125,0
DA:127,0
DA:128,0
DA:129,0
DA:131,0
DA:132,0
DA:136,4
LF:53
LH:13
BRDA:11,0,0,0
BRDA:11,0,1,4
BRDA:19,1,0,0
BRDA:19,1,1,0
BRDA:19,2,0,0
BRDA:19,2,1,0
BRDA:19,3,0,0
BRDA:19,3,1,0
BRF:8
BRH:1
end_of_record
TN:
SF:src\routes\room.js
FN:8,(anonymous_0)
FN:10,(anonymous_1)
FN:30,(anonymous_2)
FN:31,(anonymous_3)
FN:33,(anonymous_4)
FN:38,(anonymous_5)
FN:40,(anonymous_6)
FN:42,(anonymous_7)
FN:46,(anonymous_8)
FN:49,(anonymous_9)
FN:51,(anonymous_10)
FN:54,(anonymous_11)
FN:62,(anonymous_12)
FN:65,(anonymous_13)
FN:66,(anonymous_14)
FN:72,(anonymous_15)
FN:75,(anonymous_16)
FN:77,(anonymous_17)
FN:81,(anonymous_18)
FN:83,(anonymous_19)
FN:87,(anonymous_20)
FN:88,(anonymous_21)
FN:90,(anonymous_22)
FN:92,(anonymous_23)
FN:95,(anonymous_24)
FN:99,(anonymous_25)
FN:103,(anonymous_26)
FN:105,(anonymous_27)
FN:110,(anonymous_28)
FN:112,(anonymous_29)
FN:117,(anonymous_30)
FN:118,(anonymous_31)
FN:120,(anonymous_32)
FN:122,(anonymous_33)
FN:124,(anonymous_34)
FN:126,(anonymous_35)
FN:134,(anonymous_36)
FN:137,(anonymous_37)
FN:138,(anonymous_38)
FN:142,(anonymous_39)
FN:145,(anonymous_40)
FN:146,(anonymous_41)
FN:156,(anonymous_42)
FN:159,(anonymous_43)
FN:162,(anonymous_44)
FN:165,(anonymous_45)
FN:171,(anonymous_46)
FN:173,(anonymous_47)
FN:174,(anonymous_48)
FN:178,(anonymous_49)
FN:180,(anonymous_50)
FN:181,(anonymous_51)
FN:184,(anonymous_52)
FN:186,(anonymous_53)
FN:187,(anonymous_54)
FN:191,(anonymous_55)
FN:193,(anonymous_56)
FN:194,(anonymous_57)
FNF:58
FNH:28
FNDA:0,(anonymous_0)
FNDA:0,(anonymous_1)
FNDA:0,(anonymous_2)
FNDA:0,(anonymous_3)
FNDA:0,(anonymous_4)
FNDA:6,(anonymous_5)
FNDA:5,(anonymous_6)
FNDA:5,(anonymous_7)
FNDA:5,(anonymous_8)
FNDA:0,(anonymous_9)
FNDA:0,(anonymous_10)
FNDA:1,(anonymous_11)
FNDA:5,(anonymous_12)
FNDA:5,(anonymous_13)
FNDA:0,(anonymous_14)
FNDA:9,(anonymous_15)
FNDA:7,(anonymous_16)
FNDA:7,(anonymous_17)
FNDA:7,(anonymous_18)
FNDA:7,(anonymous_19)
FNDA:7,(anonymous_20)
FNDA:0,(anonymous_21)
FNDA:0,(anonymous_22)
FNDA:0,(anonymous_23)
FNDA:2,(anonymous_24)
FNDA:4,(anonymous_25)
FNDA:1,(anonymous_26)
FNDA:1,(anonymous_27)
FNDA:1,(anonymous_28)
FNDA:1,(anonymous_29)
FNDA:1,(anonymous_30)
FNDA:0,(anonymous_31)
FNDA:0,(anonymous_32)
FNDA:0,(anonymous_33)
FNDA:0,(anonymous_34)
FNDA:3,(anonymous_35)
FNDA:3,(anonymous_36)
FNDA:3,(anonymous_37)
FNDA:0,(anonymous_38)
FNDA:2,(anonymous_39)
FNDA:1,(anonymous_40)
FNDA:1,(anonymous_41)
FNDA:0,(anonymous_42)
FNDA:1,(anonymous_43)
FNDA:0,(anonymous_44)
FNDA:1,(anonymous_45)
FNDA:0,(anonymous_46)
FNDA:0,(anonymous_47)
FNDA:0,(anonymous_48)
FNDA:0,(anonymous_49)
FNDA:0,(anonymous_50)
FNDA:0,(anonymous_51)
FNDA:0,(anonymous_52)
FNDA:0,(anonymous_53)
FNDA:0,(anonymous_54)
FNDA:0,(anonymous_55)
FNDA:0,(anonymous_56)
FNDA:0,(anonymous_57)
DA:1,4
DA:2,4
DA:3,4
DA:4,4
DA:5,4
DA:8,4
DA:9,0
DA:11,0
DA:12,0
DA:14,0
DA:15,0
DA:17,0
DA:18,0
DA:20,0
DA:21,0
DA:23,0
DA:24,0
DA:26,0
DA:27,0
DA:29,0
DA:30,0
DA:31,0
DA:33,0
DA:38,4
DA:39,6
DA:41,5
DA:43,5
DA:44,5
DA:45,5
DA:47,5
DA:49,0
DA:51,0
DA:54,1
DA:62,4
DA:63,5
DA:64,5
DA:65,5
DA:66,0
DA:72,4
DA:73,9
DA:74,9
DA:75,9
DA:76,7
DA:78,7
DA:79,7
DA:80,7
DA:82,7
DA:84,7
DA:85,7
DA:86,7
DA:87,7
DA:88,0
DA:90,0
DA:92,0
DA:95,2
DA:99,4
DA:100,4
DA:101,4
DA:103,4
DA:104,1
DA:106,1
DA:107,1
DA:108,1
DA:109,1
DA:111,1
DA:113,1
DA:114,1
DA:115,1
DA:116,1
DA:117,1
DA:118,0
DA:120,0
DA:122,0
DA:124,0
DA:126,3
DA:134,4
DA:135,3
DA:136,3
DA:137,3
DA:138,0
DA:142,4
DA:144,2
DA:145,2
DA:146,1
DA:147,1
DA:149,1
DA:150,3
DA:151,3
DA:152,3
DA:153,3
DA:155,3
DA:156,0
DA:158,1
DA:160,1
DA:162,0
DA:165,1
DA:171,4
DA:172,0
DA:173,0
DA:174,0
DA:178,4
DA:179,0
DA:180,0
DA:181,0
DA:184,4
DA:185,0
DA:186,0
DA:187,0
DA:191,4
DA:192,0
DA:193,0
DA:194,0
DA:198,4
LF:113
LH:71
BRDA:11,0,0,0
BRDA:11,0,1,0
BRDA:14,1,0,0
BRDA:14,1,1,0
BRDA:17,2,0,0
BRDA:17,2,1,0
BRDA:20,3,0,0
BRDA:20,3,1,0
BRDA:23,4,0,0
BRDA:23,4,1,0
BRDA:26,5,0,0
BRDA:26,5,1,0
BRF:12
BRH:0
end_of_record
TN:
SF:src\routes\student.js
FN:11,(anonymous_0)
FN:13,(anonymous_1)
FN:14,(anonymous_2)
FN:20,(anonymous_3)
FN:22,(anonymous_4)
FN:23,(anonymous_5)
FN:29,(anonymous_6)
FN:31,(anonymous_7)
FN:32,(anonymous_8)
FN:38,(anonymous_9)
FN:40,(anonymous_10)
FN:41,(anonymous_11)
FN:47,(anonymous_12)
FN:49,(anonymous_13)
FN:50,(anonymous_14)
FN:56,(anonymous_15)
FN:57,(anonymous_16)
FN:58,(anonymous_17)
FN:79,(anonymous_18)
FN:92,(anonymous_19)
FN:97,(anonymous_20)
FN:104,(anonymous_21)
FN:105,(anonymous_22)
FN:109,(anonymous_23)
FN:115,(anonymous_24)
FN:117,(anonymous_25)
FN:132,(anonymous_26)
FN:133,(anonymous_27)
FN:135,(anonymous_28)
FN:141,(anonymous_29)
FN:143,(anonymous_30)
FN:144,(anonymous_31)
FNF:32
FNH:18
FNDA:0,(anonymous_0)
FNDA:0,(anonymous_1)
FNDA:0,(anonymous_2)
FNDA:0,(anonymous_3)
FNDA:0,(anonymous_4)
FNDA:0,(anonymous_5)
FNDA:1,(anonymous_6)
FNDA:1,(anonymous_7)
FNDA:0,(anonymous_8)
FNDA:12,(anonymous_9)
FNDA:12,(anonymous_10)
FNDA:0,(anonymous_11)
FNDA:0,(anonymous_12)
FNDA:0,(anonymous_13)
FNDA:0,(anonymous_14)
FNDA:3,(anonymous_15)
FNDA:2,(anonymous_16)
FNDA:2,(anonymous_17)
FNDA:2,(anonymous_18)
FNDA:2,(anonymous_19)
FNDA:2,(anonymous_20)
FNDA:2,(anonymous_21)
FNDA:0,(anonymous_22)
FNDA:1,(anonymous_23)
FNDA:1,(anonymous_24)
FNDA:1,(anonymous_25)
FNDA:1,(anonymous_26)
FNDA:0,(anonymous_27)
FNDA:0,(anonymous_28)
FNDA:13,(anonymous_29)
FNDA:11,(anonymous_30)
FNDA:2,(anonymous_31)
DA:1,4
DA:2,4
DA:3,4
DA:4,4
DA:5,4
DA:6,4
DA:11,4
DA:12,0
DA:13,0
DA:14,0
DA:20,4
DA:21,0
DA:22,0
DA:23,0
DA:29,4
DA:30,1
DA:31,1
DA:32,0
DA:38,4
DA:39,12
DA:40,12
DA:41,0
DA:47,4
DA:48,0
DA:49,0
DA:50,0
DA:56,4
DA:57,3
DA:58,2
DA:61,2
DA:62,1
DA:63,2
DA:64,2
DA:65,1
DA:68,1
DA:69,1
DA:70,1
DA:71,1
DA:73,1
DA:79,2
DA:80,2
DA:81,1
DA:82,1
DA:83,1
DA:84,1
DA:85,1
DA:86,1
DA:87,1
DA:92,2
DA:93,2
DA:94,0
DA:97,2
DA:98,2
DA:99,1
DA:103,2
DA:104,2
DA:105,0
DA:109,1
DA:115,4
DA:116,1
DA:118,1
DA:119,0
DA:121,1
DA:122,1
DA:124,1
DA:125,0
DA:127,1
DA:128,0
DA:131,1
DA:132,1
DA:133,0
DA:135,0
DA:141,4
DA:142,13
DA:143,11
DA:145,2
DA:150,4
LF:77
LH:59
BRDA:61,0,0,1
BRDA:61,0,1,1
BRDA:64,1,0,1
BRDA:64,1,1,1
BRDA:69,2,0,1
BRDA:69,2,1,0
BRDA:80,3,0,1
BRDA:80,3,1,1
BRDA:118,4,0,0
BRDA:118,4,1,1
BRDA:121,5,0,1
BRDA:121,5,1,0
BRDA:124,6,0,0
BRDA:124,6,1,1
BRDA:127,7,0,0
BRDA:127,7,1,1
BRF:16
BRH:11
end_of_record
TN:
SF:src\routes\tokenVerification.js
FN:3,(anonymous_0)
FN:9,(anonymous_1)
FNF:2
FNH:2
FNDA:2,(anonymous_0)
FNDA:1,(anonymous_1)
DA:1,4
DA:3,4
DA:4,2
DA:5,2
DA:7,1
DA:9,1
DA:10,1
DA:12,0
DA:14,1
DA:16,1
DA:22,4
LF:11
LH:10
BRDA:5,0,0,1
BRDA:5,0,1,1
BRDA:10,1,0,0
BRDA:10,1,1,1
BRF:4
BRH:3
end_of_record
TN:
SF:src\validator\eventValidator.js
FN:10,(anonymous_0)
FN:22,(anonymous_1)
FN:23,(anonymous_2)
FN:61,(anonymous_3)
FN:62,(anonymous_4)
FNF:5
FNH:5
FNDA:1,(anonymous_0)
FNDA:1,(anonymous_1)
FNDA:1,(anonymous_2)
FNDA:1,(anonymous_3)
FNDA:1,(anonymous_4)
DA:1,4
DA:3,4
DA:10,4
DA:11,1
DA:23,1
DA:24,1
DA:26,1
DA:27,0
DA:29,1
DA:30,0
DA:32,1
DA:33,0
DA:36,1
DA:37,0
DA:40,1
DA:41,0
DA:43,1
DA:44,0
DA:46,1
DA:47,0
DA:49,1
DA:50,0
DA:52,1
DA:62,1
DA:63,1
DA:64,1
DA:65,0
DA:67,1
DA:68,0
DA:70,1
DA:71,0
DA:73,1
DA:74,0
DA:79,1
DA:80,0
DA:82,1
LF:36
LH:23
BRDA:26,0,0,0
BRDA:26,0,1,1
BRDA:26,1,0,1
BRDA:26,1,1,1
BRDA:29,2,0,0
BRDA:29,2,1,1
BRDA:29,3,0,1
BRDA:29,3,1,1
BRDA:32,4,0,0
BRDA:32,4,1,1
BRDA:32,5,0,1
BRDA:32,5,1,1
BRDA:36,6,0,0
BRDA:36,6,1,1
BRDA:40,7,0,0
BRDA:40,7,1,1
BRDA:43,8,0,0
BRDA:43,8,1,1
BRDA:46,9,0,0
BRDA:46,9,1,1
BRDA:49,10,0,0
BRDA:49,10,1,1
BRDA:64,11,0,0
BRDA:64,11,1,1
BRDA:64,12,0,1
BRDA:64,12,1,1
BRDA:67,13,0,0
BRDA:67,13,1,1
BRDA:67,14,0,1
BRDA:67,14,1,1
BRDA:70,15,0,0
BRDA:70,15,1,1
BRDA:70,16,0,1
BRDA:70,16,1,1
BRDA:73,17,0,0
BRDA:73,17,1,1
BRDA:73,18,0,1
BRDA:73,18,1,1
BRDA:79,19,0,0
BRDA:79,19,1,1
BRF:40
BRH:27
end_of_record
TN:
SF:src\validator\friendValidator.js
FN:13,(anonymous_0)
FN:14,(anonymous_1)
FN:56,(anonymous_2)
FN:57,(anonymous_3)
FN:96,(anonymous_4)
FN:97,(anonymous_5)
FN:135,(anonymous_6)
FN:136,(anonymous_7)
FNF:8
FNH:8
FNDA:6,(anonymous_0)
FNDA:6,(anonymous_1)
FNDA:3,(anonymous_2)
FNDA:3,(anonymous_3)
FNDA:2,(anonymous_4)
FNDA:2,(anonymous_5)
FNDA:4,(anonymous_6)
FNDA:4,(anonymous_7)
DA:1,4
DA:2,4
DA:3,4
DA:4,4
DA:6,4
DA:14,6
DA:15,6
DA:16,6
DA:17,6
DA:18,0
DA:21,6
DA:22,6
DA:23,0
DA:26,6
DA:27,0
DA:30,6
DA:31,6
DA:32,1
DA:35,6
DA:36,5
DA:37,0
DA:39,5
DA:40,1
DA:43,6
DA:44,2
DA:46,6
DA:57,3
DA:59,3
DA:60,3
DA:61,0
DA:64,3
DA:65,3
DA:66,0
DA:69,3
DA:70,0
DA:73,3
DA:74,3
DA:75,0
DA:78,3
DA:79,3
DA:80,1
DA:83,3
DA:84,1
DA:86,3
DA:97,2
DA:99,2
DA:100,2
DA:101,0
DA:104,2
DA:105,2
DA:106,0
DA:109,2
DA:110,0
DA:113,2
DA:114,2
DA:115,0
DA:118,2
DA:119,2
DA:120,1
DA:123,2
DA:124,1
DA:126,2
DA:136,4
DA:138,4
DA:139,4
DA:140,0
DA:143,4
DA:144,4
DA:145,0
DA:148,4
LF:70
LH:56
BRDA:17,0,0,0
BRDA:17,0,1,6
BRDA:17,1,0,6
BRDA:17,1,1,6
BRDA:22,2,0,0
BRDA:22,2,1,6
BRDA:26,3,0,0
BRDA:26,3,1,6
BRDA:26,4,0,6
BRDA:26,4,1,6
BRDA:31,5,0,1
BRDA:31,5,1,5
BRDA:35,6,0,5
BRDA:35,6,1,1
BRDA:35,7,0,6
BRDA:35,7,1,6
BRDA:36,8,0,0
BRDA:36,8,1,5
BRDA:39,9,0,1
BRDA:39,9,1,4
BRDA:43,10,0,2
BRDA:43,10,1,4
BRDA:60,11,0,0
BRDA:60,11,1,3
BRDA:60,12,0,3
BRDA:60,12,1,3
BRDA:65,13,0,0
BRDA:65,13,1,3
BRDA:69,14,0,0
BRDA:69,14,1,3
BRDA:69,15,0,3
BRDA:69,15,1,3
BRDA:74,16,0,0
BRDA:74,16,1,3
BRDA:78,17,0,3
BRDA:78,17,1,0
BRDA:78,18,0,3
BRDA:78,18,1,3
BRDA:79,19,0,1
BRDA:79,19,1,2
BRDA:83,20,0,1
BRDA:83,20,1,2
BRDA:100,21,0,0
BRDA:100,21,1,2
BRDA:100,22,0,2
BRDA:100,22,1,2
BRDA:105,23,0,0
BRDA:105,23,1,2
BRDA:109,24,0,0
BRDA:109,24,1,2
BRDA:109,25,0,2
BRDA:109,25,1,2
BRDA:114,26,0,0
BRDA:114,26,1,2
BRDA:118,27,0,2
BRDA:118,27,1,0
BRDA:118,28,0,2
BRDA:118,28,1,2
BRDA:119,29,0,1
BRDA:119,29,1,1
BRDA:123,30,0,1
BRDA:123,30,1,1
BRDA:139,31,0,0
BRDA:139,31,1,4
BRDA:139,32,0,4
BRDA:139,32,1,4
BRDA:144,33,0,0
BRDA:144,33,1,4
BRF:68
BRH:52
end_of_record
TN:
SF:src\validator\loginValidator.js
FN:10,(anonymous_0)
FN:11,(anonymous_1)
FNF:2
FNH:2
FNDA:3,(anonymous_0)
FNDA:3,(anonymous_1)
DA:1,4
DA:3,4
DA:11,3
DA:12,3
DA:13,3
DA:14,0
DA:16,3
DA:17,1
DA:19,3
DA:20,1
DA:22,3
LF:11
LH:10
BRDA:13,0,0,0
BRDA:13,0,1,3
BRDA:13,1,0,3
BRDA:13,1,1,3
BRDA:16,2,0,1
BRDA:16,2,1,2
BRDA:16,3,0,3
BRDA:16,3,1,2
BRDA:19,4,0,1
BRDA:19,4,1,2
BRF:10
BRH:9
end_of_record
TN:
SF:src\validator\messageValidator.js
FN:12,(anonymous_0)
FN:13,(anonymous_1)
FN:57,(anonymous_2)
FN:58,(anonymous_3)
FN:94,(anonymous_4)
FN:95,(anonymous_5)
FNF:6
FNH:6
FNDA:53,(anonymous_0)
FNDA:53,(anonymous_1)
FNDA:2,(anonymous_2)
FNDA:2,(anonymous_3)
FNDA:2,(anonymous_4)
FNDA:2,(anonymous_5)
DA:1,4
DA:2,4
DA:3,4
DA:5,4
DA:13,53
DA:14,53
DA:15,53
DA:16,53
DA:17,0
DA:20,53
DA:21,53
DA:22,1
DA:25,53
DA:26,0
DA:28,53
DA:29,1
DA:31,53
DA:32,0
DA:35,53
DA:36,53
DA:37,1
DA:41,53
DA:42,1
DA:44,53
DA:45,2
DA:47,53
DA:58,2
DA:59,2
DA:60,2
DA:61,2
DA:62,0
DA:64,2
DA:65,1
DA:69,0
DA:71,2
DA:72,1
DA:73,0
DA:75,1
DA:76,0
DA:80,1
DA:82,2
DA:83,1
DA:85,2
DA:95,2
DA:96,2
DA:97,2
DA:98,2
DA:99,0
DA:101,2
DA:102,1
DA:106,0
DA:108,2
DA:109,1
DA:111,2
LF:54
LH:45
BRDA:16,0,0,0
BRDA:16,0,1,53
BRDA:16,1,0,53
BRDA:16,1,1,53
BRDA:21,2,0,1
BRDA:21,2,1,52
BRDA:25,3,0,0
BRDA:25,3,1,53
BRDA:25,4,0,53
BRDA:25,4,1,53
BRDA:28,5,0,1
BRDA:28,5,1,52
BRDA:31,6,0,0
BRDA:31,6,1,53
BRDA:31,7,0,53
BRDA:31,7,1,53
BRDA:36,8,0,1
BRDA:36,8,1,52
BRDA:41,9,0,1
BRDA:41,9,1,52
BRDA:41,10,0,53
BRDA:41,10,1,52
BRDA:41,10,2,52
BRDA:44,11,0,2
BRDA:44,11,1,51
BRDA:60,12,0,2
BRDA:60,12,1,0
BRDA:61,13,0,0
BRDA:61,13,1,2
BRDA:61,14,0,2
BRDA:61,14,1,2
BRDA:64,15,0,1
BRDA:64,15,1,1
BRDA:71,16,0,1
BRDA:71,16,1,1
BRDA:72,17,0,0
BRDA:72,17,1,1
BRDA:72,18,0,1
BRDA:72,18,1,1
BRDA:75,19,0,0
BRDA:75,19,1,1
BRDA:82,20,0,1
BRDA:82,20,1,1
BRDA:97,21,0,2
BRDA:97,21,1,0
BRDA:98,22,0,0
BRDA:98,22,1,2
BRDA:98,23,0,2
BRDA:98,23,1,2
BRDA:101,24,0,1
BRDA:101,24,1,1
BRDA:108,25,0,1
BRDA:108,25,1,1
BRF:53
BRH:44
end_of_record
TN:
SF:src\validator\roomValidator.js
FN:11,(anonymous_0)
FN:23,(anonymous_1)
FN:24,(anonymous_2)
FN:57,(anonymous_3)
FN:58,(anonymous_4)
FN:93,(anonymous_5)
FN:94,(anonymous_6)
FN:134,(anonymous_7)
FN:135,(anonymous_8)
FN:178,(anonymous_9)
FN:179,(anonymous_10)
FNF:11
FNH:11
FNDA:7,(anonymous_0)
FNDA:6,(anonymous_1)
FNDA:6,(anonymous_2)
FNDA:1,(anonymous_3)
FNDA:1,(anonymous_4)
FNDA:9,(anonymous_5)
FNDA:9,(anonymous_6)
FNDA:4,(anonymous_7)
FNDA:4,(anonymous_8)
FNDA:2,(anonymous_9)
FNDA:2,(anonymous_10)
DA:1,4
DA:2,4
DA:4,4
DA:11,4
DA:12,7
DA:24,6
DA:25,6
DA:26,6
DA:27,0
DA:30,6
DA:31,6
DA:32,1
DA:35,6
DA:36,1
DA:38,6
DA:39,1
DA:41,6
DA:42,1
DA:45,6
DA:46,1
DA:48,6
DA:58,1
DA:59,1
DA:60,1
DA:61,0
DA:64,1
DA:65,0
DA:68,1
DA:69,0
DA:71,1
DA:72,0
DA:74,1
DA:75,0
DA:77,1
DA:78,0
DA:80,1
DA:81,0
DA:83,1
DA:94,9
DA:95,9
DA:96,9
DA:97,9
DA:98,9
DA:99,0
DA:102,9
DA:103,9
DA:104,1
DA:107,9
DA:108,0
DA:111,9
DA:112,9
DA:113,1
DA:116,9
DA:117,8
DA:118,1
DA:121,9
DA:122,2
DA:124,9
DA:135,4
DA:136,4
DA:137,4
DA:138,4
DA:139,4
DA:140,0
DA:143,4
DA:144,4
DA:145,1
DA:148,4
DA:149,0
DA:152,4
DA:153,4
DA:154,1
DA:157,4
DA:158,3
DA:159,1
DA:161,3
DA:162,1
DA:165,4
DA:166,3
DA:168,4
DA:179,2
DA:180,2
DA:181,2
DA:182,2
DA:183,0
DA:186,2
DA:187,2
DA:188,1
DA:191,2
DA:192,1
DA:194,2
LF:91
LH:78
BRDA:26,0,0,0
BRDA:26,0,1,6
BRDA:26,1,0,6
BRDA:26,1,1,6
BRDA:31,2,0,1
BRDA:31,2,1,5
BRDA:35,3,0,1
BRDA:35,3,1,5
BRDA:38,4,0,1
BRDA:38,4,1,5
BRDA:41,5,0,1
BRDA:41,5,1,5
BRDA:45,6,0,1
BRDA:45,6,1,5
BRDA:60,7,0,0
BRDA:60,7,1,1
BRDA:60,8,0,1
BRDA:60,8,1,1
BRDA:64,9,0,0
BRDA:64,9,1,1
BRDA:68,10,0,0
BRDA:68,10,1,1
BRDA:71,11,0,0
BRDA:71,11,1,1
BRDA:74,12,0,0
BRDA:74,12,1,1
BRDA:77,13,0,0
BRDA:77,13,1,1
BRDA:80,14,0,0
BRDA:80,14,1,1
BRDA:98,15,0,0
BRDA:98,15,1,9
BRDA:98,16,0,9
BRDA:98,16,1,9
BRDA:103,17,0,1
BRDA:103,17,1,8
BRDA:107,18,0,0
BRDA:107,18,1,9
BRDA:107,19,0,9
BRDA:107,19,1,9
BRDA:112,20,0,1
BRDA:112,20,1,8
BRDA:116,21,0,8
BRDA:116,21,1,1
BRDA:116,22,0,9
BRDA:116,22,1,8
BRDA:117,23,0,1
BRDA:117,23,1,7
BRDA:121,24,0,2
BRDA:121,24,1,7
BRDA:139,25,0,0
BRDA:139,25,1,4
BRDA:139,26,0,4
BRDA:139,26,1,4
BRDA:144,27,0,1
BRDA:144,27,1,3
BRDA:148,28,0,0
BRDA:148,28,1,4
BRDA:148,29,0,4
BRDA:148,29,1,4
BRDA:153,30,0,1
BRDA:153,30,1,3
BRDA:157,31,0,3
BRDA:157,31,1,1
BRDA:157,32,0,4
BRDA:157,32,1,3
BRDA:158,33,0,1
BRDA:158,33,1,2
BRDA:161,34,0,1
BRDA:161,34,1,2
BRDA:165,35,0,3
BRDA:165,35,1,1
BRDA:182,36,0,0
BRDA:182,36,1,2
BRDA:182,37,0,2
BRDA:182,37,1,2
BRDA:187,38,0,1
BRDA:187,38,1,1
BRDA:191,39,0,1
BRDA:191,39,1,1
BRF:80
BRH:67
end_of_record
TN:
SF:src\validator\studentValidator.js
FN:10,(anonymous_0)
FN:11,(anonymous_1)
FN:51,(anonymous_2)
FN:52,(anonymous_3)
FN:74,(anonymous_4)
FN:75,(anonymous_5)
FNF:6
FNH:6
FNDA:13,(anonymous_0)
FNDA:13,(anonymous_1)
FNDA:1,(anonymous_2)
FNDA:1,(anonymous_3)
FNDA:3,(anonymous_4)
FNDA:3,(anonymous_5)
DA:1,4
DA:3,4
DA:11,13
DA:12,13
DA:13,13
DA:14,0
DA:16,13
DA:17,0
DA:19,13
DA:20,1
DA:22,13
DA:23,0
DA:26,13
DA:27,13
DA:28,13
DA:29,1
DA:31,13
DA:32,13
DA:33,1
DA:36,13
DA:37,2
DA:39,13
DA:52,1
DA:53,1
DA:55,1
DA:56,0
DA:61,1
DA:62,0
DA:64,1
DA:75,3
DA:76,3
DA:77,3
DA:78,3
DA:79,0
DA:82,3
DA:83,3
DA:84,1
DA:87,3
DA:88,1
DA:90,3
LF:40
LH:34
BRDA:13,0,0,0
BRDA:13,0,1,13
BRDA:13,1,0,13
BRDA:13,1,1,13
BRDA:16,2,0,0
BRDA:16,2,1,13
BRDA:16,3,0,13
BRDA:16,3,1,13
BRDA:19,4,0,1
BRDA:19,4,1,12
BRDA:19,5,0,13
BRDA:19,5,1,12
BRDA:22,6,0,0
BRDA:22,6,1,13
BRDA:22,7,0,13
BRDA:22,7,1,1
BRDA:22,7,2,1
BRDA:26,8,0,13
BRDA:26,8,1,0
BRDA:26,9,0,13
BRDA:26,9,1,13
BRDA:28,10,0,1
BRDA:28,10,1,12
BRDA:32,11,0,1
BRDA:32,11,1,12
BRDA:36,12,0,2
BRDA:36,12,1,11
BRDA:55,13,0,0
BRDA:55,13,1,1
BRDA:55,14,0,1
BRDA:55,14,1,0
BRDA:55,14,2,1
BRDA:55,14,3,1
BRDA:61,15,0,0
BRDA:61,15,1,1
BRDA:78,16,0,0
BRDA:78,16,1,3
BRDA:78,17,0,3
BRDA:78,17,1,3
BRDA:83,18,0,1
BRDA:83,18,1,2
BRDA:87,19,0,1
BRDA:87,19,1,2
BRF:43
BRH:35
end_of_record
